{
  "numFailedTestSuites": 4,
  "numFailedTests": 12,
  "numPassedTestSuites": 33,
  "numPassedTests": 34,
  "numPendingTestSuites": 0,
  "numPendingTests": 0,
  "numRuntimeErrorTestSuites": 0,
  "numTodoTests": 0,
  "numTotalTestSuites": 37,
  "numTotalTests": 46,
  "openHandles": [],
  "snapshot": {
    "added": 0,
    "didUpdate": false,
    "failure": true,
    "filesAdded": 0,
    "filesRemoved": 0,
    "filesUnmatched": 2,
    "filesUpdated": 0,
    "matched": 0,
    "total": 5,
    "unchecked": 0,
    "uncheckedKeysByFile": [],
    "unmatched": 5,
    "updated": 0
  },
  "startTime": 1564143830262,
  "success": false,
  "testResults": [
    {
      "console": null,
      "numFailingTests": 0,
      "numPassingTests": 1,
      "numPendingTests": 0,
      "perfStats": {
        "end": 1564143832962,
        "start": 1564143830646
      },
      "snapshot": {
        "added": 0,
        "fileDeleted": false,
        "matched": 0,
        "unchecked": 0,
        "unmatched": 0,
        "updated": 0
      },
      "sourceMaps": {},
      "testExecError": null,
      "testFilePath": "/Users/netanelgilad/Development/deaven/src/prophet/ASTResolvers.ts",
      "testResults": [
        {
          "ancestorTitles": [],
          "duration": 2316,
          "failureMessages": [
            null
          ],
          "numPassingAsserts": 0,
          "status": "passed",
          "title": ""
        }
      ],
      "numTodoTests": 0
    },
    {
      "console": null,
      "numFailingTests": 0,
      "numPassingTests": 1,
      "numPendingTests": 0,
      "perfStats": {
        "end": 1564143833392,
        "start": 1564143833003
      },
      "snapshot": {
        "added": 0,
        "fileDeleted": false,
        "matched": 0,
        "unchecked": 0,
        "unmatched": 0,
        "updated": 0
      },
      "sourceMaps": {},
      "testExecError": null,
      "testFilePath": "/Users/netanelgilad/Development/deaven/src/prophet-tests/evaluateCode.spec.ts",
      "testResults": [
        {
          "ancestorTitles": [],
          "duration": 389,
          "failureMessages": [
            null
          ],
          "numPassingAsserts": 0,
          "status": "passed",
          "title": ""
        }
      ],
      "numTodoTests": 0
    },
    {
      "console": null,
      "numFailingTests": 0,
      "numPassingTests": 1,
      "numPendingTests": 0,
      "perfStats": {
        "end": 1564143833731,
        "start": 1564143833427
      },
      "snapshot": {
        "added": 0,
        "fileDeleted": false,
        "matched": 0,
        "unchecked": 0,
        "unmatched": 0,
        "updated": 0
      },
      "sourceMaps": {},
      "testExecError": null,
      "testFilePath": "/Users/netanelgilad/Development/deaven/src/prophet/operators.ts",
      "testResults": [
        {
          "ancestorTitles": [],
          "duration": 304,
          "failureMessages": [
            null
          ],
          "numPassingAsserts": 0,
          "status": "passed",
          "title": ""
        }
      ],
      "numTodoTests": 0
    },
    {
      "console": null,
      "numFailingTests": 0,
      "numPassingTests": 1,
      "numPendingTests": 0,
      "perfStats": {
        "end": 1564143833958,
        "start": 1564143833763
      },
      "snapshot": {
        "added": 0,
        "fileDeleted": false,
        "matched": 0,
        "unchecked": 0,
        "unmatched": 0,
        "updated": 0
      },
      "sourceMaps": {},
      "testExecError": null,
      "testFilePath": "/Users/netanelgilad/Development/deaven/src/prophet/types.ts",
      "testResults": [
        {
          "ancestorTitles": [],
          "duration": 195,
          "failureMessages": [
            null
          ],
          "numPassingAsserts": 0,
          "status": "passed",
          "title": ""
        }
      ],
      "numTodoTests": 0
    },
    {
      "console": null,
      "numFailingTests": 0,
      "numPassingTests": 1,
      "numPendingTests": 0,
      "perfStats": {
        "end": 1564143834271,
        "start": 1564143833988
      },
      "snapshot": {
        "added": 0,
        "fileDeleted": false,
        "matched": 0,
        "unchecked": 0,
        "unmatched": 0,
        "updated": 0
      },
      "sourceMaps": {},
      "testExecError": null,
      "testFilePath": "/Users/netanelgilad/Development/deaven/src/prophet/Function/Function.ts",
      "testResults": [
        {
          "ancestorTitles": [],
          "duration": 283,
          "failureMessages": [
            null
          ],
          "numPassingAsserts": 0,
          "status": "passed",
          "title": ""
        }
      ],
      "numTodoTests": 0
    },
    {
      "console": null,
      "numFailingTests": 0,
      "numPassingTests": 1,
      "numPendingTests": 0,
      "perfStats": {
        "end": 1564143834784,
        "start": 1564143834334
      },
      "snapshot": {
        "added": 0,
        "fileDeleted": false,
        "matched": 0,
        "unchecked": 0,
        "unmatched": 0,
        "updated": 0
      },
      "sourceMaps": {},
      "testExecError": null,
      "testFilePath": "/Users/netanelgilad/Development/deaven/src/prophet/evaluate.ts",
      "testResults": [
        {
          "ancestorTitles": [],
          "duration": 450,
          "failureMessages": [
            null
          ],
          "numPassingAsserts": 0,
          "status": "passed",
          "title": ""
        }
      ],
      "numTodoTests": 0
    },
    {
      "console": null,
      "numFailingTests": 0,
      "numPassingTests": 1,
      "numPendingTests": 0,
      "perfStats": {
        "end": 1564143835135,
        "start": 1564143834813
      },
      "snapshot": {
        "added": 0,
        "fileDeleted": false,
        "matched": 0,
        "unchecked": 0,
        "unmatched": 0,
        "updated": 0
      },
      "sourceMaps": {},
      "testExecError": null,
      "testFilePath": "/Users/netanelgilad/Development/deaven/src/prophet/node-builtin-modules/vm.ts",
      "testResults": [
        {
          "ancestorTitles": [],
          "duration": 322,
          "failureMessages": [
            null
          ],
          "numPassingAsserts": 0,
          "status": "passed",
          "title": ""
        }
      ],
      "numTodoTests": 0
    },
    {
      "console": null,
      "numFailingTests": 0,
      "numPassingTests": 1,
      "numPendingTests": 0,
      "perfStats": {
        "end": 1564143835413,
        "start": 1564143835169
      },
      "snapshot": {
        "added": 0,
        "fileDeleted": false,
        "matched": 0,
        "unchecked": 0,
        "unmatched": 0,
        "updated": 0
      },
      "sourceMaps": {},
      "testExecError": null,
      "testFilePath": "/Users/netanelgilad/Development/deaven/src/prophet/string/String.ts",
      "testResults": [
        {
          "ancestorTitles": [],
          "duration": 244,
          "failureMessages": [
            null
          ],
          "numPassingAsserts": 0,
          "status": "passed",
          "title": ""
        }
      ],
      "numTodoTests": 0
    },
    {
      "console": null,
      "numFailingTests": 0,
      "numPassingTests": 1,
      "numPendingTests": 0,
      "perfStats": {
        "end": 1564143835632,
        "start": 1564143835436
      },
      "snapshot": {
        "added": 0,
        "fileDeleted": false,
        "matched": 0,
        "unchecked": 0,
        "unmatched": 0,
        "updated": 0
      },
      "sourceMaps": {},
      "testExecError": null,
      "testFilePath": "/Users/netanelgilad/Development/deaven/src/prophet/array/Array.ts",
      "testResults": [
        {
          "ancestorTitles": [],
          "duration": 196,
          "failureMessages": [
            null
          ],
          "numPassingAsserts": 0,
          "status": "passed",
          "title": ""
        }
      ],
      "numTodoTests": 0
    },
    {
      "console": null,
      "numFailingTests": 0,
      "numPassingTests": 1,
      "numPendingTests": 0,
      "perfStats": {
        "end": 1564143835893,
        "start": 1564143835660
      },
      "snapshot": {
        "added": 0,
        "fileDeleted": false,
        "matched": 0,
        "unchecked": 0,
        "unmatched": 0,
        "updated": 0
      },
      "sourceMaps": {},
      "testExecError": null,
      "testFilePath": "/Users/netanelgilad/Development/deaven/src/prophet/boolean/ESBoolean.ts",
      "testResults": [
        {
          "ancestorTitles": [],
          "duration": 233,
          "failureMessages": [
            null
          ],
          "numPassingAsserts": 0,
          "status": "passed",
          "title": ""
        }
      ],
      "numTodoTests": 0
    },
    {
      "console": null,
      "numFailingTests": 0,
      "numPassingTests": 1,
      "numPendingTests": 0,
      "perfStats": {
        "end": 1564143836200,
        "start": 1564143835926
      },
      "snapshot": {
        "added": 0,
        "fileDeleted": false,
        "matched": 0,
        "unchecked": 0,
        "unmatched": 0,
        "updated": 0
      },
      "sourceMaps": {},
      "testExecError": null,
      "testFilePath": "/Users/netanelgilad/Development/deaven/src/prophet-tests/new.spec.ts",
      "testResults": [
        {
          "ancestorTitles": [],
          "duration": 274,
          "failureMessages": [
            null
          ],
          "numPassingAsserts": 0,
          "status": "passed",
          "title": ""
        }
      ],
      "numTodoTests": 0
    },
    {
      "console": null,
      "numFailingTests": 0,
      "numPassingTests": 1,
      "numPendingTests": 0,
      "perfStats": {
        "end": 1564143836462,
        "start": 1564143836231
      },
      "snapshot": {
        "added": 0,
        "fileDeleted": false,
        "matched": 0,
        "unchecked": 0,
        "unmatched": 0,
        "updated": 0
      },
      "sourceMaps": {},
      "testExecError": null,
      "testFilePath": "/Users/netanelgilad/Development/deaven/src/prophet/Object.ts",
      "testResults": [
        {
          "ancestorTitles": [],
          "duration": 231,
          "failureMessages": [
            null
          ],
          "numPassingAsserts": 0,
          "status": "passed",
          "title": ""
        }
      ],
      "numTodoTests": 0
    },
    {
      "console": null,
      "numFailingTests": 0,
      "numPassingTests": 1,
      "numPendingTests": 0,
      "perfStats": {
        "end": 1564143836731,
        "start": 1564143836521
      },
      "snapshot": {
        "added": 0,
        "fileDeleted": false,
        "matched": 0,
        "unchecked": 0,
        "unmatched": 0,
        "updated": 0
      },
      "sourceMaps": {},
      "testExecError": null,
      "testFilePath": "/Users/netanelgilad/Development/deaven/src/prophet/array/join.ts",
      "testResults": [
        {
          "ancestorTitles": [],
          "duration": 210,
          "failureMessages": [
            null
          ],
          "numPassingAsserts": 0,
          "status": "passed",
          "title": ""
        }
      ],
      "numTodoTests": 0
    },
    {
      "console": null,
      "numFailingTests": 0,
      "numPassingTests": 1,
      "numPendingTests": 0,
      "perfStats": {
        "end": 1564143837010,
        "start": 1564143836755
      },
      "snapshot": {
        "added": 0,
        "fileDeleted": false,
        "matched": 0,
        "unchecked": 0,
        "unmatched": 0,
        "updated": 0
      },
      "sourceMaps": {},
      "testExecError": null,
      "testFilePath": "/Users/netanelgilad/Development/deaven/src/prophet/eval/eval.ts",
      "testResults": [
        {
          "ancestorTitles": [],
          "duration": 255,
          "failureMessages": [
            null
          ],
          "numPassingAsserts": 0,
          "status": "passed",
          "title": ""
        }
      ],
      "numTodoTests": 0
    },
    {
      "console": null,
      "numFailingTests": 0,
      "numPassingTests": 1,
      "numPendingTests": 0,
      "perfStats": {
        "end": 1564143837258,
        "start": 1564143837056
      },
      "snapshot": {
        "added": 0,
        "fileDeleted": false,
        "matched": 0,
        "unchecked": 0,
        "unmatched": 0,
        "updated": 0
      },
      "sourceMaps": {},
      "testExecError": null,
      "testFilePath": "/Users/netanelgilad/Development/deaven/src/prophet/execution-context/ExecutionContext.ts",
      "testResults": [
        {
          "ancestorTitles": [],
          "duration": 202,
          "failureMessages": [
            null
          ],
          "numPassingAsserts": 0,
          "status": "passed",
          "title": ""
        }
      ],
      "numTodoTests": 0
    },
    {
      "console": null,
      "numFailingTests": 0,
      "numPassingTests": 1,
      "numPendingTests": 0,
      "perfStats": {
        "end": 1564143837551,
        "start": 1564143837310
      },
      "snapshot": {
        "added": 0,
        "fileDeleted": false,
        "matched": 0,
        "unchecked": 0,
        "unmatched": 0,
        "updated": 0
      },
      "sourceMaps": {},
      "testExecError": null,
      "testFilePath": "/Users/netanelgilad/Development/deaven/src/prophet/error/SyntaxError.ts",
      "testResults": [
        {
          "ancestorTitles": [],
          "duration": 241,
          "failureMessages": [
            null
          ],
          "numPassingAsserts": 0,
          "status": "passed",
          "title": ""
        }
      ],
      "numTodoTests": 0
    },
    {
      "console": null,
      "numFailingTests": 0,
      "numPassingTests": 1,
      "numPendingTests": 0,
      "perfStats": {
        "end": 1564143837906,
        "start": 1564143837591
      },
      "snapshot": {
        "added": 0,
        "fileDeleted": false,
        "matched": 0,
        "unchecked": 0,
        "unmatched": 0,
        "updated": 0
      },
      "sourceMaps": {},
      "testExecError": null,
      "testFilePath": "/Users/netanelgilad/Development/deaven/src/prophet-tests/errors.spec.ts",
      "testResults": [
        {
          "ancestorTitles": [],
          "duration": 315,
          "failureMessages": [
            null
          ],
          "numPassingAsserts": 0,
          "status": "passed",
          "title": ""
        }
      ],
      "numTodoTests": 0
    },
    {
      "console": null,
      "numFailingTests": 0,
      "numPassingTests": 1,
      "numPendingTests": 0,
      "perfStats": {
        "end": 1564143838167,
        "start": 1564143837948
      },
      "snapshot": {
        "added": 0,
        "fileDeleted": false,
        "matched": 0,
        "unchecked": 0,
        "unmatched": 0,
        "updated": 0
      },
      "sourceMaps": {},
      "testExecError": null,
      "testFilePath": "/Users/netanelgilad/Development/deaven/src/prophet/string/split.ts",
      "testResults": [
        {
          "ancestorTitles": [],
          "duration": 219,
          "failureMessages": [
            null
          ],
          "numPassingAsserts": 0,
          "status": "passed",
          "title": ""
        }
      ],
      "numTodoTests": 0
    },
    {
      "console": null,
      "numFailingTests": 0,
      "numPassingTests": 1,
      "numPendingTests": 0,
      "perfStats": {
        "end": 1564143838419,
        "start": 1564143838210
      },
      "snapshot": {
        "added": 0,
        "fileDeleted": false,
        "matched": 0,
        "unchecked": 0,
        "unmatched": 0,
        "updated": 0
      },
      "sourceMaps": {},
      "testExecError": null,
      "testFilePath": "/Users/netanelgilad/Development/deaven/src/prophet/require/require.ts",
      "testResults": [
        {
          "ancestorTitles": [],
          "duration": 209,
          "failureMessages": [
            null
          ],
          "numPassingAsserts": 0,
          "status": "passed",
          "title": ""
        }
      ],
      "numTodoTests": 0
    },
    {
      "console": null,
      "numFailingTests": 0,
      "numPassingTests": 1,
      "numPendingTests": 0,
      "perfStats": {
        "end": 1564143838672,
        "start": 1564143838476
      },
      "snapshot": {
        "added": 0,
        "fileDeleted": false,
        "matched": 0,
        "unchecked": 0,
        "unmatched": 0,
        "updated": 0
      },
      "sourceMaps": {},
      "testExecError": null,
      "testFilePath": "/Users/netanelgilad/Development/deaven/src/prophet/string/substr.ts",
      "testResults": [
        {
          "ancestorTitles": [],
          "duration": 196,
          "failureMessages": [
            null
          ],
          "numPassingAsserts": 0,
          "status": "passed",
          "title": ""
        }
      ],
      "numTodoTests": 0
    },
    {
      "console": null,
      "numFailingTests": 0,
      "numPassingTests": 1,
      "numPendingTests": 0,
      "perfStats": {
        "end": 1564143838927,
        "start": 1564143838734
      },
      "snapshot": {
        "added": 0,
        "fileDeleted": false,
        "matched": 0,
        "unchecked": 0,
        "unmatched": 0,
        "updated": 0
      },
      "sourceMaps": {},
      "testExecError": null,
      "testFilePath": "/Users/netanelgilad/Development/deaven/src/prophet-tests/ternary.spec.ts",
      "testResults": [
        {
          "ancestorTitles": [],
          "duration": 193,
          "failureMessages": [
            null
          ],
          "numPassingAsserts": 0,
          "status": "passed",
          "title": ""
        }
      ],
      "numTodoTests": 0
    },
    {
      "console": null,
      "numFailingTests": 0,
      "numPassingTests": 1,
      "numPendingTests": 0,
      "perfStats": {
        "end": 1564143839171,
        "start": 1564143838990
      },
      "snapshot": {
        "added": 0,
        "fileDeleted": false,
        "matched": 0,
        "unchecked": 0,
        "unmatched": 0,
        "updated": 0
      },
      "sourceMaps": {},
      "testExecError": null,
      "testFilePath": "/Users/netanelgilad/Development/deaven/src/prophet/execution-context/ESInitialGlobal.ts",
      "testResults": [
        {
          "ancestorTitles": [],
          "duration": 181,
          "failureMessages": [
            null
          ],
          "numPassingAsserts": 0,
          "status": "passed",
          "title": ""
        }
      ],
      "numTodoTests": 0
    },
    {
      "console": null,
      "numFailingTests": 0,
      "numPassingTests": 1,
      "numPendingTests": 0,
      "perfStats": {
        "end": 1564143839413,
        "start": 1564143839209
      },
      "snapshot": {
        "added": 0,
        "fileDeleted": false,
        "matched": 0,
        "unchecked": 0,
        "unmatched": 0,
        "updated": 0
      },
      "sourceMaps": {},
      "testExecError": null,
      "testFilePath": "/Users/netanelgilad/Development/deaven/src/prophet/array/reverse.ts",
      "testResults": [
        {
          "ancestorTitles": [],
          "duration": 204,
          "failureMessages": [
            null
          ],
          "numPassingAsserts": 0,
          "status": "passed",
          "title": ""
        }
      ],
      "numTodoTests": 0
    },
    {
      "console": null,
      "numFailingTests": 0,
      "numPassingTests": 1,
      "numPendingTests": 0,
      "perfStats": {
        "end": 1564143839644,
        "start": 1564143839456
      },
      "snapshot": {
        "added": 0,
        "fileDeleted": false,
        "matched": 0,
        "unchecked": 0,
        "unmatched": 0,
        "updated": 0
      },
      "sourceMaps": {},
      "testExecError": null,
      "testFilePath": "/Users/netanelgilad/Development/deaven/src/prophet/math/round.ts",
      "testResults": [
        {
          "ancestorTitles": [],
          "duration": 188,
          "failureMessages": [
            null
          ],
          "numPassingAsserts": 0,
          "status": "passed",
          "title": ""
        }
      ],
      "numTodoTests": 0
    },
    {
      "console": null,
      "numFailingTests": 0,
      "numPassingTests": 1,
      "numPendingTests": 0,
      "perfStats": {
        "end": 1564143839913,
        "start": 1564143839678
      },
      "snapshot": {
        "added": 0,
        "fileDeleted": false,
        "matched": 0,
        "unchecked": 0,
        "unmatched": 0,
        "updated": 0
      },
      "sourceMaps": {},
      "testExecError": null,
      "testFilePath": "/Users/netanelgilad/Development/deaven/src/prophet/execution-context/nodeInitialExecutionContext.ts",
      "testResults": [
        {
          "ancestorTitles": [],
          "duration": 235,
          "failureMessages": [
            null
          ],
          "numPassingAsserts": 0,
          "status": "passed",
          "title": ""
        }
      ],
      "numTodoTests": 0
    },
    {
      "console": null,
      "failureMessage": "'min' implicitly has return type 'any' because it does not have a return type annotation and is referenced directly or indirectly in one of its return expressions.\n\u001b[0m \u001b[90m 2 | \u001b[39m\u001b[0m\n\u001b[0m \u001b[90m 3 | \u001b[39mtest(\u001b[32m\"m/in\"\u001b[39m\u001b[33m,\u001b[39m () \u001b[33m=>\u001b[39m {\u001b[0m\n\u001b[0m\u001b[31m\u001b[1m>\u001b[22m\u001b[39m\u001b[90m 4 | \u001b[39m  \u001b[36mfunction\u001b[39m min(arr\u001b[33m:\u001b[39m any[]) {\u001b[0m\n\u001b[0m \u001b[90m   | \u001b[39m           \u001b[31m\u001b[1m^\u001b[22m\u001b[39m\u001b[31m\u001b[1m^\u001b[22m\u001b[39m\u001b[31m\u001b[1m^\u001b[22m\u001b[39m\u001b[0m\n\u001b[0m \u001b[90m 5 | \u001b[39m    \u001b[36mreturn\u001b[39m arr\u001b[33m.\u001b[39mlength \u001b[33m===\u001b[39m \u001b[35m0\u001b[39m\u001b[0m\n\u001b[0m \u001b[90m 6 | \u001b[39m      \u001b[33m?\u001b[39m undefined\u001b[0m\n\u001b[0m \u001b[90m 7 | \u001b[39m      \u001b[33m:\u001b[39m arr\u001b[33m.\u001b[39mlength \u001b[33m===\u001b[39m \u001b[35m1\u001b[39m\u001b[0m\n\nCannot compile namespaces when the '--isolatedModules' flag is provided.\n\u001b[0m \u001b[90m 1 | \u001b[39m\u001b[90m// /// <reference types=\"jest\" />\u001b[39m\u001b[0m\n\u001b[0m \u001b[90m 2 | \u001b[39m\u001b[0m\n\u001b[0m\u001b[31m\u001b[1m>\u001b[22m\u001b[39m\u001b[90m 3 | \u001b[39mtest(\u001b[32m\"m/in\"\u001b[39m\u001b[33m,\u001b[39m () \u001b[33m=>\u001b[39m {\u001b[0m\n\u001b[0m \u001b[90m   | \u001b[39m\u001b[31m\u001b[1m^\u001b[22m\u001b[39m\u001b[31m\u001b[1m^\u001b[22m\u001b[39m\u001b[31m\u001b[1m^\u001b[22m\u001b[39m\u001b[31m\u001b[1m^\u001b[22m\u001b[39m\u001b[0m\n\u001b[0m \u001b[90m 4 | \u001b[39m  \u001b[36mfunction\u001b[39m min(arr\u001b[33m:\u001b[39m any[]) {\u001b[0m\n\u001b[0m \u001b[90m 5 | \u001b[39m    \u001b[36mreturn\u001b[39m arr\u001b[33m.\u001b[39mlength \u001b[33m===\u001b[39m \u001b[35m0\u001b[39m\u001b[0m\n\u001b[0m \u001b[90m 6 | \u001b[39m      \u001b[33m?\u001b[39m undefined\u001b[0m",
      "numFailingTests": 1,
      "numPassingTests": 0,
      "numPendingTests": 0,
      "perfStats": {
        "end": 1564143840191,
        "start": 1564143839974
      },
      "snapshot": {
        "added": 0,
        "fileDeleted": false,
        "matched": 0,
        "unchecked": 0,
        "unmatched": 0,
        "updated": 0
      },
      "sourceMaps": {},
      "testExecError": null,
      "testFilePath": "/Users/netanelgilad/Development/deaven/src/prophet-tests/logic.spec.ts",
      "testResults": [
        {
          "ancestorTitles": [],
          "duration": 217,
          "failureMessages": [
            null
          ],
          "numPassingAsserts": 0,
          "status": "passed",
          "title": ""
        }
      ],
      "numTodoTests": 0
    },
    {
      "console": null,
      "numFailingTests": 0,
      "numPassingTests": 1,
      "numPendingTests": 0,
      "perfStats": {
        "end": 1564143840452,
        "start": 1564143840235
      },
      "snapshot": {
        "added": 0,
        "fileDeleted": false,
        "matched": 0,
        "unchecked": 0,
        "unmatched": 0,
        "updated": 0
      },
      "sourceMaps": {},
      "testExecError": null,
      "testFilePath": "/Users/netanelgilad/Development/deaven/src/prophet/number/Number.ts",
      "testResults": [
        {
          "ancestorTitles": [],
          "duration": 217,
          "failureMessages": [
            null
          ],
          "numPassingAsserts": 0,
          "status": "passed",
          "title": ""
        }
      ],
      "numTodoTests": 0
    },
    {
      "console": null,
      "numFailingTests": 0,
      "numPassingTests": 1,
      "numPendingTests": 0,
      "perfStats": {
        "end": 1564143840705,
        "start": 1564143840519
      },
      "snapshot": {
        "added": 0,
        "fileDeleted": false,
        "matched": 0,
        "unchecked": 0,
        "unmatched": 0,
        "updated": 0
      },
      "sourceMaps": {},
      "testExecError": null,
      "testFilePath": "/Users/netanelgilad/Development/deaven/src/prophet/window/prompt.ts",
      "testResults": [
        {
          "ancestorTitles": [],
          "duration": 186,
          "failureMessages": [
            null
          ],
          "numPassingAsserts": 0,
          "status": "passed",
          "title": ""
        }
      ],
      "numTodoTests": 0
    },
    {
      "console": null,
      "numFailingTests": 0,
      "numPassingTests": 1,
      "numPendingTests": 0,
      "perfStats": {
        "end": 1564143840978,
        "start": 1564143840779
      },
      "snapshot": {
        "added": 0,
        "fileDeleted": false,
        "matched": 0,
        "unchecked": 0,
        "unmatched": 0,
        "updated": 0
      },
      "sourceMaps": {},
      "testExecError": null,
      "testFilePath": "/Users/netanelgilad/Development/deaven/src/prophet/Object/ObjectConstructor.ts",
      "testResults": [
        {
          "ancestorTitles": [],
          "duration": 199,
          "failureMessages": [
            null
          ],
          "numPassingAsserts": 0,
          "status": "passed",
          "title": ""
        }
      ],
      "numTodoTests": 0
    },
    {
      "console": null,
      "numFailingTests": 0,
      "numPassingTests": 1,
      "numPendingTests": 0,
      "perfStats": {
        "end": 1564143841314,
        "start": 1564143841045
      },
      "snapshot": {
        "added": 0,
        "fileDeleted": false,
        "matched": 0,
        "unchecked": 0,
        "unmatched": 0,
        "updated": 0
      },
      "sourceMaps": {},
      "testExecError": null,
      "testFilePath": "/Users/netanelgilad/Development/deaven/src/prophet/index.ts",
      "testResults": [
        {
          "ancestorTitles": [],
          "duration": 269,
          "failureMessages": [
            null
          ],
          "numPassingAsserts": 0,
          "status": "passed",
          "title": ""
        }
      ],
      "numTodoTests": 0
    },
    {
      "console": null,
      "numFailingTests": 0,
      "numPassingTests": 1,
      "numPendingTests": 0,
      "perfStats": {
        "end": 1564143841575,
        "start": 1564143841392
      },
      "snapshot": {
        "added": 0,
        "fileDeleted": false,
        "matched": 0,
        "unchecked": 0,
        "unmatched": 0,
        "updated": 0
      },
      "sourceMaps": {},
      "testExecError": null,
      "testFilePath": "/Users/netanelgilad/Development/deaven/src/prophet/math/Math.ts",
      "testResults": [
        {
          "ancestorTitles": [],
          "duration": 183,
          "failureMessages": [
            null
          ],
          "numPassingAsserts": 0,
          "status": "passed",
          "title": ""
        }
      ],
      "numTodoTests": 0
    },
    {
      "console": null,
      "numFailingTests": 0,
      "numPassingTests": 1,
      "numPendingTests": 0,
      "perfStats": {
        "end": 1564143841813,
        "start": 1564143841611
      },
      "snapshot": {
        "added": 0,
        "fileDeleted": false,
        "matched": 0,
        "unchecked": 0,
        "unmatched": 0,
        "updated": 0
      },
      "sourceMaps": {},
      "testExecError": null,
      "testFilePath": "/Users/netanelgilad/Development/deaven/src/prophet/node-builtin-modules/NodeBuiltInModules.ts",
      "testResults": [
        {
          "ancestorTitles": [],
          "duration": 202,
          "failureMessages": [
            null
          ],
          "numPassingAsserts": 0,
          "status": "passed",
          "title": ""
        }
      ],
      "numTodoTests": 0
    },
    {
      "console": [],
      "failureMessage": "\u001b[1m\u001b[31m  \u001b[1m● \u001b[1mnew operator › should return the this object with the prototype in place\u001b[39m\u001b[22m\n\n    \u001b[2mexpect(\u001b[22m\u001b[31mvalue\u001b[39m\u001b[2m).toMatchSnapshot()\u001b[22m\n\n    \u001b[31mReceived value\u001b[39m does not match \u001b[32mstored snapshot \"new operator should return the this object with the prototype in place 1\"\u001b[39m.\n\n    \u001b[32m- Snapshot\u001b[39m\n    \u001b[31m+ Received\u001b[39m\n\n    \u001b[2m  Object {\u001b[22m\n    \u001b[32m-   \"properties\": Object {\u001b[39m\n    \u001b[32m-     \"a\": Object {\u001b[39m\n    \u001b[32m-       \"number\": 1,\u001b[39m\n    \u001b[32m-     },\u001b[39m\n    \u001b[32m-     \"foo\": Object {\u001b[39m\n    \u001b[32m-       \"function\": Object {\u001b[39m\n    \u001b[32m-         \"implementation\": [Function],\u001b[39m\n    \u001b[32m-       },\u001b[39m\n    \u001b[32m-       \"properties\": Object {\u001b[39m\n    \u001b[32m-         \"prototype\": Object {\u001b[39m\n    \u001b[32m-           \"properties\": Object {},\u001b[39m\n    \u001b[32m-           \"type\": \"object\",\u001b[39m\n    \u001b[32m-           \"value\": undefined,\u001b[39m\n    \u001b[32m-         },\u001b[39m\n    \u001b[32m-       },\u001b[39m\n    \u001b[32m-     },\u001b[39m\n    \u001b[32m-   },\u001b[39m\n    \u001b[32m-   \"type\": \"object\",\u001b[39m\n    \u001b[32m-   \"value\": Object {\u001b[39m\n    \u001b[32m-     \"a\": Object {\u001b[39m\n    \u001b[32m-       \"number\": 1,\u001b[39m\n    \u001b[32m-     },\u001b[39m\n    \u001b[32m-     \"foo\": Object {\u001b[39m\n    \u001b[32m-       \"function\": Object {\u001b[39m\n    \u001b[32m-         \"implementation\": [Function],\u001b[39m\n    \u001b[32m-       },\u001b[39m\n    \u001b[32m-       \"properties\": Object {\u001b[39m\n    \u001b[32m-         \"prototype\": Object {\u001b[39m\n    \u001b[32m-           \"properties\": Object {},\u001b[39m\n    \u001b[32m-           \"type\": \"object\",\u001b[39m\n    \u001b[32m-           \"value\": undefined,\u001b[39m\n    \u001b[32m-         },\u001b[39m\n    \u001b[32m-       },\u001b[39m\n    \u001b[32m-     },\u001b[39m\n    \u001b[32m-   },\u001b[39m\n    \u001b[31m+   \"type\": \"undefined\",\u001b[39m\n    \u001b[2m  }\u001b[22m\n\u001b[2m\u001b[22m\n\u001b[2m    \u001b[0m \u001b[90m 25 | \u001b[39m        nodeInitialExecutionContext\u001b[0m\u001b[22m\n\u001b[2m    \u001b[0m \u001b[90m 26 | \u001b[39m      )[\u001b[35m0\u001b[39m]\u001b[0m\u001b[22m\n\u001b[2m    \u001b[0m\u001b[31m\u001b[1m>\u001b[2m\u001b[39m\u001b[90m 27 | \u001b[39m    )\u001b[33m.\u001b[39mtoMatchInlineSnapshot(\u001b[32m`\u001b[39m\u001b[0m\u001b[22m\n\u001b[2m    \u001b[0m \u001b[90m    | \u001b[39m      \u001b[31m\u001b[1m^\u001b[2m\u001b[39m\u001b[0m\u001b[22m\n\u001b[2m    \u001b[0m \u001b[90m 28 | \u001b[39m\u001b[32mObject {\u001b[39m\u001b[0m\u001b[22m\n\u001b[2m    \u001b[0m \u001b[90m 29 | \u001b[39m\u001b[32m  \"properties\": Object {\u001b[39m\u001b[0m\u001b[22m\n\u001b[2m    \u001b[0m \u001b[90m 30 | \u001b[39m\u001b[32m    \"a\": Object {\u001b[39m\u001b[0m\u001b[22m\n\u001b[2m\u001b[22m\n\u001b[2m      \u001b[2mat Object.toMatchInlineSnapshot (\u001b[2m\u001b[0m\u001b[36msrc/prophet-tests/new.spec.ts\u001b[39m\u001b[0m\u001b[2m:27:7)\u001b[2m\u001b[22m\n",
      "numFailingTests": 1,
      "numPassingTests": 0,
      "numPendingTests": 0,
      "numTodoTests": 0,
      "perfStats": {
        "end": 1564143849145,
        "start": 1564143843586
      },
      "snapshot": {
        "added": 0,
        "fileDeleted": false,
        "matched": 0,
        "unchecked": 0,
        "unmatched": 1,
        "updated": 0,
        "uncheckedKeys": []
      },
      "testFilePath": "/Users/netanelgilad/Development/deaven/src/prophet-tests/new.spec.ts",
      "testResults": [
        {
          "ancestorTitles": [
            "new operator"
          ],
          "duration": 22,
          "failureMessages": [
            "Error: \u001b[2mexpect(\u001b[22m\u001b[31mvalue\u001b[39m\u001b[2m).toMatchSnapshot()\u001b[22m\n\n\u001b[31mReceived value\u001b[39m does not match \u001b[32mstored snapshot \"new operator should return the this object with the prototype in place 1\"\u001b[39m.\n\n\u001b[32m- Snapshot\u001b[39m\n\u001b[31m+ Received\u001b[39m\n\n\u001b[2m  Object {\u001b[22m\n\u001b[32m-   \"properties\": Object {\u001b[39m\n\u001b[32m-     \"a\": Object {\u001b[39m\n\u001b[32m-       \"number\": 1,\u001b[39m\n\u001b[32m-     },\u001b[39m\n\u001b[32m-     \"foo\": Object {\u001b[39m\n\u001b[32m-       \"function\": Object {\u001b[39m\n\u001b[32m-         \"implementation\": [Function],\u001b[39m\n\u001b[32m-       },\u001b[39m\n\u001b[32m-       \"properties\": Object {\u001b[39m\n\u001b[32m-         \"prototype\": Object {\u001b[39m\n\u001b[32m-           \"properties\": Object {},\u001b[39m\n\u001b[32m-           \"type\": \"object\",\u001b[39m\n\u001b[32m-           \"value\": undefined,\u001b[39m\n\u001b[32m-         },\u001b[39m\n\u001b[32m-       },\u001b[39m\n\u001b[32m-     },\u001b[39m\n\u001b[32m-   },\u001b[39m\n\u001b[32m-   \"type\": \"object\",\u001b[39m\n\u001b[32m-   \"value\": Object {\u001b[39m\n\u001b[32m-     \"a\": Object {\u001b[39m\n\u001b[32m-       \"number\": 1,\u001b[39m\n\u001b[32m-     },\u001b[39m\n\u001b[32m-     \"foo\": Object {\u001b[39m\n\u001b[32m-       \"function\": Object {\u001b[39m\n\u001b[32m-         \"implementation\": [Function],\u001b[39m\n\u001b[32m-       },\u001b[39m\n\u001b[32m-       \"properties\": Object {\u001b[39m\n\u001b[32m-         \"prototype\": Object {\u001b[39m\n\u001b[32m-           \"properties\": Object {},\u001b[39m\n\u001b[32m-           \"type\": \"object\",\u001b[39m\n\u001b[32m-           \"value\": undefined,\u001b[39m\n\u001b[32m-         },\u001b[39m\n\u001b[32m-       },\u001b[39m\n\u001b[32m-     },\u001b[39m\n\u001b[32m-   },\u001b[39m\n\u001b[31m+   \"type\": \"undefined\",\u001b[39m\n\u001b[2m  }\u001b[22m\n    at Object.toMatchInlineSnapshot (/Users/netanelgilad/Development/deaven/src/prophet-tests/new.spec.ts:27:7)\n    at Object.asyncJestTest (/Users/netanelgilad/Development/deaven/node_modules/jest-jasmine2/build/jasmineAsyncInstall.js:102:37)\n    at /Users/netanelgilad/Development/deaven/node_modules/jest-jasmine2/build/queueRunner.js:41:12\n    at new Promise (<anonymous>)\n    at mapper (/Users/netanelgilad/Development/deaven/node_modules/jest-jasmine2/build/queueRunner.js:26:19)\n    at /Users/netanelgilad/Development/deaven/node_modules/jest-jasmine2/build/queueRunner.js:71:41\n    at processTicksAndRejections (internal/process/task_queues.js:89:5)"
          ],
          "fullName": "new operator should return the this object with the prototype in place",
          "location": null,
          "numPassingAsserts": 0,
          "status": "failed",
          "title": "should return the this object with the prototype in place"
        }
      ],
      "sourceMaps": {},
      "skipped": false,
      "displayName": "test",
      "leaks": false
    },
    {
      "console": [],
      "failureMessage": "\u001b[1m\u001b[31m  \u001b[1m● \u001b[1mMath.round › ()\u001b[39m\u001b[22m\n\n    \u001b[2mexpect(\u001b[22m\u001b[31mreceived\u001b[39m\u001b[2m).toBe(\u001b[22m\u001b[32mexpected\u001b[39m\u001b[2m) // Object.is equality\u001b[22m\n\n    Expected: \u001b[32m{}\u001b[39m\n    Received: \u001b[31m{\"type\": \"undefined\"}\u001b[39m\n\n    Difference:\n\n    \u001b[32m- Expected\u001b[39m\n    \u001b[31m+ Received\u001b[39m\n\n    \u001b[32m- Object {}\u001b[39m\n    \u001b[31m+ Object {\u001b[39m\n    \u001b[31m+   \"type\": \"undefined\",\u001b[39m\n    \u001b[31m+ }\u001b[39m\n\u001b[2m\u001b[22m\n\u001b[2m    \u001b[0m \u001b[90m 11 | \u001b[39m    expect(\u001b[0m\u001b[22m\n\u001b[2m    \u001b[0m \u001b[90m 12 | \u001b[39m      evaluateCodeAsExpression(\u001b[32m\"Math.round()\"\u001b[39m\u001b[33m,\u001b[39m nodeInitialExecutionContext)[\u001b[35m0\u001b[39m]\u001b[0m\u001b[22m\n\u001b[2m    \u001b[0m\u001b[31m\u001b[1m>\u001b[2m\u001b[39m\u001b[90m 13 | \u001b[39m    )\u001b[33m.\u001b[39mtoBe(\u001b[33mNotANumber\u001b[39m)\u001b[33m;\u001b[39m\u001b[0m\u001b[22m\n\u001b[2m    \u001b[0m \u001b[90m    | \u001b[39m      \u001b[31m\u001b[1m^\u001b[2m\u001b[39m\u001b[0m\u001b[22m\n\u001b[2m    \u001b[0m \u001b[90m 14 | \u001b[39m  })\u001b[33m;\u001b[39m\u001b[0m\u001b[22m\n\u001b[2m    \u001b[0m \u001b[90m 15 | \u001b[39m\u001b[0m\u001b[22m\n\u001b[2m    \u001b[0m \u001b[90m 16 | \u001b[39m  test(\u001b[32m\"(string)\"\u001b[39m\u001b[33m,\u001b[39m () \u001b[33m=>\u001b[39m {\u001b[0m\u001b[22m\n\u001b[2m\u001b[22m\n\u001b[2m      \u001b[2mat Object.toBe (\u001b[2m\u001b[0m\u001b[36msrc/prophet-tests/evaluateCode.spec.ts\u001b[39m\u001b[0m\u001b[2m:13:7)\u001b[2m\u001b[22m\n\n\u001b[1m\u001b[31m  \u001b[1m● \u001b[1mMath.round › (string)\u001b[39m\u001b[22m\n\n    \u001b[2mexpect(\u001b[22m\u001b[31mreceived\u001b[39m\u001b[2m).toBe(\u001b[22m\u001b[32mexpected\u001b[39m\u001b[2m) // Object.is equality\u001b[22m\n\n    Expected: \u001b[32m{}\u001b[39m\n    Received: \u001b[31m{\"type\": \"undefined\"}\u001b[39m\n\n    Difference:\n\n    \u001b[32m- Expected\u001b[39m\n    \u001b[31m+ Received\u001b[39m\n\n    \u001b[32m- Object {}\u001b[39m\n    \u001b[31m+ Object {\u001b[39m\n    \u001b[31m+   \"type\": \"undefined\",\u001b[39m\n    \u001b[31m+ }\u001b[39m\n\u001b[2m\u001b[22m\n\u001b[2m    \u001b[0m \u001b[90m 20 | \u001b[39m        nodeInitialExecutionContext\u001b[0m\u001b[22m\n\u001b[2m    \u001b[0m \u001b[90m 21 | \u001b[39m      )[\u001b[35m0\u001b[39m]\u001b[0m\u001b[22m\n\u001b[2m    \u001b[0m\u001b[31m\u001b[1m>\u001b[2m\u001b[39m\u001b[90m 22 | \u001b[39m    )\u001b[33m.\u001b[39mtoBe(\u001b[33mNotANumber\u001b[39m)\u001b[33m;\u001b[39m\u001b[0m\u001b[22m\n\u001b[2m    \u001b[0m \u001b[90m    | \u001b[39m      \u001b[31m\u001b[1m^\u001b[2m\u001b[39m\u001b[0m\u001b[22m\n\u001b[2m    \u001b[0m \u001b[90m 23 | \u001b[39m  })\u001b[33m;\u001b[39m\u001b[0m\u001b[22m\n\u001b[2m    \u001b[0m \u001b[90m 24 | \u001b[39m\u001b[0m\u001b[22m\n\u001b[2m    \u001b[0m \u001b[90m 25 | \u001b[39m  test(\u001b[32m\"(number)\"\u001b[39m\u001b[33m,\u001b[39m () \u001b[33m=>\u001b[39m {\u001b[0m\u001b[22m\n\u001b[2m\u001b[22m\n\u001b[2m      \u001b[2mat Object.toBe (\u001b[2m\u001b[0m\u001b[36msrc/prophet-tests/evaluateCode.spec.ts\u001b[39m\u001b[0m\u001b[2m:22:7)\u001b[2m\u001b[22m\n\n\u001b[1m\u001b[31m  \u001b[1m● \u001b[1mMath.round › (number)\u001b[39m\u001b[22m\n\n    \u001b[2mexpect(\u001b[22m\u001b[31mreceived\u001b[39m\u001b[2m).toEqual(\u001b[22m\u001b[32mexpected\u001b[39m\u001b[2m)\u001b[22m\n\n    Difference:\n\n    \u001b[32m- Expected\u001b[39m\n    \u001b[31m+ Received\u001b[39m\n\n    \u001b[2m  Object {\u001b[22m\n    \u001b[32m-   \"number\": 4,\u001b[39m\n    \u001b[31m+   \"type\": \"undefined\",\u001b[39m\n    \u001b[2m  }\u001b[22m\n\u001b[2m\u001b[22m\n\u001b[2m    \u001b[0m \u001b[90m 29 | \u001b[39m        nodeInitialExecutionContext\u001b[0m\u001b[22m\n\u001b[2m    \u001b[0m \u001b[90m 30 | \u001b[39m      )[\u001b[35m0\u001b[39m]\u001b[0m\u001b[22m\n\u001b[2m    \u001b[0m\u001b[31m\u001b[1m>\u001b[2m\u001b[39m\u001b[90m 31 | \u001b[39m    )\u001b[33m.\u001b[39mtoEqual({\u001b[0m\u001b[22m\n\u001b[2m    \u001b[0m \u001b[90m    | \u001b[39m      \u001b[31m\u001b[1m^\u001b[2m\u001b[39m\u001b[0m\u001b[22m\n\u001b[2m    \u001b[0m \u001b[90m 32 | \u001b[39m      number\u001b[33m:\u001b[39m \u001b[35m4\u001b[39m\u001b[0m\u001b[22m\n\u001b[2m    \u001b[0m \u001b[90m 33 | \u001b[39m    })\u001b[33m;\u001b[39m\u001b[0m\u001b[22m\n\u001b[2m    \u001b[0m \u001b[90m 34 | \u001b[39m  })\u001b[33m;\u001b[39m\u001b[0m\u001b[22m\n\u001b[2m\u001b[22m\n\u001b[2m      \u001b[2mat Object.toEqual (\u001b[2m\u001b[0m\u001b[36msrc/prophet-tests/evaluateCode.spec.ts\u001b[39m\u001b[0m\u001b[2m:31:7)\u001b[2m\u001b[22m\n\n\u001b[1m\u001b[31m  \u001b[1m● \u001b[1m4\u001b[39m\u001b[22m\n\n    \u001b[2mexpect(\u001b[22m\u001b[31mvalue\u001b[39m\u001b[2m).toMatchSnapshot()\u001b[22m\n\n    \u001b[31mReceived value\u001b[39m does not match \u001b[32mstored snapshot \"4 1\"\u001b[39m.\n\n    \u001b[32m- Snapshot\u001b[39m\n    \u001b[31m+ Received\u001b[39m\n\n    \u001b[2m  Object {\u001b[22m\n    \u001b[32m-   \"concrete\": undefined,\u001b[39m\n    \u001b[32m-   \"properties\": Object {\u001b[39m\n    \u001b[32m-     \"join\": Object {\u001b[39m\n    \u001b[32m-       \"implementation\": [Function],\u001b[39m\n    \u001b[32m-     },\u001b[39m\n    \u001b[32m-     \"length\": Object {\u001b[39m\n    \u001b[32m-       \"gte\": 5,\u001b[39m\n    \u001b[32m-     },\u001b[39m\n    \u001b[32m-     \"reverse\": Object {\u001b[39m\n    \u001b[32m-       \"implementation\": [Function],\u001b[39m\n    \u001b[32m-     },\u001b[39m\n    \u001b[32m-   },\u001b[39m\n    \u001b[32m-   \"type\": \"array\",\u001b[39m\n    \u001b[32m-   \"value\": Array [\u001b[39m\n    \u001b[32m-     Object {\u001b[39m\n    \u001b[32m-       \"concrete\": undefined,\u001b[39m\n    \u001b[32m-       \"properties\": Object {\u001b[39m\n    \u001b[32m-         \"join\": Object {\u001b[39m\n    \u001b[32m-           \"implementation\": [Function],\u001b[39m\n    \u001b[32m-         },\u001b[39m\n    \u001b[32m-         \"length\": Object {},\u001b[39m\n    \u001b[32m-         \"reverse\": Object {\u001b[39m\n    \u001b[32m-           \"implementation\": [Function],\u001b[39m\n    \u001b[32m-         },\u001b[39m\n    \u001b[32m-       },\u001b[39m\n    \u001b[32m-       \"type\": \"array\",\u001b[39m\n    \u001b[32m-       \"value\": undefined,\u001b[39m\n    \u001b[32m-     },\u001b[39m\n    \u001b[32m-     Object {\u001b[39m\n    \u001b[32m-       \"concrete\": true,\u001b[39m\n    \u001b[32m-       \"properties\": Object {\u001b[39m\n    \u001b[32m-         \"join\": Object {\u001b[39m\n    \u001b[32m-           \"implementation\": [Function],\u001b[39m\n    \u001b[32m-         },\u001b[39m\n    \u001b[32m-         \"length\": Object {\u001b[39m\n    \u001b[32m-           \"number\": 5,\u001b[39m\n    \u001b[32m-         },\u001b[39m\n    \u001b[32m-         \"reverse\": Object {\u001b[39m\n    \u001b[32m-           \"implementation\": [Function],\u001b[39m\n    \u001b[32m-         },\u001b[39m\n    \u001b[32m-       },\u001b[39m\n    \u001b[32m-       \"type\": \"array\",\u001b[39m\n    \u001b[32m-       \"value\": Array [\u001b[39m\n    \u001b[32m-         Object {\u001b[39m\n    \u001b[32m-           \"properties\": Object {\u001b[39m\n    \u001b[32m-             \"length\": Object {\u001b[39m\n    \u001b[32m-               \"number\": 1,\u001b[39m\n    \u001b[32m-             },\u001b[39m\n    \u001b[32m-             \"split\": Object {\u001b[39m\n    \u001b[32m-               \"implementation\": [Function],\u001b[39m\n    \u001b[32m-             },\u001b[39m\n    \u001b[32m-             \"substr\": Object {\u001b[39m\n    \u001b[32m-               \"implementation\": [Function],\u001b[39m\n    \u001b[32m-             },\u001b[39m\n    \u001b[32m-             \"toString\": Object {\u001b[39m\n    \u001b[32m-               \"function\": Object {\u001b[39m\n    \u001b[32m-                 \"implementation\": [Function],\u001b[39m\n    \u001b[32m-               },\u001b[39m\n    \u001b[32m-             },\u001b[39m\n    \u001b[32m-           },\u001b[39m\n    \u001b[32m-           \"type\": \"string\",\u001b[39m\n    \u001b[32m-           \"value\": \"W\",\u001b[39m\n    \u001b[32m-         },\u001b[39m\n    \u001b[32m-         Object {\u001b[39m\n    \u001b[32m-           \"properties\": Object {\u001b[39m\n    \u001b[32m-             \"length\": Object {\u001b[39m\n    \u001b[32m-               \"number\": 1,\u001b[39m\n    \u001b[32m-             },\u001b[39m\n    \u001b[32m-             \"split\": Object {\u001b[39m\n    \u001b[32m-               \"implementation\": [Function],\u001b[39m\n    \u001b[32m-             },\u001b[39m\n    \u001b[32m-             \"substr\": Object {\u001b[39m\n    \u001b[32m-               \"implementation\": [Function],\u001b[39m\n    \u001b[32m-             },\u001b[39m\n    \u001b[32m-             \"toString\": Object {\u001b[39m\n    \u001b[32m-               \"function\": Object {\u001b[39m\n    \u001b[32m-                 \"implementation\": [Function],\u001b[39m\n    \u001b[32m-               },\u001b[39m\n    \u001b[32m-             },\u001b[39m\n    \u001b[32m-           },\u001b[39m\n    \u001b[32m-           \"type\": \"string\",\u001b[39m\n    \u001b[32m-           \"value\": \"o\",\u001b[39m\n    \u001b[32m-         },\u001b[39m\n    \u001b[32m-         Object {\u001b[39m\n    \u001b[32m-           \"properties\": Object {\u001b[39m\n    \u001b[32m-             \"length\": Object {\u001b[39m\n    \u001b[32m-               \"number\": 1,\u001b[39m\n    \u001b[32m-             },\u001b[39m\n    \u001b[32m-             \"split\": Object {\u001b[39m\n    \u001b[32m-               \"implementation\": [Function],\u001b[39m\n    \u001b[32m-             },\u001b[39m\n    \u001b[32m-             \"substr\": Object {\u001b[39m\n    \u001b[32m-               \"implementation\": [Function],\u001b[39m\n    \u001b[32m-             },\u001b[39m\n    \u001b[32m-             \"toString\": Object {\u001b[39m\n    \u001b[32m-               \"function\": Object {\u001b[39m\n    \u001b[32m-                 \"implementation\": [Function],\u001b[39m\n    \u001b[32m-               },\u001b[39m\n    \u001b[32m-             },\u001b[39m\n    \u001b[32m-           },\u001b[39m\n    \u001b[32m-           \"type\": \"string\",\u001b[39m\n    \u001b[32m-           \"value\": \"r\",\u001b[39m\n    \u001b[32m-         },\u001b[39m\n    \u001b[32m-         Object {\u001b[39m\n    \u001b[32m-           \"properties\": Object {\u001b[39m\n    \u001b[32m-             \"length\": Object {\u001b[39m\n    \u001b[32m-               \"number\": 1,\u001b[39m\n    \u001b[32m-             },\u001b[39m\n    \u001b[32m-             \"split\": Object {\u001b[39m\n    \u001b[32m-               \"implementation\": [Function],\u001b[39m\n    \u001b[32m-             },\u001b[39m\n    \u001b[32m-             \"substr\": Object {\u001b[39m\n    \u001b[32m-               \"implementation\": [Function],\u001b[39m\n    \u001b[32m-             },\u001b[39m\n    \u001b[32m-             \"toString\": Object {\u001b[39m\n    \u001b[32m-               \"function\": Object {\u001b[39m\n    \u001b[32m-                 \"implementation\": [Function],\u001b[39m\n    \u001b[32m-               },\u001b[39m\n    \u001b[32m-             },\u001b[39m\n    \u001b[32m-           },\u001b[39m\n    \u001b[32m-           \"type\": \"string\",\u001b[39m\n    \u001b[32m-           \"value\": \"l\",\u001b[39m\n    \u001b[32m-         },\u001b[39m\n    \u001b[32m-         Object {\u001b[39m\n    \u001b[32m-           \"properties\": Object {\u001b[39m\n    \u001b[32m-             \"length\": Object {\u001b[39m\n    \u001b[32m-               \"number\": 1,\u001b[39m\n    \u001b[32m-             },\u001b[39m\n    \u001b[32m-             \"split\": Object {\u001b[39m\n    \u001b[32m-               \"implementation\": [Function],\u001b[39m\n    \u001b[32m-             },\u001b[39m\n    \u001b[32m-             \"substr\": Object {\u001b[39m\n    \u001b[32m-               \"implementation\": [Function],\u001b[39m\n    \u001b[32m-             },\u001b[39m\n    \u001b[32m-             \"toString\": Object {\u001b[39m\n    \u001b[32m-               \"function\": Object {\u001b[39m\n    \u001b[32m-                 \"implementation\": [Function],\u001b[39m\n    \u001b[32m-               },\u001b[39m\n    \u001b[32m-             },\u001b[39m\n    \u001b[32m-           },\u001b[39m\n    \u001b[32m-           \"type\": \"string\",\u001b[39m\n    \u001b[32m-           \"value\": \"d\",\u001b[39m\n    \u001b[32m-         },\u001b[39m\n    \u001b[32m-       ],\u001b[39m\n    \u001b[32m-     },\u001b[39m\n    \u001b[32m-   ],\u001b[39m\n    \u001b[31m+   \"type\": \"undefined\",\u001b[39m\n    \u001b[2m  }\u001b[22m\n\u001b[2m\u001b[22m\n\u001b[2m    \u001b[0m \u001b[90m 41 | \u001b[39m      nodeInitialExecutionContext\u001b[0m\u001b[22m\n\u001b[2m    \u001b[0m \u001b[90m 42 | \u001b[39m    )[\u001b[35m0\u001b[39m]\u001b[0m\u001b[22m\n\u001b[2m    \u001b[0m\u001b[31m\u001b[1m>\u001b[2m\u001b[39m\u001b[90m 43 | \u001b[39m  )\u001b[33m.\u001b[39mtoMatchInlineSnapshot(\u001b[32m`\u001b[39m\u001b[0m\u001b[22m\n\u001b[2m    \u001b[0m \u001b[90m    | \u001b[39m    \u001b[31m\u001b[1m^\u001b[2m\u001b[39m\u001b[0m\u001b[22m\n\u001b[2m    \u001b[0m \u001b[90m 44 | \u001b[39m\u001b[32mObject {\u001b[39m\u001b[0m\u001b[22m\n\u001b[2m    \u001b[0m \u001b[90m 45 | \u001b[39m\u001b[32m  \"concrete\": undefined,\u001b[39m\u001b[0m\u001b[22m\n\u001b[2m    \u001b[0m \u001b[90m 46 | \u001b[39m\u001b[32m  \"properties\": Object {\u001b[39m\u001b[0m\u001b[22m\n\u001b[2m\u001b[22m\n\u001b[2m      \u001b[2mat Object.toMatchInlineSnapshot (\u001b[2m\u001b[0m\u001b[36msrc/prophet-tests/evaluateCode.spec.ts\u001b[39m\u001b[0m\u001b[2m:43:5)\u001b[2m\u001b[22m\n\n\u001b[1m\u001b[31m  \u001b[1m● \u001b[1m5\u001b[39m\u001b[22m\n\n    \u001b[2mexpect(\u001b[22m\u001b[31mvalue\u001b[39m\u001b[2m).toMatchSnapshot()\u001b[22m\n\n    \u001b[31mReceived value\u001b[39m does not match \u001b[32mstored snapshot \"5 1\"\u001b[39m.\n\n    \u001b[32m- Snapshot\u001b[39m\n    \u001b[31m+ Received\u001b[39m\n\n    \u001b[2m  Object {\u001b[22m\n    \u001b[32m-   \"concrete\": undefined,\u001b[39m\n    \u001b[32m-   \"properties\": Object {\u001b[39m\n    \u001b[32m-     \"join\": Object {\u001b[39m\n    \u001b[32m-       \"implementation\": [Function],\u001b[39m\n    \u001b[32m-     },\u001b[39m\n    \u001b[32m-     \"length\": Object {\u001b[39m\n    \u001b[32m-       \"gte\": 5,\u001b[39m\n    \u001b[32m-     },\u001b[39m\n    \u001b[32m-     \"reverse\": Object {\u001b[39m\n    \u001b[32m-       \"implementation\": [Function],\u001b[39m\n    \u001b[32m-     },\u001b[39m\n    \u001b[32m-   },\u001b[39m\n    \u001b[32m-   \"type\": \"array\",\u001b[39m\n    \u001b[32m-   \"value\": Array [\u001b[39m\n    \u001b[32m-     Object {\u001b[39m\n    \u001b[32m-       \"concrete\": true,\u001b[39m\n    \u001b[32m-       \"properties\": Object {\u001b[39m\n    \u001b[32m-         \"join\": Object {\u001b[39m\n    \u001b[32m-           \"implementation\": [Function],\u001b[39m\n    \u001b[32m-         },\u001b[39m\n    \u001b[32m-         \"length\": Object {\u001b[39m\n    \u001b[32m-           \"number\": 5,\u001b[39m\n    \u001b[32m-         },\u001b[39m\n    \u001b[32m-         \"reverse\": Object {\u001b[39m\n    \u001b[32m-           \"implementation\": [Function],\u001b[39m\n    \u001b[32m-         },\u001b[39m\n    \u001b[32m-       },\u001b[39m\n    \u001b[32m-       \"type\": \"array\",\u001b[39m\n    \u001b[32m-       \"value\": Array [\u001b[39m\n    \u001b[32m-         Object {\u001b[39m\n    \u001b[32m-           \"properties\": Object {\u001b[39m\n    \u001b[32m-             \"length\": Object {\u001b[39m\n    \u001b[32m-               \"number\": 1,\u001b[39m\n    \u001b[32m-             },\u001b[39m\n    \u001b[32m-             \"split\": Object {\u001b[39m\n    \u001b[32m-               \"implementation\": [Function],\u001b[39m\n    \u001b[32m-             },\u001b[39m\n    \u001b[32m-             \"substr\": Object {\u001b[39m\n    \u001b[32m-               \"implementation\": [Function],\u001b[39m\n    \u001b[32m-             },\u001b[39m\n    \u001b[32m-             \"toString\": Object {\u001b[39m\n    \u001b[32m-               \"function\": Object {\u001b[39m\n    \u001b[32m-                 \"implementation\": [Function],\u001b[39m\n    \u001b[32m-               },\u001b[39m\n    \u001b[32m-             },\u001b[39m\n    \u001b[32m-           },\u001b[39m\n    \u001b[32m-           \"type\": \"string\",\u001b[39m\n    \u001b[32m-           \"value\": \"d\",\u001b[39m\n    \u001b[32m-         },\u001b[39m\n    \u001b[32m-         Object {\u001b[39m\n    \u001b[32m-           \"properties\": Object {\u001b[39m\n    \u001b[32m-             \"length\": Object {\u001b[39m\n    \u001b[32m-               \"number\": 1,\u001b[39m\n    \u001b[32m-             },\u001b[39m\n    \u001b[32m-             \"split\": Object {\u001b[39m\n    \u001b[32m-               \"implementation\": [Function],\u001b[39m\n    \u001b[32m-             },\u001b[39m\n    \u001b[32m-             \"substr\": Object {\u001b[39m\n    \u001b[32m-               \"implementation\": [Function],\u001b[39m\n    \u001b[32m-             },\u001b[39m\n    \u001b[32m-             \"toString\": Object {\u001b[39m\n    \u001b[32m-               \"function\": Object {\u001b[39m\n    \u001b[32m-                 \"implementation\": [Function],\u001b[39m\n    \u001b[32m-               },\u001b[39m\n    \u001b[32m-             },\u001b[39m\n    \u001b[32m-           },\u001b[39m\n    \u001b[32m-           \"type\": \"string\",\u001b[39m\n    \u001b[32m-           \"value\": \"l\",\u001b[39m\n    \u001b[32m-         },\u001b[39m\n    \u001b[32m-         Object {\u001b[39m\n    \u001b[32m-           \"properties\": Object {\u001b[39m\n    \u001b[32m-             \"length\": Object {\u001b[39m\n    \u001b[32m-               \"number\": 1,\u001b[39m\n    \u001b[32m-             },\u001b[39m\n    \u001b[32m-             \"split\": Object {\u001b[39m\n    \u001b[32m-               \"implementation\": [Function],\u001b[39m\n    \u001b[32m-             },\u001b[39m\n    \u001b[32m-             \"substr\": Object {\u001b[39m\n    \u001b[32m-               \"implementation\": [Function],\u001b[39m\n    \u001b[32m-             },\u001b[39m\n    \u001b[32m-             \"toString\": Object {\u001b[39m\n    \u001b[32m-               \"function\": Object {\u001b[39m\n    \u001b[32m-                 \"implementation\": [Function],\u001b[39m\n    \u001b[32m-               },\u001b[39m\n    \u001b[32m-             },\u001b[39m\n    \u001b[32m-           },\u001b[39m\n    \u001b[32m-           \"type\": \"string\",\u001b[39m\n    \u001b[32m-           \"value\": \"r\",\u001b[39m\n    \u001b[32m-         },\u001b[39m\n    \u001b[32m-         Object {\u001b[39m\n    \u001b[32m-           \"properties\": Object {\u001b[39m\n    \u001b[32m-             \"length\": Object {\u001b[39m\n    \u001b[32m-               \"number\": 1,\u001b[39m\n    \u001b[32m-             },\u001b[39m\n    \u001b[32m-             \"split\": Object {\u001b[39m\n    \u001b[32m-               \"implementation\": [Function],\u001b[39m\n    \u001b[32m-             },\u001b[39m\n    \u001b[32m-             \"substr\": Object {\u001b[39m\n    \u001b[32m-               \"implementation\": [Function],\u001b[39m\n    \u001b[32m-             },\u001b[39m\n    \u001b[32m-             \"toString\": Object {\u001b[39m\n    \u001b[32m-               \"function\": Object {\u001b[39m\n    \u001b[32m-                 \"implementation\": [Function],\u001b[39m\n    \u001b[32m-               },\u001b[39m\n    \u001b[32m-             },\u001b[39m\n    \u001b[32m-           },\u001b[39m\n    \u001b[32m-           \"type\": \"string\",\u001b[39m\n    \u001b[32m-           \"value\": \"o\",\u001b[39m\n    \u001b[32m-         },\u001b[39m\n    \u001b[32m-         Object {\u001b[39m\n    \u001b[32m-           \"properties\": Object {\u001b[39m\n    \u001b[32m-             \"length\": Object {\u001b[39m\n    \u001b[32m-               \"number\": 1,\u001b[39m\n    \u001b[32m-             },\u001b[39m\n    \u001b[32m-             \"split\": Object {\u001b[39m\n    \u001b[32m-               \"implementation\": [Function],\u001b[39m\n    \u001b[32m-             },\u001b[39m\n    \u001b[32m-             \"substr\": Object {\u001b[39m\n    \u001b[32m-               \"implementation\": [Function],\u001b[39m\n    \u001b[32m-             },\u001b[39m\n    \u001b[32m-             \"toString\": Object {\u001b[39m\n    \u001b[32m-               \"function\": Object {\u001b[39m\n    \u001b[32m-                 \"implementation\": [Function],\u001b[39m\n    \u001b[32m-               },\u001b[39m\n    \u001b[32m-             },\u001b[39m\n    \u001b[32m-           },\u001b[39m\n    \u001b[32m-           \"type\": \"string\",\u001b[39m\n    \u001b[32m-           \"value\": \"W\",\u001b[39m\n    \u001b[32m-         },\u001b[39m\n    \u001b[32m-       ],\u001b[39m\n    \u001b[32m-     },\u001b[39m\n    \u001b[32m-     Object {\u001b[39m\n    \u001b[32m-       \"concrete\": undefined,\u001b[39m\n    \u001b[32m-       \"properties\": Object {\u001b[39m\n    \u001b[32m-         \"join\": Object {\u001b[39m\n    \u001b[32m-           \"implementation\": [Function],\u001b[39m\n    \u001b[32m-         },\u001b[39m\n    \u001b[32m-         \"length\": Object {},\u001b[39m\n    \u001b[32m-         \"reverse\": Object {\u001b[39m\n    \u001b[32m-           \"implementation\": [Function],\u001b[39m\n    \u001b[32m-         },\u001b[39m\n    \u001b[32m-       },\u001b[39m\n    \u001b[32m-       \"type\": \"array\",\u001b[39m\n    \u001b[32m-       \"value\": undefined,\u001b[39m\n    \u001b[32m-     },\u001b[39m\n    \u001b[32m-   ],\u001b[39m\n    \u001b[31m+   \"type\": \"undefined\",\u001b[39m\n    \u001b[2m  }\u001b[22m\n\u001b[2m\u001b[22m\n\u001b[2m    \u001b[0m \u001b[90m 199 | \u001b[39m      nodeInitialExecutionContext\u001b[0m\u001b[22m\n\u001b[2m    \u001b[0m \u001b[90m 200 | \u001b[39m    )[\u001b[35m0\u001b[39m]\u001b[0m\u001b[22m\n\u001b[2m    \u001b[0m\u001b[31m\u001b[1m>\u001b[2m\u001b[39m\u001b[90m 201 | \u001b[39m  )\u001b[33m.\u001b[39mtoMatchInlineSnapshot(\u001b[32m`\u001b[39m\u001b[0m\u001b[22m\n\u001b[2m    \u001b[0m \u001b[90m     | \u001b[39m    \u001b[31m\u001b[1m^\u001b[2m\u001b[39m\u001b[0m\u001b[22m\n\u001b[2m    \u001b[0m \u001b[90m 202 | \u001b[39m\u001b[32mObject {\u001b[39m\u001b[0m\u001b[22m\n\u001b[2m    \u001b[0m \u001b[90m 203 | \u001b[39m\u001b[32m  \"concrete\": undefined,\u001b[39m\u001b[0m\u001b[22m\n\u001b[2m    \u001b[0m \u001b[90m 204 | \u001b[39m\u001b[32m  \"properties\": Object {\u001b[39m\u001b[0m\u001b[22m\n\u001b[2m\u001b[22m\n\u001b[2m      \u001b[2mat Object.toMatchInlineSnapshot (\u001b[2m\u001b[0m\u001b[36msrc/prophet-tests/evaluateCode.spec.ts\u001b[39m\u001b[0m\u001b[2m:201:5)\u001b[2m\u001b[22m\n\n\u001b[1m\u001b[31m  \u001b[1m● \u001b[1m6\u001b[39m\u001b[22m\n\n    \u001b[2mexpect(\u001b[22m\u001b[31mvalue\u001b[39m\u001b[2m).toMatchSnapshot()\u001b[22m\n\n    \u001b[31mReceived value\u001b[39m does not match \u001b[32mstored snapshot \"6 1\"\u001b[39m.\n\n    \u001b[32m- Snapshot\u001b[39m\n    \u001b[31m+ Received\u001b[39m\n\n    \u001b[2m  Object {\u001b[22m\n    \u001b[32m-   \"properties\": Object {\u001b[39m\n    \u001b[32m-     \"length\": Object {\u001b[39m\n    \u001b[32m-       \"gte\": 5,\u001b[39m\n    \u001b[32m-     },\u001b[39m\n    \u001b[32m-     \"split\": Object {\u001b[39m\n    \u001b[32m-       \"implementation\": [Function],\u001b[39m\n    \u001b[32m-     },\u001b[39m\n    \u001b[32m-     \"substr\": Object {\u001b[39m\n    \u001b[32m-       \"implementation\": [Function],\u001b[39m\n    \u001b[32m-     },\u001b[39m\n    \u001b[32m-     \"toString\": Object {\u001b[39m\n    \u001b[32m-       \"function\": Object {\u001b[39m\n    \u001b[32m-         \"implementation\": [Function],\u001b[39m\n    \u001b[32m-       },\u001b[39m\n    \u001b[32m-     },\u001b[39m\n    \u001b[32m-   },\u001b[39m\n    \u001b[32m-   \"type\": \"string\",\u001b[39m\n    \u001b[32m-   \"value\": Array [\u001b[39m\n    \u001b[32m-     Object {\u001b[39m\n    \u001b[32m-       \"properties\": Object {\u001b[39m\n    \u001b[32m-         \"length\": Object {},\u001b[39m\n    \u001b[32m-         \"split\": Object {\u001b[39m\n    \u001b[32m-           \"implementation\": [Function],\u001b[39m\n    \u001b[32m-         },\u001b[39m\n    \u001b[32m-         \"substr\": Object {\u001b[39m\n    \u001b[32m-           \"implementation\": [Function],\u001b[39m\n    \u001b[32m-         },\u001b[39m\n    \u001b[32m-         \"toString\": Object {\u001b[39m\n    \u001b[32m-           \"function\": Object {\u001b[39m\n    \u001b[32m-             \"implementation\": [Function],\u001b[39m\n    \u001b[32m-           },\u001b[39m\n    \u001b[32m-         },\u001b[39m\n    \u001b[32m-       },\u001b[39m\n    \u001b[32m-       \"type\": \"string\",\u001b[39m\n    \u001b[32m-       \"value\": \"dlroW\",\u001b[39m\n    \u001b[32m-     },\u001b[39m\n    \u001b[32m-     Object {\u001b[39m\n    \u001b[32m-       \"properties\": Object {\u001b[39m\n    \u001b[32m-         \"length\": Object {},\u001b[39m\n    \u001b[32m-         \"split\": Object {\u001b[39m\n    \u001b[32m-           \"implementation\": [Function],\u001b[39m\n    \u001b[32m-         },\u001b[39m\n    \u001b[32m-         \"substr\": Object {\u001b[39m\n    \u001b[32m-           \"implementation\": [Function],\u001b[39m\n    \u001b[32m-         },\u001b[39m\n    \u001b[32m-         \"toString\": Object {\u001b[39m\n    \u001b[32m-           \"function\": Object {\u001b[39m\n    \u001b[32m-             \"implementation\": [Function],\u001b[39m\n    \u001b[32m-           },\u001b[39m\n    \u001b[32m-         },\u001b[39m\n    \u001b[32m-       },\u001b[39m\n    \u001b[32m-       \"type\": \"string\",\u001b[39m\n    \u001b[32m-       \"value\": undefined,\u001b[39m\n    \u001b[32m-     },\u001b[39m\n    \u001b[32m-   ],\u001b[39m\n    \u001b[31m+   \"type\": \"undefined\",\u001b[39m\n    \u001b[2m  }\u001b[22m\n\u001b[2m\u001b[22m\n\u001b[2m    \u001b[0m \u001b[90m 357 | \u001b[39m      nodeInitialExecutionContext\u001b[0m\u001b[22m\n\u001b[2m    \u001b[0m \u001b[90m 358 | \u001b[39m    )[\u001b[35m0\u001b[39m]\u001b[0m\u001b[22m\n\u001b[2m    \u001b[0m\u001b[31m\u001b[1m>\u001b[2m\u001b[39m\u001b[90m 359 | \u001b[39m  )\u001b[33m.\u001b[39mtoMatchInlineSnapshot(\u001b[32m`\u001b[39m\u001b[0m\u001b[22m\n\u001b[2m    \u001b[0m \u001b[90m     | \u001b[39m    \u001b[31m\u001b[1m^\u001b[2m\u001b[39m\u001b[0m\u001b[22m\n\u001b[2m    \u001b[0m \u001b[90m 360 | \u001b[39m\u001b[32mObject {\u001b[39m\u001b[0m\u001b[22m\n\u001b[2m    \u001b[0m \u001b[90m 361 | \u001b[39m\u001b[32m  \"properties\": Object {\u001b[39m\u001b[0m\u001b[22m\n\u001b[2m    \u001b[0m \u001b[90m 362 | \u001b[39m\u001b[32m    \"length\": Object {\u001b[39m\u001b[0m\u001b[22m\n\u001b[2m\u001b[22m\n\u001b[2m      \u001b[2mat Object.toMatchInlineSnapshot (\u001b[2m\u001b[0m\u001b[36msrc/prophet-tests/evaluateCode.spec.ts\u001b[39m\u001b[0m\u001b[2m:359:5)\u001b[2m\u001b[22m\n\n\u001b[1m\u001b[31m  \u001b[1m● \u001b[1m3\u001b[39m\u001b[22m\n\n    \u001b[2mexpect(\u001b[22m\u001b[31mvalue\u001b[39m\u001b[2m).toMatchSnapshot()\u001b[22m\n\n    \u001b[31mReceived value\u001b[39m does not match \u001b[32mstored snapshot \"3 1\"\u001b[39m.\n\n    \u001b[32m- Snapshot\u001b[39m\n    \u001b[31m+ Received\u001b[39m\n\n    \u001b[2m  Object {\u001b[22m\n    \u001b[32m-   \"properties\": Object {\u001b[39m\n    \u001b[32m-     \"length\": Object {\u001b[39m\n    \u001b[32m-       \"number\": 2,\u001b[39m\n    \u001b[32m-     },\u001b[39m\n    \u001b[32m-     \"split\": Object {\u001b[39m\n    \u001b[32m-       \"implementation\": [Function],\u001b[39m\n    \u001b[32m-     },\u001b[39m\n    \u001b[32m-     \"substr\": Object {\u001b[39m\n    \u001b[32m-       \"implementation\": [Function],\u001b[39m\n    \u001b[32m-     },\u001b[39m\n    \u001b[32m-     \"toString\": Object {\u001b[39m\n    \u001b[32m-       \"function\": Object {\u001b[39m\n    \u001b[32m-         \"implementation\": [Function],\u001b[39m\n    \u001b[32m-       },\u001b[39m\n    \u001b[32m-     },\u001b[39m\n    \u001b[32m-   },\u001b[39m\n    \u001b[32m-   \"type\": \"string\",\u001b[39m\n    \u001b[32m-   \"value\": \"dl\",\u001b[39m\n    \u001b[31m+   \"type\": \"undefined\",\u001b[39m\n    \u001b[2m  }\u001b[22m\n\u001b[2m\u001b[22m\n\u001b[2m    \u001b[0m \u001b[90m 424 | \u001b[39m      nodeInitialExecutionContext\u001b[0m\u001b[22m\n\u001b[2m    \u001b[0m \u001b[90m 425 | \u001b[39m    )[\u001b[35m0\u001b[39m]\u001b[0m\u001b[22m\n\u001b[2m    \u001b[0m\u001b[31m\u001b[1m>\u001b[2m\u001b[39m\u001b[90m 426 | \u001b[39m  )\u001b[33m.\u001b[39mtoMatchInlineSnapshot(\u001b[32m`\u001b[39m\u001b[0m\u001b[22m\n\u001b[2m    \u001b[0m \u001b[90m     | \u001b[39m    \u001b[31m\u001b[1m^\u001b[2m\u001b[39m\u001b[0m\u001b[22m\n\u001b[2m    \u001b[0m \u001b[90m 427 | \u001b[39m\u001b[32mObject {\u001b[39m\u001b[0m\u001b[22m\n\u001b[2m    \u001b[0m \u001b[90m 428 | \u001b[39m\u001b[32m  \"properties\": Object {\u001b[39m\u001b[0m\u001b[22m\n\u001b[2m    \u001b[0m \u001b[90m 429 | \u001b[39m\u001b[32m    \"length\": Object {\u001b[39m\u001b[0m\u001b[22m\n\u001b[2m\u001b[22m\n\u001b[2m      \u001b[2mat Object.toMatchInlineSnapshot (\u001b[2m\u001b[0m\u001b[36msrc/prophet-tests/evaluateCode.spec.ts\u001b[39m\u001b[0m\u001b[2m:426:5)\u001b[2m\u001b[22m\n\n\u001b[1m\u001b[31m  \u001b[1m● \u001b[1m.length › (prompt() + \"World\").split(\"\")\u001b[39m\u001b[22m\n\n    \u001b[2mexpect(\u001b[22m\u001b[31mreceived\u001b[39m\u001b[2m).toEqual(\u001b[22m\u001b[32mexpected\u001b[39m\u001b[2m)\u001b[22m\n\n    Difference:\n\n    \u001b[32m- Expected\u001b[39m\n    \u001b[31m+ Received\u001b[39m\n\n    \u001b[2m  Object {\u001b[22m\n    \u001b[32m-   \"gte\": 5,\u001b[39m\n    \u001b[31m+   \"type\": \"undefined\",\u001b[39m\n    \u001b[2m  }\u001b[22m\n\u001b[2m\u001b[22m\n\u001b[2m    \u001b[0m \u001b[90m 455 | \u001b[39m        nodeInitialExecutionContext\u001b[0m\u001b[22m\n\u001b[2m    \u001b[0m \u001b[90m 456 | \u001b[39m      )[\u001b[35m0\u001b[39m]\u001b[0m\u001b[22m\n\u001b[2m    \u001b[0m\u001b[31m\u001b[1m>\u001b[2m\u001b[39m\u001b[90m 457 | \u001b[39m    )\u001b[33m.\u001b[39mtoEqual({\u001b[0m\u001b[22m\n\u001b[2m    \u001b[0m \u001b[90m     | \u001b[39m      \u001b[31m\u001b[1m^\u001b[2m\u001b[39m\u001b[0m\u001b[22m\n\u001b[2m    \u001b[0m \u001b[90m 458 | \u001b[39m      gte\u001b[33m:\u001b[39m \u001b[35m5\u001b[39m\u001b[0m\u001b[22m\n\u001b[2m    \u001b[0m \u001b[90m 459 | \u001b[39m    })\u001b[33m;\u001b[39m\u001b[0m\u001b[22m\n\u001b[2m    \u001b[0m \u001b[90m 460 | \u001b[39m  })\u001b[33m;\u001b[39m\u001b[0m\u001b[22m\n\u001b[2m\u001b[22m\n\u001b[2m      \u001b[2mat Object.toEqual (\u001b[2m\u001b[0m\u001b[36msrc/prophet-tests/evaluateCode.spec.ts\u001b[39m\u001b[0m\u001b[2m:457:7)\u001b[2m\u001b[22m\n\n\u001b[1m\u001b[31m  \u001b[1m● \u001b[1m> › (greaterThanEquals, number)\u001b[39m\u001b[22m\n\n    \u001b[2mexpect(\u001b[22m\u001b[31mreceived\u001b[39m\u001b[2m).toEqual(\u001b[22m\u001b[32mexpected\u001b[39m\u001b[2m)\u001b[22m\n\n    Expected: \u001b[32mtrue\u001b[39m\n    Received: \u001b[31m{\"type\": \"undefined\"}\u001b[39m\n\u001b[2m\u001b[22m\n\u001b[2m    \u001b[0m \u001b[90m 468 | \u001b[39m        nodeInitialExecutionContext\u001b[0m\u001b[22m\n\u001b[2m    \u001b[0m \u001b[90m 469 | \u001b[39m      )[\u001b[35m0\u001b[39m]\u001b[0m\u001b[22m\n\u001b[2m    \u001b[0m\u001b[31m\u001b[1m>\u001b[2m\u001b[39m\u001b[90m 470 | \u001b[39m    )\u001b[33m.\u001b[39mtoEqual(\u001b[36mtrue\u001b[39m)\u001b[33m;\u001b[39m\u001b[0m\u001b[22m\n\u001b[2m    \u001b[0m \u001b[90m     | \u001b[39m      \u001b[31m\u001b[1m^\u001b[2m\u001b[39m\u001b[0m\u001b[22m\n\u001b[2m    \u001b[0m \u001b[90m 471 | \u001b[39m  })\u001b[33m;\u001b[39m\u001b[0m\u001b[22m\n\u001b[2m    \u001b[0m \u001b[90m 472 | \u001b[39m})\u001b[33m;\u001b[39m\u001b[0m\u001b[22m\n\u001b[2m    \u001b[0m \u001b[90m 473 | \u001b[39m\u001b[0m\u001b[22m\n\u001b[2m\u001b[22m\n\u001b[2m      \u001b[2mat Object.toEqual (\u001b[2m\u001b[0m\u001b[36msrc/prophet-tests/evaluateCode.spec.ts\u001b[39m\u001b[0m\u001b[2m:470:7)\u001b[2m\u001b[22m\n",
      "numFailingTests": 9,
      "numPassingTests": 0,
      "numPendingTests": 0,
      "numTodoTests": 0,
      "perfStats": {
        "end": 1564143849242,
        "start": 1564143843587
      },
      "snapshot": {
        "added": 0,
        "fileDeleted": false,
        "matched": 0,
        "unchecked": 0,
        "unmatched": 4,
        "updated": 0,
        "uncheckedKeys": []
      },
      "testFilePath": "/Users/netanelgilad/Development/deaven/src/prophet-tests/evaluateCode.spec.ts",
      "testResults": [
        {
          "ancestorTitles": [
            "Math.round"
          ],
          "duration": 13,
          "failureMessages": [
            "Error: \u001b[2mexpect(\u001b[22m\u001b[31mreceived\u001b[39m\u001b[2m).toBe(\u001b[22m\u001b[32mexpected\u001b[39m\u001b[2m) // Object.is equality\u001b[22m\n\nExpected: \u001b[32m{}\u001b[39m\nReceived: \u001b[31m{\"type\": \"undefined\"}\u001b[39m\n\nDifference:\n\n\u001b[32m- Expected\u001b[39m\n\u001b[31m+ Received\u001b[39m\n\n\u001b[32m- Object {}\u001b[39m\n\u001b[31m+ Object {\u001b[39m\n\u001b[31m+   \"type\": \"undefined\",\u001b[39m\n\u001b[31m+ }\u001b[39m\n    at Object.toBe (/Users/netanelgilad/Development/deaven/src/prophet-tests/evaluateCode.spec.ts:13:7)\n    at Object.asyncJestTest (/Users/netanelgilad/Development/deaven/node_modules/jest-jasmine2/build/jasmineAsyncInstall.js:102:37)\n    at /Users/netanelgilad/Development/deaven/node_modules/jest-jasmine2/build/queueRunner.js:41:12\n    at new Promise (<anonymous>)\n    at mapper (/Users/netanelgilad/Development/deaven/node_modules/jest-jasmine2/build/queueRunner.js:26:19)\n    at /Users/netanelgilad/Development/deaven/node_modules/jest-jasmine2/build/queueRunner.js:71:41\n    at processTicksAndRejections (internal/process/task_queues.js:89:5)"
          ],
          "fullName": "Math.round ()",
          "location": null,
          "numPassingAsserts": 0,
          "status": "failed",
          "title": "()"
        },
        {
          "ancestorTitles": [
            "Math.round"
          ],
          "duration": 2,
          "failureMessages": [
            "Error: \u001b[2mexpect(\u001b[22m\u001b[31mreceived\u001b[39m\u001b[2m).toBe(\u001b[22m\u001b[32mexpected\u001b[39m\u001b[2m) // Object.is equality\u001b[22m\n\nExpected: \u001b[32m{}\u001b[39m\nReceived: \u001b[31m{\"type\": \"undefined\"}\u001b[39m\n\nDifference:\n\n\u001b[32m- Expected\u001b[39m\n\u001b[31m+ Received\u001b[39m\n\n\u001b[32m- Object {}\u001b[39m\n\u001b[31m+ Object {\u001b[39m\n\u001b[31m+   \"type\": \"undefined\",\u001b[39m\n\u001b[31m+ }\u001b[39m\n    at Object.toBe (/Users/netanelgilad/Development/deaven/src/prophet-tests/evaluateCode.spec.ts:22:7)\n    at Object.asyncJestTest (/Users/netanelgilad/Development/deaven/node_modules/jest-jasmine2/build/jasmineAsyncInstall.js:102:37)\n    at /Users/netanelgilad/Development/deaven/node_modules/jest-jasmine2/build/queueRunner.js:41:12\n    at new Promise (<anonymous>)\n    at mapper (/Users/netanelgilad/Development/deaven/node_modules/jest-jasmine2/build/queueRunner.js:26:19)\n    at /Users/netanelgilad/Development/deaven/node_modules/jest-jasmine2/build/queueRunner.js:71:41\n    at processTicksAndRejections (internal/process/task_queues.js:89:5)"
          ],
          "fullName": "Math.round (string)",
          "location": null,
          "numPassingAsserts": 0,
          "status": "failed",
          "title": "(string)"
        },
        {
          "ancestorTitles": [
            "Math.round"
          ],
          "duration": 2,
          "failureMessages": [
            "Error: \u001b[2mexpect(\u001b[22m\u001b[31mreceived\u001b[39m\u001b[2m).toEqual(\u001b[22m\u001b[32mexpected\u001b[39m\u001b[2m)\u001b[22m\n\nDifference:\n\n\u001b[32m- Expected\u001b[39m\n\u001b[31m+ Received\u001b[39m\n\n\u001b[2m  Object {\u001b[22m\n\u001b[32m-   \"number\": 4,\u001b[39m\n\u001b[31m+   \"type\": \"undefined\",\u001b[39m\n\u001b[2m  }\u001b[22m\n    at Object.toEqual (/Users/netanelgilad/Development/deaven/src/prophet-tests/evaluateCode.spec.ts:31:7)\n    at Object.asyncJestTest (/Users/netanelgilad/Development/deaven/node_modules/jest-jasmine2/build/jasmineAsyncInstall.js:102:37)\n    at /Users/netanelgilad/Development/deaven/node_modules/jest-jasmine2/build/queueRunner.js:41:12\n    at new Promise (<anonymous>)\n    at mapper (/Users/netanelgilad/Development/deaven/node_modules/jest-jasmine2/build/queueRunner.js:26:19)\n    at /Users/netanelgilad/Development/deaven/node_modules/jest-jasmine2/build/queueRunner.js:71:41\n    at processTicksAndRejections (internal/process/task_queues.js:89:5)"
          ],
          "fullName": "Math.round (number)",
          "location": null,
          "numPassingAsserts": 0,
          "status": "failed",
          "title": "(number)"
        },
        {
          "ancestorTitles": [],
          "duration": 5,
          "failureMessages": [
            "Error: \u001b[2mexpect(\u001b[22m\u001b[31mvalue\u001b[39m\u001b[2m).toMatchSnapshot()\u001b[22m\n\n\u001b[31mReceived value\u001b[39m does not match \u001b[32mstored snapshot \"4 1\"\u001b[39m.\n\n\u001b[32m- Snapshot\u001b[39m\n\u001b[31m+ Received\u001b[39m\n\n\u001b[2m  Object {\u001b[22m\n\u001b[32m-   \"concrete\": undefined,\u001b[39m\n\u001b[32m-   \"properties\": Object {\u001b[39m\n\u001b[32m-     \"join\": Object {\u001b[39m\n\u001b[32m-       \"implementation\": [Function],\u001b[39m\n\u001b[32m-     },\u001b[39m\n\u001b[32m-     \"length\": Object {\u001b[39m\n\u001b[32m-       \"gte\": 5,\u001b[39m\n\u001b[32m-     },\u001b[39m\n\u001b[32m-     \"reverse\": Object {\u001b[39m\n\u001b[32m-       \"implementation\": [Function],\u001b[39m\n\u001b[32m-     },\u001b[39m\n\u001b[32m-   },\u001b[39m\n\u001b[32m-   \"type\": \"array\",\u001b[39m\n\u001b[32m-   \"value\": Array [\u001b[39m\n\u001b[32m-     Object {\u001b[39m\n\u001b[32m-       \"concrete\": undefined,\u001b[39m\n\u001b[32m-       \"properties\": Object {\u001b[39m\n\u001b[32m-         \"join\": Object {\u001b[39m\n\u001b[32m-           \"implementation\": [Function],\u001b[39m\n\u001b[32m-         },\u001b[39m\n\u001b[32m-         \"length\": Object {},\u001b[39m\n\u001b[32m-         \"reverse\": Object {\u001b[39m\n\u001b[32m-           \"implementation\": [Function],\u001b[39m\n\u001b[32m-         },\u001b[39m\n\u001b[32m-       },\u001b[39m\n\u001b[32m-       \"type\": \"array\",\u001b[39m\n\u001b[32m-       \"value\": undefined,\u001b[39m\n\u001b[32m-     },\u001b[39m\n\u001b[32m-     Object {\u001b[39m\n\u001b[32m-       \"concrete\": true,\u001b[39m\n\u001b[32m-       \"properties\": Object {\u001b[39m\n\u001b[32m-         \"join\": Object {\u001b[39m\n\u001b[32m-           \"implementation\": [Function],\u001b[39m\n\u001b[32m-         },\u001b[39m\n\u001b[32m-         \"length\": Object {\u001b[39m\n\u001b[32m-           \"number\": 5,\u001b[39m\n\u001b[32m-         },\u001b[39m\n\u001b[32m-         \"reverse\": Object {\u001b[39m\n\u001b[32m-           \"implementation\": [Function],\u001b[39m\n\u001b[32m-         },\u001b[39m\n\u001b[32m-       },\u001b[39m\n\u001b[32m-       \"type\": \"array\",\u001b[39m\n\u001b[32m-       \"value\": Array [\u001b[39m\n\u001b[32m-         Object {\u001b[39m\n\u001b[32m-           \"properties\": Object {\u001b[39m\n\u001b[32m-             \"length\": Object {\u001b[39m\n\u001b[32m-               \"number\": 1,\u001b[39m\n\u001b[32m-             },\u001b[39m\n\u001b[32m-             \"split\": Object {\u001b[39m\n\u001b[32m-               \"implementation\": [Function],\u001b[39m\n\u001b[32m-             },\u001b[39m\n\u001b[32m-             \"substr\": Object {\u001b[39m\n\u001b[32m-               \"implementation\": [Function],\u001b[39m\n\u001b[32m-             },\u001b[39m\n\u001b[32m-             \"toString\": Object {\u001b[39m\n\u001b[32m-               \"function\": Object {\u001b[39m\n\u001b[32m-                 \"implementation\": [Function],\u001b[39m\n\u001b[32m-               },\u001b[39m\n\u001b[32m-             },\u001b[39m\n\u001b[32m-           },\u001b[39m\n\u001b[32m-           \"type\": \"string\",\u001b[39m\n\u001b[32m-           \"value\": \"W\",\u001b[39m\n\u001b[32m-         },\u001b[39m\n\u001b[32m-         Object {\u001b[39m\n\u001b[32m-           \"properties\": Object {\u001b[39m\n\u001b[32m-             \"length\": Object {\u001b[39m\n\u001b[32m-               \"number\": 1,\u001b[39m\n\u001b[32m-             },\u001b[39m\n\u001b[32m-             \"split\": Object {\u001b[39m\n\u001b[32m-               \"implementation\": [Function],\u001b[39m\n\u001b[32m-             },\u001b[39m\n\u001b[32m-             \"substr\": Object {\u001b[39m\n\u001b[32m-               \"implementation\": [Function],\u001b[39m\n\u001b[32m-             },\u001b[39m\n\u001b[32m-             \"toString\": Object {\u001b[39m\n\u001b[32m-               \"function\": Object {\u001b[39m\n\u001b[32m-                 \"implementation\": [Function],\u001b[39m\n\u001b[32m-               },\u001b[39m\n\u001b[32m-             },\u001b[39m\n\u001b[32m-           },\u001b[39m\n\u001b[32m-           \"type\": \"string\",\u001b[39m\n\u001b[32m-           \"value\": \"o\",\u001b[39m\n\u001b[32m-         },\u001b[39m\n\u001b[32m-         Object {\u001b[39m\n\u001b[32m-           \"properties\": Object {\u001b[39m\n\u001b[32m-             \"length\": Object {\u001b[39m\n\u001b[32m-               \"number\": 1,\u001b[39m\n\u001b[32m-             },\u001b[39m\n\u001b[32m-             \"split\": Object {\u001b[39m\n\u001b[32m-               \"implementation\": [Function],\u001b[39m\n\u001b[32m-             },\u001b[39m\n\u001b[32m-             \"substr\": Object {\u001b[39m\n\u001b[32m-               \"implementation\": [Function],\u001b[39m\n\u001b[32m-             },\u001b[39m\n\u001b[32m-             \"toString\": Object {\u001b[39m\n\u001b[32m-               \"function\": Object {\u001b[39m\n\u001b[32m-                 \"implementation\": [Function],\u001b[39m\n\u001b[32m-               },\u001b[39m\n\u001b[32m-             },\u001b[39m\n\u001b[32m-           },\u001b[39m\n\u001b[32m-           \"type\": \"string\",\u001b[39m\n\u001b[32m-           \"value\": \"r\",\u001b[39m\n\u001b[32m-         },\u001b[39m\n\u001b[32m-         Object {\u001b[39m\n\u001b[32m-           \"properties\": Object {\u001b[39m\n\u001b[32m-             \"length\": Object {\u001b[39m\n\u001b[32m-               \"number\": 1,\u001b[39m\n\u001b[32m-             },\u001b[39m\n\u001b[32m-             \"split\": Object {\u001b[39m\n\u001b[32m-               \"implementation\": [Function],\u001b[39m\n\u001b[32m-             },\u001b[39m\n\u001b[32m-             \"substr\": Object {\u001b[39m\n\u001b[32m-               \"implementation\": [Function],\u001b[39m\n\u001b[32m-             },\u001b[39m\n\u001b[32m-             \"toString\": Object {\u001b[39m\n\u001b[32m-               \"function\": Object {\u001b[39m\n\u001b[32m-                 \"implementation\": [Function],\u001b[39m\n\u001b[32m-               },\u001b[39m\n\u001b[32m-             },\u001b[39m\n\u001b[32m-           },\u001b[39m\n\u001b[32m-           \"type\": \"string\",\u001b[39m\n\u001b[32m-           \"value\": \"l\",\u001b[39m\n\u001b[32m-         },\u001b[39m\n\u001b[32m-         Object {\u001b[39m\n\u001b[32m-           \"properties\": Object {\u001b[39m\n\u001b[32m-             \"length\": Object {\u001b[39m\n\u001b[32m-               \"number\": 1,\u001b[39m\n\u001b[
[...]
           \"properties\": Object {\u001b[39m\n\u001b[32m-             \"length\": Object {\u001b[39m\n\u001b[32m-               \"number\": 1,\u001b[39m\n\u001b[32m-             },\u001b[39m\n\u001b[32m-             \"split\": Object {\u001b[39m\n\u001b[32m-               \"implementation\": [Function],\u001b[39m\n\u001b[32m-             },\u001b[39m\n\u001b[32m-             \"substr\": Object {\u001b[39m\n\u001b[32m-               \"implementation\": [Function],\u001b[39m\n\u001b[32m-             },\u001b[39m\n\u001b[32m-             \"toString\": Object {\u001b[39m\n\u001b[32m-               \"function\": Object {\u001b[39m\n\u001b[32m-                 \"implementation\": [Function],\u001b[39m\n\u001b[32m-               },\u001b[39m\n\u001b[32m-             },\u001b[39m\n\u001b[32m-           },\u001b[39m\n\u001b[32m-           \"type\": \"string\",\u001b[39m\n\u001b[32m-           \"value\": \"r\",\u001b[39m\n\u001b[32m-         },\u001b[39m\n\u001b[32m-         Object {\u001b[39m\n\u001b[32m-           \"properties\": Object {\u001b[39m\n\u001b[32m-             \"length\": Object {\u001b[39m\n\u001b[32m-               \"number\": 1,\u001b[39m\n\u001b[32m-             },\u001b[39m\n\u001b[32m-             \"split\": Object {\u001b[39m\n\u001b[32m-               \"implementation\": [Function],\u001b[39m\n\u001b[32m-             },\u001b[39m\n\u001b[32m-             \"substr\": Object {\u001b[39m\n\u001b[32m-               \"implementation\": [Function],\u001b[39m\n\u001b[32m-             },\u001b[39m\n\u001b[32m-             \"toString\": Object {\u001b[39m\n\u001b[32m-               \"function\": Object {\u001b[39m\n\u001b[32m-                 \"implementation\": [Function],\u001b[39m\n\u001b[32m-               },\u001b[39m\n\u001b[32m-             },\u001b[39m\n\u001b[32m-           },\u001b[39m\n\u001b[32m-           \"type\": \"string\",\u001b[39m\n\u001b[32m-           \"value\": \"o\",\u001b[39m\n\u001b[32m-         },\u001b[39m\n\u001b[32m-         Object {\u001b[39m\n\u001b[32m-           \"properties\": Object {\u001b[39m\n\u001b[32m-             \"length\": Object {\u001b[39m\n\u001b[32m-               \"number\": 1,\u001b[39m\n\u001b[32m-             },\u001b[39m\n\u001b[32m-             \"split\": Object {\u001b[39m\n\u001b[32m-               \"implementation\": [Function],\u001b[39m\n\u001b[32m-             },\u001b[39m\n\u001b[32m-             \"substr\": Object {\u001b[39m\n\u001b[32m-               \"implementation\": [Function],\u001b[39m\n\u001b[32m-             },\u001b[39m\n\u001b[32m-             \"toString\": Object {\u001b[39m\n\u001b[32m-               \"function\": Object {\u001b[39m\n\u001b[32m-                 \"implementation\": [Function],\u001b[39m\n\u001b[32m-               },\u001b[39m\n\u001b[32m-             },\u001b[39m\n\u001b[32m-           },\u001b[39m\n\u001b[32m-           \"type\": \"string\",\u001b[39m\n\u001b[32m-           \"value\": \"W\",\u001b[39m\n\u001b[32m-         },\u001b[39m\n\u001b[32m-       ],\u001b[39m\n\u001b[32m-     },\u001b[39m\n\u001b[32m-     Object {\u001b[39m\n\u001b[32m-       \"concrete\": undefined,\u001b[39m\n\u001b[32m-       \"properties\": Object {\u001b[39m\n\u001b[32m-         \"join\": Object {\u001b[39m\n\u001b[32m-           \"implementation\": [Function],\u001b[39m\n\u001b[32m-         },\u001b[39m\n\u001b[32m-         \"length\": Object {},\u001b[39m\n\u001b[32m-         \"reverse\": Object {\u001b[39m\n\u001b[32m-           \"implementation\": [Function],\u001b[39m\n\u001b[32m-         },\u001b[39m\n\u001b[32m-       },\u001b[39m\n\u001b[32m-       \"type\": \"array\",\u001b[39m\n\u001b[32m-       \"value\": undefined,\u001b[39m\n\u001b[32m-     },\u001b[39m\n\u001b[32m-   ],\u001b[39m\n\u001b[31m+   \"type\": \"undefined\",\u001b[39m\n\u001b[2m  }\u001b[22m\n    at Object.toMatchInlineSnapshot (/Users/netanelgilad/Development/deaven/src/prophet-tests/evaluateCode.spec.ts:201:5)\n    at Object.asyncJestTest (/Users/netanelgilad/Development/deaven/node_modules/jest-jasmine2/build/jasmineAsyncInstall.js:102:37)\n    at /Users/netanelgilad/Development/deaven/node_modules/jest-jasmine2/build/queueRunner.js:41:12\n    at new Promise (<anonymous>)\n    at mapper (/Users/netanelgilad/Development/deaven/node_modules/jest-jasmine2/build/queueRunner.js:26:19)\n    at /Users/netanelgilad/Development/deaven/node_modules/jest-jasmine2/build/queueRunner.js:71:41\n    at processTicksAndRejections (internal/process/task_queues.js:89:5)"
          ],
          "fullName": "5",
          "location": null,
          "numPassingAsserts": 0,
          "status": "failed",
          "title": "5"
        },
        {
          "ancestorTitles": [],
          "duration": 2,
          "failureMessages": [
            "Error: \u001b[2mexpect(\u001b[22m\u001b[31mvalue\u001b[39m\u001b[2m).toMatchSnapshot()\u001b[22m\n\n\u001b[31mReceived value\u001b[39m does not match \u001b[32mstored snapshot \"6 1\"\u001b[39m.\n\n\u001b[32m- Snapshot\u001b[39m\n\u001b[31m+ Received\u001b[39m\n\n\u001b[2m  Object {\u001b[22m\n\u001b[32m-   \"properties\": Object {\u001b[39m\n\u001b[32m-     \"length\": Object {\u001b[39m\n\u001b[32m-       \"gte\": 5,\u001b[39m\n\u001b[32m-     },\u001b[39m\n\u001b[32m-     \"split\": Object {\u001b[39m\n\u001b[32m-       \"implementation\": [Function],\u001b[39m\n\u001b[32m-     },\u001b[39m\n\u001b[32m-     \"substr\": Object {\u001b[39m\n\u001b[32m-       \"implementation\": [Function],\u001b[39m\n\u001b[32m-     },\u001b[39m\n\u001b[32m-     \"toString\": Object {\u001b[39m\n\u001b[32m-       \"function\": Object {\u001b[39m\n\u001b[32m-         \"implementation\": [Function],\u001b[39m\n\u001b[32m-       },\u001b[39m\n\u001b[32m-     },\u001b[39m\n\u001b[32m-   },\u001b[39m\n\u001b[32m-   \"type\": \"string\",\u001b[39m\n\u001b[32m-   \"value\": Array [\u001b[39m\n\u001b[32m-     Object {\u001b[39m\n\u001b[32m-       \"properties\": Object {\u001b[39m\n\u001b[32m-         \"length\": Object {},\u001b[39m\n\u001b[32m-         \"split\": Object {\u001b[39m\n\u001b[32m-           \"implementation\": [Function],\u001b[39m\n\u001b[32m-         },\u001b[39m\n\u001b[32m-         \"substr\": Object {\u001b[39m\n\u001b[32m-           \"implementation\": [Function],\u001b[39m\n\u001b[32m-         },\u001b[39m\n\u001b[32m-         \"toString\": Object {\u001b[39m\n\u001b[32m-           \"function\": Object {\u001b[39m\n\u001b[32m-             \"implementation\": [Function],\u001b[39m\n\u001b[32m-           },\u001b[39m\n\u001b[32m-         },\u001b[39m\n\u001b[32m-       },\u001b[39m\n\u001b[32m-       \"type\": \"string\",\u001b[39m\n\u001b[32m-       \"value\": \"dlroW\",\u001b[39m\n\u001b[32m-     },\u001b[39m\n\u001b[32m-     Object {\u001b[39m\n\u001b[32m-       \"properties\": Object {\u001b[39m\n\u001b[32m-         \"length\": Object {},\u001b[39m\n\u001b[32m-         \"split\": Object {\u001b[39m\n\u001b[32m-           \"implementation\": [Function],\u001b[39m\n\u001b[32m-         },\u001b[39m\n\u001b[32m-         \"substr\": Object {\u001b[39m\n\u001b[32m-           \"implementation\": [Function],\u001b[39m\n\u001b[32m-         },\u001b[39m\n\u001b[32m-         \"toString\": Object {\u001b[39m\n\u001b[32m-           \"function\": Object {\u001b[39m\n\u001b[32m-             \"implementation\": [Function],\u001b[39m\n\u001b[32m-           },\u001b[39m\n\u001b[32m-         },\u001b[39m\n\u001b[32m-       },\u001b[39m\n\u001b[32m-       \"type\": \"string\",\u001b[39m\n\u001b[32m-       \"value\": undefined,\u001b[39m\n\u001b[32m-     },\u001b[39m\n\u001b[32m-   ],\u001b[39m\n\u001b[31m+   \"type\": \"undefined\",\u001b[39m\n\u001b[2m  }\u001b[22m\n    at Object.toMatchInlineSnapshot (/Users/netanelgilad/Development/deaven/src/prophet-tests/evaluateCode.spec.ts:359:5)\n    at Object.asyncJestTest (/Users/netanelgilad/Development/deaven/node_modules/jest-jasmine2/build/jasmineAsyncInstall.js:102:37)\n    at /Users/netanelgilad/Development/deaven/node_modules/jest-jasmine2/build/queueRunner.js:41:12\n    at new Promise (<anonymous>)\n    at mapper (/Users/netanelgilad/Development/deaven/node_modules/jest-jasmine2/build/queueRunner.js:26:19)\n    at /Users/netanelgilad/Development/deaven/node_modules/jest-jasmine2/build/queueRunner.js:71:41\n    at processTicksAndRejections (internal/process/task_queues.js:89:5)"
          ],
          "fullName": "6",
          "location": null,
          "numPassingAsserts": 0,
          "status": "failed",
          "title": "6"
        },
        {
          "ancestorTitles": [],
          "duration": 1,
          "failureMessages": [
            "Error: \u001b[2mexpect(\u001b[22m\u001b[31mvalue\u001b[39m\u001b[2m).toMatchSnapshot()\u001b[22m\n\n\u001b[31mReceived value\u001b[39m does not match \u001b[32mstored snapshot \"3 1\"\u001b[39m.\n\n\u001b[32m- Snapshot\u001b[39m\n\u001b[31m+ Received\u001b[39m\n\n\u001b[2m  Object {\u001b[22m\n\u001b[32m-   \"properties\": Object {\u001b[39m\n\u001b[32m-     \"length\": Object {\u001b[39m\n\u001b[32m-       \"number\": 2,\u001b[39m\n\u001b[32m-     },\u001b[39m\n\u001b[32m-     \"split\": Object {\u001b[39m\n\u001b[32m-       \"implementation\": [Function],\u001b[39m\n\u001b[32m-     },\u001b[39m\n\u001b[32m-     \"substr\": Object {\u001b[39m\n\u001b[32m-       \"implementation\": [Function],\u001b[39m\n\u001b[32m-     },\u001b[39m\n\u001b[32m-     \"toString\": Object {\u001b[39m\n\u001b[32m-       \"function\": Object {\u001b[39m\n\u001b[32m-         \"implementation\": [Function],\u001b[39m\n\u001b[32m-       },\u001b[39m\n\u001b[32m-     },\u001b[39m\n\u001b[32m-   },\u001b[39m\n\u001b[32m-   \"type\": \"string\",\u001b[39m\n\u001b[32m-   \"value\": \"dl\",\u001b[39m\n\u001b[31m+   \"type\": \"undefined\",\u001b[39m\n\u001b[2m  }\u001b[22m\n    at Object.toMatchInlineSnapshot (/Users/netanelgilad/Development/deaven/src/prophet-tests/evaluateCode.spec.ts:426:5)\n    at Object.asyncJestTest (/Users/netanelgilad/Development/deaven/node_modules/jest-jasmine2/build/jasmineAsyncInstall.js:102:37)\n    at /Users/netanelgilad/Development/deaven/node_modules/jest-jasmine2/build/queueRunner.js:41:12\n    at new Promise (<anonymous>)\n    at mapper (/Users/netanelgilad/Development/deaven/node_modules/jest-jasmine2/build/queueRunner.js:26:19)\n    at /Users/netanelgilad/Development/deaven/node_modules/jest-jasmine2/build/queueRunner.js:71:41\n    at processTicksAndRejections (internal/process/task_queues.js:89:5)"
          ],
          "fullName": "3",
          "location": null,
          "numPassingAsserts": 0,
          "status": "failed",
          "title": "3"
        },
        {
          "ancestorTitles": [
            ".length"
          ],
          "duration": 2,
          "failureMessages": [
            "Error: \u001b[2mexpect(\u001b[22m\u001b[31mreceived\u001b[39m\u001b[2m).toEqual(\u001b[22m\u001b[32mexpected\u001b[39m\u001b[2m)\u001b[22m\n\nDifference:\n\n\u001b[32m- Expected\u001b[39m\n\u001b[31m+ Received\u001b[39m\n\n\u001b[2m  Object {\u001b[22m\n\u001b[32m-   \"gte\": 5,\u001b[39m\n\u001b[31m+   \"type\": \"undefined\",\u001b[39m\n\u001b[2m  }\u001b[22m\n    at Object.toEqual (/Users/netanelgilad/Development/deaven/src/prophet-tests/evaluateCode.spec.ts:457:7)\n    at Object.asyncJestTest (/Users/netanelgilad/Development/deaven/node_modules/jest-jasmine2/build/jasmineAsyncInstall.js:102:37)\n    at /Users/netanelgilad/Development/deaven/node_modules/jest-jasmine2/build/queueRunner.js:41:12\n    at new Promise (<anonymous>)\n    at mapper (/Users/netanelgilad/Development/deaven/node_modules/jest-jasmine2/build/queueRunner.js:26:19)\n    at /Users/netanelgilad/Development/deaven/node_modules/jest-jasmine2/build/queueRunner.js:71:41\n    at processTicksAndRejections (internal/process/task_queues.js:89:5)"
          ],
          "fullName": ".length (prompt() + \"World\").split(\"\")",
          "location": null,
          "numPassingAsserts": 0,
          "status": "failed",
          "title": "(prompt() + \"World\").split(\"\")"
        },
        {
          "ancestorTitles": [
            ">"
          ],
          "duration": 1,
          "failureMessages": [
            "Error: \u001b[2mexpect(\u001b[22m\u001b[31mreceived\u001b[39m\u001b[2m).toEqual(\u001b[22m\u001b[32mexpected\u001b[39m\u001b[2m)\u001b[22m\n\nExpected: \u001b[32mtrue\u001b[39m\nReceived: \u001b[31m{\"type\": \"undefined\"}\u001b[39m\n    at Object.toEqual (/Users/netanelgilad/Development/deaven/src/prophet-tests/evaluateCode.spec.ts:470:7)\n    at Object.asyncJestTest (/Users/netanelgilad/Development/deaven/node_modules/jest-jasmine2/build/jasmineAsyncInstall.js:102:37)\n    at /Users/netanelgilad/Development/deaven/node_modules/jest-jasmine2/build/queueRunner.js:41:12\n    at new Promise (<anonymous>)\n    at mapper (/Users/netanelgilad/Development/deaven/node_modules/jest-jasmine2/build/queueRunner.js:26:19)\n    at /Users/netanelgilad/Development/deaven/node_modules/jest-jasmine2/build/queueRunner.js:71:41\n    at processTicksAndRejections (internal/process/task_queues.js:89:5)"
          ],
          "fullName": "> (greaterThanEquals, number)",
          "location": null,
          "numPassingAsserts": 0,
          "status": "failed",
          "title": "(greaterThanEquals, number)"
        }
      ],
      "sourceMaps": {},
      "skipped": false,
      "displayName": "test",
      "leaks": false
    },
    {
      "console": [],
      "failureMessage": null,
      "numFailingTests": 0,
      "numPassingTests": 2,
      "numPendingTests": 0,
      "numTodoTests": 0,
      "perfStats": {
        "end": 1564143850518,
        "start": 1564143849210
      },
      "snapshot": {
        "added": 0,
        "fileDeleted": false,
        "matched": 0,
        "unchecked": 0,
        "unmatched": 0,
        "updated": 0,
        "uncheckedKeys": []
      },
      "testFilePath": "/Users/netanelgilad/Development/deaven/src/prophet-tests/errors.spec.ts",
      "testResults": [
        {
          "ancestorTitles": [
            "errors",
            "should return an execContext with an stderr with an error message"
          ],
          "duration": 6,
          "failureMessages": [],
          "fullName": "errors should return an execContext with an stderr with an error message when throw is a top level statement",
          "location": null,
          "numPassingAsserts": 0,
          "status": "passed",
          "title": "when throw is a top level statement"
        },
        {
          "ancestorTitles": [
            "errors",
            "should return an execContext with an stderr with an error message"
          ],
          "duration": 2,
          "failureMessages": [],
          "fullName": "errors should return an execContext with an stderr with an error message when throw is a statement inside a called function",
          "location": null,
          "numPassingAsserts": 0,
          "status": "passed",
          "title": "when throw is a statement inside a called function"
        }
      ],
      "sourceMaps": {},
      "skipped": false,
      "displayName": "test",
      "leaks": false
    },
    {
      "console": [],
      "failureMessage": "\u001b[1m\u001b[31m  \u001b[1m● \u001b[1mboth branches evaluate to the same type\u001b[39m\u001b[22m\n\n    AssertionError [ERR_ASSERTION] [ERR_ASSERTION]: Can't resolve type of ast type ConditionalExpression\n\u001b[2m\u001b[22m\n\u001b[2m    \u001b[0m \u001b[90m 50 | \u001b[39m    \u001b[36mif\u001b[39m (\u001b[0m\u001b[22m\n\u001b[2m    \u001b[0m \u001b[90m 51 | \u001b[39m      err \u001b[36minstanceof\u001b[39m \u001b[33mASTEvaluationError\u001b[39m \u001b[33m||\u001b[39m\u001b[0m\u001b[22m\n\u001b[2m    \u001b[0m\u001b[31m\u001b[1m>\u001b[2m\u001b[39m\u001b[90m 52 | \u001b[39m      err \u001b[36minstanceof\u001b[39m \u001b[33mCodeEvaluationError\u001b[39m\u001b[0m\u001b[22m\n\u001b[2m    \u001b[0m \u001b[90m    | \u001b[39m                        \u001b[31m\u001b[1m^\u001b[2m\u001b[39m\u001b[0m\u001b[22m\n\u001b[2m    \u001b[0m \u001b[90m 53 | \u001b[39m    ) {\u001b[0m\u001b[22m\n\u001b[2m    \u001b[0m \u001b[90m 54 | \u001b[39m      \u001b[36mthrow\u001b[39m err\u001b[33m;\u001b[39m\u001b[0m\u001b[22m\n\u001b[2m    \u001b[0m \u001b[90m 55 | \u001b[39m    }\u001b[0m\u001b[22m\n\u001b[2m\u001b[22m\n\u001b[2m      \u001b[2mat evaluate (\u001b[2msrc/prophet/evaluate.ts\u001b[2m:52:25)\u001b[2m\u001b[22m\n\u001b[2m      \u001b[2mat \u001b[2msrc/prophet/ASTResolvers.ts\u001b[2m:203:47\u001b[2m\u001b[22m\n\u001b[2m      \u001b[2mat evaluateThrowableIterator (\u001b[2msrc/prophet/evaluate.ts\u001b[2m:83:37)\u001b[2m\u001b[22m\n\u001b[2m      \u001b[2mat \u001b[2msrc/prophet/ASTResolvers.ts\u001b[2m:43:50\u001b[2m\u001b[22m\n\u001b[2m      \u001b[2mat evaluateThrowableIterator (\u001b[2msrc/prophet/evaluate.ts\u001b[2m:83:37)\u001b[2m\u001b[22m\n\u001b[2m      \u001b[2mat evaluate (\u001b[2msrc/prophet/evaluate.ts\u001b[2m:54:12)\u001b[2m\u001b[22m\n\u001b[2m      \u001b[2mat Object.implementation (\u001b[2msrc/prophet/Function/Function.ts\u001b[2m:57:60)\u001b[2m\u001b[22m\n\u001b[2m          at implementation.next (<anonymous>)\u001b[22m\n",
      "numFailingTests": 1,
      "numPassingTests": 0,
      "numPendingTests": 0,
      "numTodoTests": 0,
      "perfStats": {
        "end": 1564143850651,
        "start": 1564143849601
      },
      "snapshot": {
        "added": 0,
        "fileDeleted": false,
        "matched": 0,
        "unchecked": 0,
        "unmatched": 0,
        "updated": 0,
        "uncheckedKeys": []
      },
      "testFilePath": "/Users/netanelgilad/Development/deaven/src/prophet-tests/ternary.spec.ts",
      "testResults": [
        {
          "ancestorTitles": [],
          "duration": 4,
          "failureMessages": [
            "AssertionError [ERR_ASSERTION] [ERR_ASSERTION]: Can't resolve type of ast type ConditionalExpression\n    at evaluate (/Users/netanelgilad/Development/deaven/src/prophet/evaluate.ts:52:25)\n    at /Users/netanelgilad/Development/deaven/src/prophet/ASTResolvers.ts:203:47\n    at Generator.next (<anonymous>)\n    at evaluateThrowableIterator (/Users/netanelgilad/Development/deaven/src/prophet/evaluate.ts:83:37)\n    at /Users/netanelgilad/Development/deaven/src/prophet/ASTResolvers.ts:43:50\n    at Generator.next (<anonymous>)\n    at evaluateThrowableIterator (/Users/netanelgilad/Development/deaven/src/prophet/evaluate.ts:83:37)\n    at evaluate (/Users/netanelgilad/Development/deaven/src/prophet/evaluate.ts:54:12)\n    at Object.implementation (/Users/netanelgilad/Development/deaven/src/prophet/Function/Function.ts:57:60)\n    at implementation.next (<anonymous>)"
          ],
          "fullName": "both branches evaluate to the same type",
          "location": null,
          "numPassingAsserts": 0,
          "status": "failed",
          "title": "both branches evaluate to the same type"
        }
      ],
      "sourceMaps": {},
      "skipped": false,
      "displayName": "test",
      "leaks": false
    },
    {
      "console": [],
      "failureMessage": null,
      "numFailingTests": 0,
      "numPassingTests": 1,
      "numPendingTests": 0,
      "numTodoTests": 0,
      "perfStats": {
        "end": 1564143851645,
        "start": 1564143850591
      },
      "snapshot": {
        "added": 0,
        "fileDeleted": false,
        "matched": 0,
        "unchecked": 0,
        "unmatched": 0,
        "updated": 0,
        "uncheckedKeys": []
      },
      "testFilePath": "/Users/netanelgilad/Development/deaven/src/prophet-tests/logic.spec.ts",
      "testResults": [
        {
          "ancestorTitles": [],
          "duration": 1,
          "failureMessages": [],
          "fullName": "m/in",
          "location": null,
          "numPassingAsserts": 0,
          "status": "passed",
          "title": "m/in"
        }
      ],
      "sourceMaps": {},
      "skipped": false,
      "displayName": "test",
      "leaks": false
    }
  ],
  "wasInterrupted": false
}