{
  "numFailedTestSuites": 4,
  "numFailedTests": 16,
  "numPassedTestSuites": 14,
  "numPassedTests": 15,
  "numPendingTestSuites": 0,
  "numPendingTests": 0,
  "numRuntimeErrorTestSuites": 1,
  "numTodoTests": 0,
  "numTotalTestSuites": 18,
  "numTotalTests": 31,
  "openHandles": [],
  "snapshot": {
    "added": 0,
    "didUpdate": false,
    "failure": true,
    "filesAdded": 0,
    "filesRemoved": 0,
    "filesUnmatched": 2,
    "filesUpdated": 0,
    "matched": 0,
    "total": 5,
    "unchecked": 0,
    "uncheckedKeysByFile": [],
    "unmatched": 5,
    "updated": 0
  },
  "startTime": 1550222970481,
  "success": false,
  "testResults": [
    {
      "console": [],
      "failureMessage": "\u001b[1m\u001b[31m  \u001b[1m● \u001b[1mMath.round › ()\u001b[39m\u001b[22m\n\n    \u001b[2mexpect(\u001b[22m\u001b[31mreceived\u001b[39m\u001b[2m).toBe(\u001b[22m\u001b[32mexpected\u001b[39m\u001b[2m) // Object.is equality\u001b[22m\n\n    Expected: \u001b[32m{}\u001b[39m\n    Received: \u001b[31m{\"type\": \"undefined\"}\u001b[39m\n\n    Difference:\n\n    \u001b[32m- Expected\u001b[39m\n    \u001b[31m+ Received\u001b[39m\n\n    \u001b[32m- Object {}\u001b[39m\n    \u001b[31m+ Object {\u001b[39m\n    \u001b[31m+   \"type\": \"undefined\",\u001b[39m\n    \u001b[31m+ }\u001b[39m\n\u001b[2m\u001b[22m\n\u001b[2m    \u001b[0m \u001b[90m 11 | \u001b[39m    expect(\u001b[0m\u001b[22m\n\u001b[2m    \u001b[0m \u001b[90m 12 | \u001b[39m      evaluateCodeAsExpression(\u001b[32m\"Math.round()\"\u001b[39m\u001b[33m,\u001b[39m nodeInitialExecutionContext)[\u001b[35m0\u001b[39m]\u001b[0m\u001b[22m\n\u001b[2m    \u001b[0m\u001b[31m\u001b[1m>\u001b[2m\u001b[39m\u001b[90m 13 | \u001b[39m    )\u001b[33m.\u001b[39mtoBe(\u001b[33mNotANumber\u001b[39m)\u001b[33m;\u001b[39m\u001b[0m\u001b[22m\n\u001b[2m    \u001b[0m \u001b[90m    | \u001b[39m      \u001b[31m\u001b[1m^\u001b[2m\u001b[39m\u001b[0m\u001b[22m\n\u001b[2m    \u001b[0m \u001b[90m 14 | \u001b[39m  })\u001b[33m;\u001b[39m\u001b[0m\u001b[22m\n\u001b[2m    \u001b[0m \u001b[90m 15 | \u001b[39m\u001b[0m\u001b[22m\n\u001b[2m    \u001b[0m \u001b[90m 16 | \u001b[39m  test(\u001b[32m\"(string)\"\u001b[39m\u001b[33m,\u001b[39m () \u001b[33m=>\u001b[39m {\u001b[0m\u001b[22m\n\u001b[2m\u001b[22m\n\u001b[2m      \u001b[2mat Object.toBe (\u001b[2m\u001b[0m\u001b[36msrc/prophet-tests/evaluateCode.spec.ts\u001b[39m\u001b[0m\u001b[2m:13:7)\u001b[2m\u001b[22m\n\n\u001b[1m\u001b[31m  \u001b[1m● \u001b[1mMath.round › (string)\u001b[39m\u001b[22m\n\n    \u001b[2mexpect(\u001b[22m\u001b[31mreceived\u001b[39m\u001b[2m).toBe(\u001b[22m\u001b[32mexpected\u001b[39m\u001b[2m) // Object.is equality\u001b[22m\n\n    Expected: \u001b[32m{}\u001b[39m\n    Received: \u001b[31m{\"type\": \"undefined\"}\u001b[39m\n\n    Difference:\n\n    \u001b[32m- Expected\u001b[39m\n    \u001b[31m+ Received\u001b[39m\n\n    \u001b[32m- Object {}\u001b[39m\n    \u001b[31m+ Object {\u001b[39m\n    \u001b[31m+   \"type\": \"undefined\",\u001b[39m\n    \u001b[31m+ }\u001b[39m\n\u001b[2m\u001b[22m\n\u001b[2m    \u001b[0m \u001b[90m 20 | \u001b[39m        nodeInitialExecutionContext\u001b[0m\u001b[22m\n\u001b[2m    \u001b[0m \u001b[90m 21 | \u001b[39m      )[\u001b[35m0\u001b[39m]\u001b[0m\u001b[22m\n\u001b[2m    \u001b[0m\u001b[31m\u001b[1m>\u001b[2m\u001b[39m\u001b[90m 22 | \u001b[39m    )\u001b[33m.\u001b[39mtoBe(\u001b[33mNotANumber\u001b[39m)\u001b[33m;\u001b[39m\u001b[0m\u001b[22m\n\u001b[2m    \u001b[0m \u001b[90m    | \u001b[39m      \u001b[31m\u001b[1m^\u001b[2m\u001b[39m\u001b[0m\u001b[22m\n\u001b[2m    \u001b[0m \u001b[90m 23 | \u001b[39m  })\u001b[33m;\u001b[39m\u001b[0m\u001b[22m\n\u001b[2m    \u001b[0m \u001b[90m 24 | \u001b[39m\u001b[0m\u001b[22m\n\u001b[2m    \u001b[0m \u001b[90m 25 | \u001b[39m  test(\u001b[32m\"(number)\"\u001b[39m\u001b[33m,\u001b[39m () \u001b[33m=>\u001b[39m {\u001b[0m\u001b[22m\n\u001b[2m\u001b[22m\n\u001b[2m      \u001b[2mat Object.toBe (\u001b[2m\u001b[0m\u001b[36msrc/prophet-tests/evaluateCode.spec.ts\u001b[39m\u001b[0m\u001b[2m:22:7)\u001b[2m\u001b[22m\n\n\u001b[1m\u001b[31m  \u001b[1m● \u001b[1mMath.round › (number)\u001b[39m\u001b[22m\n\n    \u001b[2mexpect(\u001b[22m\u001b[31mreceived\u001b[39m\u001b[2m).toEqual(\u001b[22m\u001b[32mexpected\u001b[39m\u001b[2m)\u001b[22m\n\n    Difference:\n\n    \u001b[32m- Expected\u001b[39m\n    \u001b[31m+ Received\u001b[39m\n\n    \u001b[2m  Object {\u001b[22m\n    \u001b[32m-   \"number\": 4,\u001b[39m\n    \u001b[31m+   \"type\": \"undefined\",\u001b[39m\n    \u001b[2m  }\u001b[22m\n\u001b[2m\u001b[22m\n\u001b[2m    \u001b[0m \u001b[90m 29 | \u001b[39m        nodeInitialExecutionContext\u001b[0m\u001b[22m\n\u001b[2m    \u001b[0m \u001b[90m 30 | \u001b[39m      )[\u001b[35m0\u001b[39m]\u001b[0m\u001b[22m\n\u001b[2m    \u001b[0m\u001b[31m\u001b[1m>\u001b[2m\u001b[39m\u001b[90m 31 | \u001b[39m    )\u001b[33m.\u001b[39mtoEqual({\u001b[0m\u001b[22m\n\u001b[2m    \u001b[0m \u001b[90m    | \u001b[39m      \u001b[31m\u001b[1m^\u001b[2m\u001b[39m\u001b[0m\u001b[22m\n\u001b[2m    \u001b[0m \u001b[90m 32 | \u001b[39m      number\u001b[33m:\u001b[39m \u001b[35m4\u001b[39m\u001b[0m\u001b[22m\n\u001b[2m    \u001b[0m \u001b[90m 33 | \u001b[39m    })\u001b[33m;\u001b[39m\u001b[0m\u001b[22m\n\u001b[2m    \u001b[0m \u001b[90m 34 | \u001b[39m  })\u001b[33m;\u001b[39m\u001b[0m\u001b[22m\n\u001b[2m\u001b[22m\n\u001b[2m      \u001b[2mat Object.toEqual (\u001b[2m\u001b[0m\u001b[36msrc/prophet-tests/evaluateCode.spec.ts\u001b[39m\u001b[0m\u001b[2m:31:7)\u001b[2m\u001b[22m\n\n\u001b[1m\u001b[31m  \u001b[1m● \u001b[1m4\u001b[39m\u001b[22m\n\n    \u001b[2mexpect(\u001b[22m\u001b[31mvalue\u001b[39m\u001b[2m).toMatchSnapshot()\u001b[22m\n\n    \u001b[31mReceived value\u001b[39m does not match \u001b[32mstored snapshot \"4 1\"\u001b[39m.\n\n    \u001b[32m- Snapshot\u001b[39m\n    \u001b[31m+ Received\u001b[39m\n\n    \u001b[2m  Object {\u001b[22m\n    \u001b[32m-   \"concrete\": undefined,\u001b[39m\n    \u001b[32m-   \"properties\": Object {\u001b[39m\n    \u001b[32m-     \"join\": Object {\u001b[39m\n    \u001b[32m-       \"implementation\": [Function],\u001b[39m\n    \u001b[32m-     },\u001b[39m\n    \u001b[32m-     \"length\": Object {\u001b[39m\n    \u001b[32m-       \"gte\": 5,\u001b[39m\n    \u001b[32m-     },\u001b[39m\n    \u001b[32m-     \"reverse\": Object {\u001b[39m\n    \u001b[32m-       \"implementation\": [Function],\u001b[39m\n    \u001b[32m-     },\u001b[39m\n    \u001b[32m-   },\u001b[39m\n    \u001b[32m-   \"type\": \"array\",\u001b[39m\n    \u001b[32m-   \"value\": Array [\u001b[39m\n    \u001b[32m-     Object {\u001b[39m\n    \u001b[32m-       \"concrete\": undefined,\u001b[39m\n    \u001b[32m-       \"properties\": Object {\u001b[39m\n    \u001b[32m-         \"join\": Object {\u001b[39m\n    \u001b[32m-           \"implementation\": [Function],\u001b[39m\n    \u001b[32m-         },\u001b[39m\n    \u001b[32m-         \"length\": Object {},\u001b[39m\n    \u001b[32m-         \"reverse\": Object {\u001b[39m\n    \u001b[32m-           \"implementation\": [Function],\u001b[39m\n    \u001b[32m-         },\u001b[39m\n    \u001b[32m-       },\u001b[39m\n    \u001b[32m-       \"type\": \"array\",\u001b[39m\n    \u001b[32m-       \"value\": undefined,\u001b[39m\n    \u001b[32m-     },\u001b[39m\n    \u001b[32m-     Object {\u001b[39m\n    \u001b[32m-       \"concrete\": true,\u001b[39m\n    \u001b[32m-       \"properties\": Object {\u001b[39m\n    \u001b[32m-         \"join\": Object {\u001b[39m\n    \u001b[32m-           \"implementation\": [Function],\u001b[39m\n    \u001b[32m-         },\u001b[39m\n    \u001b[32m-         \"length\": Object {\u001b[39m\n    \u001b[32m-           \"number\": 5,\u001b[39m\n    \u001b[32m-         },\u001b[39m\n    \u001b[32m-         \"reverse\": Object {\u001b[39m\n    \u001b[32m-           \"implementation\": [Function],\u001b[39m\n    \u001b[32m-         },\u001b[39m\n    \u001b[32m-       },\u001b[39m\n    \u001b[32m-       \"type\": \"array\",\u001b[39m\n    \u001b[32m-       \"value\": Array [\u001b[39m\n    \u001b[32m-         Object {\u001b[39m\n    \u001b[32m-           \"properties\": Object {\u001b[39m\n    \u001b[32m-             \"length\": Object {\u001b[39m\n    \u001b[32m-               \"number\": 1,\u001b[39m\n    \u001b[32m-             },\u001b[39m\n    \u001b[32m-             \"split\": Object {\u001b[39m\n    \u001b[32m-               \"implementation\": [Function],\u001b[39m\n    \u001b[32m-             },\u001b[39m\n    \u001b[32m-             \"substr\": Object {\u001b[39m\n    \u001b[32m-               \"implementation\": [Function],\u001b[39m\n    \u001b[32m-             },\u001b[39m\n    \u001b[32m-             \"toString\": Object {\u001b[39m\n    \u001b[32m-               \"function\": Object {\u001b[39m\n    \u001b[32m-                 \"implementation\": [Function],\u001b[39m\n    \u001b[32m-               },\u001b[39m\n    \u001b[32m-             },\u001b[39m\n    \u001b[32m-           },\u001b[39m\n    \u001b[32m-           \"type\": \"string\",\u001b[39m\n    \u001b[32m-           \"value\": \"W\",\u001b[39m\n    \u001b[32m-         },\u001b[39m\n    \u001b[32m-         Object {\u001b[39m\n    \u001b[32m-           \"properties\": Object {\u001b[39m\n    \u001b[32m-             \"length\": Object {\u001b[39m\n    \u001b[32m-               \"number\": 1,\u001b[39m\n    \u001b[32m-             },\u001b[39m\n    \u001b[32m-             \"split\": Object {\u001b[39m\n    \u001b[32m-               \"implementation\": [Function],\u001b[39m\n    \u001b[32m-             },\u001b[39m\n    \u001b[32m-             \"substr\": Object {\u001b[39m\n    \u001b[32m-               \"implementation\": [Function],\u001b[39m\n    \u001b[32m-             },\u001b[39m\n    \u001b[32m-             \"toString\": Object {\u001b[39m\n    \u001b[32m-               \"function\": Object {\u001b[39m\n    \u001b[32m-                 \"implementation\": [Function],\u001b[39m\n    \u001b[32m-               },\u001b[39m\n    \u001b[32m-             },\u001b[39m\n    \u001b[32m-           },\u001b[39m\n    \u001b[32m-           \"type\": \"string\",\u001b[39m\n    \u001b[32m-           \"value\": \"o\",\u001b[39m\n    \u001b[32m-         },\u001b[39m\n    \u001b[32m-         Object {\u001b[39m\n    \u001b[32m-           \"properties\": Object {\u001b[39m\n    \u001b[32m-             \"length\": Object {\u001b[39m\n    \u001b[32m-               \"number\": 1,\u001b[39m\n    \u001b[32m-             },\u001b[39m\n    \u001b[32m-             \"split\": Object {\u001b[39m\n    \u001b[32m-               \"implementation\": [Function],\u001b[39m\n    \u001b[32m-             },\u001b[39m\n    \u001b[32m-             \"substr\": Object {\u001b[39m\n    \u001b[32m-               \"implementation\": [Function],\u001b[39m\n    \u001b[32m-             },\u001b[39m\n    \u001b[32m-             \"toString\": Object {\u001b[39m\n    \u001b[32m-               \"function\": Object {\u001b[39m\n    \u001b[32m-                 \"implementation\": [Function],\u001b[39m\n    \u001b[32m-               },\u001b[39m\n    \u001b[32m-             },\u001b[39m\n    \u001b[32m-           },\u001b[39m\n    \u001b[32m-           \"type\": \"string\",\u001b[39m\n    \u001b[32m-           \"value\": \"r\",\u001b[39m\n    \u001b[32m-         },\u001b[39m\n    \u001b[32m-         Object {\u001b[39m\n    \u001b[32m-           \"properties\": Object {\u001b[39m\n    \u001b[32m-             \"length\": Object {\u001b[39m\n    \u001b[32m-               \"number\": 1,\u001b[39m\n    \u001b[32m-             },\u001b[39m\n    \u001b[32m-             \"split\": Object {\u001b[39m\n    \u001b[32m-               \"implementation\": [Function],\u001b[39m\n    \u001b[32m-             },\u001b[39m\n    \u001b[32m-             \"substr\": Object {\u001b[39m\n    \u001b[32m-               \"implementation\": [Function],\u001b[39m\n    \u001b[32m-             },\u001b[39m\n    \u001b[32m-             \"toString\": Object {\u001b[39m\n    \u001b[32m-               \"function\": Object {\u001b[39m\n    \u001b[32m-                 \"implementation\": [Function],\u001b[39m\n    \u001b[32m-               },\u001b[39m\n    \u001b[32m-             },\u001b[39m\n    \u001b[32m-           },\u001b[39m\n    \u001b[32m-           \"type\": \"string\",\u001b[39m\n    \u001b[32m-           \"value\": \"l\",\u001b[39m\n    \u001b[32m-         },\u001b[39m\n    \u001b[32m-         Object {\u001b[39m\n    \u001b[32m-           \"properties\": Object {\u001b[39m\n    \u001b[32m-             \"length\": Object {\u001b[39m\n    \u001b[32m-               \"number\": 1,\u001b[39m\n    \u001b[32m-             },\u001b[39m\n    \u001b[32m-             \"split\": Object {\u001b[39m\n    \u001b[32m-               \"implementation\": [Function],\u001b[39m\n    \u001b[32m-             },\u001b[39m\n    \u001b[32m-             \"substr\": Object {\u001b[39m\n    \u001b[32m-               \"implementation\": [Function],\u001b[39m\n    \u001b[32m-             },\u001b[39m\n    \u001b[32m-             \"toString\": Object {\u001b[39m\n    \u001b[32m-               \"function\": Object {\u001b[39m\n    \u001b[32m-                 \"implementation\": [Function],\u001b[39m\n    \u001b[32m-               },\u001b[39m\n    \u001b[32m-             },\u001b[39m\n    \u001b[32m-           },\u001b[39m\n    \u001b[32m-           \"type\": \"string\",\u001b[39m\n    \u001b[32m-           \"value\": \"d\",\u001b[39m\n    \u001b[32m-         },\u001b[39m\n    \u001b[32m-       ],\u001b[39m\n    \u001b[32m-     },\u001b[39m\n    \u001b[32m-   ],\u001b[39m\n    \u001b[31m+   \"type\": \"undefined\",\u001b[39m\n    \u001b[2m  }\u001b[22m\n\u001b[2m\u001b[22m\n\u001b[2m    \u001b[0m \u001b[90m 41 | \u001b[39m      nodeInitialExecutionContext\u001b[0m\u001b[22m\n\u001b[2m    \u001b[0m \u001b[90m 42 | \u001b[39m    )[\u001b[35m0\u001b[39m]\u001b[0m\u001b[22m\n\u001b[2m    \u001b[0m\u001b[31m\u001b[1m>\u001b[2m\u001b[39m\u001b[90m 43 | \u001b[39m  )\u001b[33m.\u001b[39mtoMatchInlineSnapshot(\u001b[32m`\u001b[39m\u001b[0m\u001b[22m\n\u001b[2m    \u001b[0m \u001b[90m    | \u001b[39m    \u001b[31m\u001b[1m^\u001b[2m\u001b[39m\u001b[0m\u001b[22m\n\u001b[2m    \u001b[0m \u001b[90m 44 | \u001b[39m\u001b[32mObject {\u001b[39m\u001b[0m\u001b[22m\n\u001b[2m    \u001b[0m \u001b[90m 45 | \u001b[39m\u001b[32m  \"concrete\": undefined,\u001b[39m\u001b[0m\u001b[22m\n\u001b[2m    \u001b[0m \u001b[90m 46 | \u001b[39m\u001b[32m  \"properties\": Object {\u001b[39m\u001b[0m\u001b[22m\n\u001b[2m\u001b[22m\n\u001b[2m      \u001b[2mat Object.toMatchInlineSnapshot (\u001b[2m\u001b[0m\u001b[36msrc/prophet-tests/evaluateCode.spec.ts\u001b[39m\u001b[0m\u001b[2m:43:5)\u001b[2m\u001b[22m\n\n\u001b[1m\u001b[31m  \u001b[1m● \u001b[1m5\u001b[39m\u001b[22m\n\n    \u001b[2mexpect(\u001b[22m\u001b[31mvalue\u001b[39m\u001b[2m).toMatchSnapshot()\u001b[22m\n\n    \u001b[31mReceived value\u001b[39m does not match \u001b[32mstored snapshot \"5 1\"\u001b[39m.\n\n    \u001b[32m- Snapshot\u001b[39m\n    \u001b[31m+ Received\u001b[39m\n\n    \u001b[2m  Object {\u001b[22m\n    \u001b[32m-   \"concrete\": undefined,\u001b[39m\n    \u001b[32m-   \"properties\": Object {\u001b[39m\n    \u001b[32m-     \"join\": Object {\u001b[39m\n    \u001b[32m-       \"implementation\": [Function],\u001b[39m\n    \u001b[32m-     },\u001b[39m\n    \u001b[32m-     \"length\": Object {\u001b[39m\n    \u001b[32m-       \"gte\": 5,\u001b[39m\n    \u001b[32m-     },\u001b[39m\n    \u001b[32m-     \"reverse\": Object {\u001b[39m\n    \u001b[32m-       \"implementation\": [Function],\u001b[39m\n    \u001b[32m-     },\u001b[39m\n    \u001b[32m-   },\u001b[39m\n    \u001b[32m-   \"type\": \"array\",\u001b[39m\n    \u001b[32m-   \"value\": Array [\u001b[39m\n    \u001b[32m-     Object {\u001b[39m\n    \u001b[32m-       \"concrete\": true,\u001b[39m\n    \u001b[32m-       \"properties\": Object {\u001b[39m\n    \u001b[32m-         \"join\": Object {\u001b[39m\n    \u001b[32m-           \"implementation\": [Function],\u001b[39m\n    \u001b[32m-         },\u001b[39m\n    \u001b[32m-         \"length\": Object {\u001b[39m\n    \u001b[32m-           \"number\": 5,\u001b[39m\n    \u001b[32m-         },\u001b[39m\n    \u001b[32m-         \"reverse\": Object {\u001b[39m\n    \u001b[32m-           \"implementation\": [Function],\u001b[39m\n    \u001b[32m-         },\u001b[39m\n    \u001b[32m-       },\u001b[39m\n    \u001b[32m-       \"type\": \"array\",\u001b[39m\n    \u001b[32m-       \"value\": Array [\u001b[39m\n    \u001b[32m-         Object {\u001b[39m\n    \u001b[32m-           \"properties\": Object {\u001b[39m\n    \u001b[32m-             \"length\": Object {\u001b[39m\n    \u001b[32m-               \"number\": 1,\u001b[39m\n    \u001b[32m-             },\u001b[39m\n    \u001b[32m-             \"split\": Object {\u001b[39m\n    \u001b[32m-               \"implementation\": [Function],\u001b[39m\n    \u001b[32m-             },\u001b[39m\n    \u001b[32m-             \"substr\": Object {\u001b[39m\n    \u001b[32m-               \"implementation\": [Function],\u001b[39m\n    \u001b[32m-             },\u001b[39m\n    \u001b[32m-             \"toString\": Object {\u001b[39m\n    \u001b[32m-               \"function\": Object {\u001b[39m\n    \u001b[32m-                 \"implementation\": [Function],\u001b[39m\n    \u001b[32m-               },\u001b[39m\n    \u001b[32m-             },\u001b[39m\n    \u001b[32m-           },\u001b[39m\n    \u001b[32m-           \"type\": \"string\",\u001b[39m\n    \u001b[32m-           \"value\": \"d\",\u001b[39m\n    \u001b[32m-         },\u001b[39m\n    \u001b[32m-         Object {\u001b[39m\n    \u001b[32m-           \"properties\": Object {\u001b[39m\n    \u001b[32m-             \"length\": Object {\u001b[39m\n    \u001b[32m-               \"number\": 1,\u001b[39m\n    \u001b[32m-             },\u001b[39m\n    \u001b[32m-             \"split\": Object {\u001b[39m\n    \u001b[32m-               \"implementation\": [Function],\u001b[39m\n    \u001b[32m-             },\u001b[39m\n    \u001b[32m-             \"substr\": Object {\u001b[39m\n    \u001b[32m-               \"implementation\": [Function],\u001b[39m\n    \u001b[32m-             },\u001b[39m\n    \u001b[32m-             \"toString\": Object {\u001b[39m\n    \u001b[32m-               \"function\": Object {\u001b[39m\n    \u001b[32m-                 \"implementation\": [Function],\u001b[39m\n    \u001b[32m-               },\u001b[39m\n    \u001b[32m-             },\u001b[39m\n    \u001b[32m-           },\u001b[39m\n    \u001b[32m-           \"type\": \"string\",\u001b[39m\n    \u001b[32m-           \"value\": \"l\",\u001b[39m\n    \u001b[32m-         },\u001b[39m\n    \u001b[32m-         Object {\u001b[39m\n    \u001b[32m-           \"properties\": Object {\u001b[39m\n    \u001b[32m-             \"length\": Object {\u001b[39m\n    \u001b[32m-               \"number\": 1,\u001b[39m\n    \u001b[32m-             },\u001b[39m\n    \u001b[32m-             \"split\": Object {\u001b[39m\n    \u001b[32m-               \"implementation\": [Function],\u001b[39m\n    \u001b[32m-             },\u001b[39m\n    \u001b[32m-             \"substr\": Object {\u001b[39m\n    \u001b[32m-               \"implementation\": [Function],\u001b[39m\n    \u001b[32m-             },\u001b[39m\n    \u001b[32m-             \"toString\": Object {\u001b[39m\n    \u001b[32m-               \"function\": Object {\u001b[39m\n    \u001b[32m-                 \"implementation\": [Function],\u001b[39m\n    \u001b[32m-               },\u001b[39m\n    \u001b[32m-             },\u001b[39m\n    \u001b[32m-           },\u001b[39m\n    \u001b[32m-           \"type\": \"string\",\u001b[39m\n    \u001b[32m-           \"value\": \"r\",\u001b[39m\n    \u001b[32m-         },\u001b[39m\n    \u001b[32m-         Object {\u001b[39m\n    \u001b[32m-           \"properties\": Object {\u001b[39m\n    \u001b[32m-             \"length\": Object {\u001b[39m\n    \u001b[32m-               \"number\": 1,\u001b[39m\n    \u001b[32m-             },\u001b[39m\n    \u001b[32m-             \"split\": Object {\u001b[39m\n    \u001b[32m-               \"implementation\": [Function],\u001b[39m\n    \u001b[32m-             },\u001b[39m\n    \u001b[32m-             \"substr\": Object {\u001b[39m\n    \u001b[32m-               \"implementation\": [Function],\u001b[39m\n    \u001b[32m-             },\u001b[39m\n    \u001b[32m-             \"toString\": Object {\u001b[39m\n    \u001b[32m-               \"function\": Object {\u001b[39m\n    \u001b[32m-                 \"implementation\": [Function],\u001b[39m\n    \u001b[32m-               },\u001b[39m\n    \u001b[32m-             },\u001b[39m\n    \u001b[32m-           },\u001b[39m\n    \u001b[32m-           \"type\": \"string\",\u001b[39m\n    \u001b[32m-           \"value\": \"o\",\u001b[39m\n    \u001b[32m-         },\u001b[39m\n    \u001b[32m-         Object {\u001b[39m\n    \u001b[32m-           \"properties\": Object {\u001b[39m\n    \u001b[32m-             \"length\": Object {\u001b[39m\n    \u001b[32m-               \"number\": 1,\u001b[39m\n    \u001b[32m-             },\u001b[39m\n    \u001b[32m-             \"split\": Object {\u001b[39m\n    \u001b[32m-               \"implementation\": [Function],\u001b[39m\n    \u001b[32m-             },\u001b[39m\n    \u001b[32m-             \"substr\": Object {\u001b[39m\n    \u001b[32m-               \"implementation\": [Function],\u001b[39m\n    \u001b[32m-             },\u001b[39m\n    \u001b[32m-             \"toString\": Object {\u001b[39m\n    \u001b[32m-               \"function\": Object {\u001b[39m\n    \u001b[32m-                 \"implementation\": [Function],\u001b[39m\n    \u001b[32m-               },\u001b[39m\n    \u001b[32m-             },\u001b[39m\n    \u001b[32m-           },\u001b[39m\n    \u001b[32m-           \"type\": \"string\",\u001b[39m\n    \u001b[32m-           \"value\": \"W\",\u001b[39m\n    \u001b[32m-         },\u001b[39m\n    \u001b[32m-       ],\u001b[39m\n    \u001b[32m-     },\u001b[39m\n    \u001b[32m-     Object {\u001b[39m\n    \u001b[32m-       \"concrete\": undefined,\u001b[39m\n    \u001b[32m-       \"properties\": Object {\u001b[39m\n    \u001b[32m-         \"join\": Object {\u001b[39m\n    \u001b[32m-           \"implementation\": [Function],\u001b[39m\n    \u001b[32m-         },\u001b[39m\n    \u001b[32m-         \"length\": Object {},\u001b[39m\n    \u001b[32m-         \"reverse\": Object {\u001b[39m\n    \u001b[32m-           \"implementation\": [Function],\u001b[39m\n    \u001b[32m-         },\u001b[39m\n    \u001b[32m-       },\u001b[39m\n    \u001b[32m-       \"type\": \"array\",\u001b[39m\n    \u001b[32m-       \"value\": undefined,\u001b[39m\n    \u001b[32m-     },\u001b[39m\n    \u001b[32m-   ],\u001b[39m\n    \u001b[31m+   \"type\": \"undefined\",\u001b[39m\n    \u001b[2m  }\u001b[22m\n\u001b[2m\u001b[22m\n\u001b[2m    \u001b[0m \u001b[90m 199 | \u001b[39m      nodeInitialExecutionContext\u001b[0m\u001b[22m\n\u001b[2m    \u001b[0m \u001b[90m 200 | \u001b[39m    )[\u001b[35m0\u001b[39m]\u001b[0m\u001b[22m\n\u001b[2m    \u001b[0m\u001b[31m\u001b[1m>\u001b[2m\u001b[39m\u001b[90m 201 | \u001b[39m  )\u001b[33m.\u001b[39mtoMatchInlineSnapshot(\u001b[32m`\u001b[39m\u001b[0m\u001b[22m\n\u001b[2m    \u001b[0m \u001b[90m     | \u001b[39m    \u001b[31m\u001b[1m^\u001b[2m\u001b[39m\u001b[0m\u001b[22m\n\u001b[2m    \u001b[0m \u001b[90m 202 | \u001b[39m\u001b[32mObject {\u001b[39m\u001b[0m\u001b[22m\n\u001b[2m    \u001b[0m \u001b[90m 203 | \u001b[39m\u001b[32m  \"concrete\": undefined,\u001b[39m\u001b[0m\u001b[22m\n\u001b[2m    \u001b[0m \u001b[90m 204 | \u001b[39m\u001b[32m  \"properties\": Object {\u001b[39m\u001b[0m\u001b[22m\n\u001b[2m\u001b[22m\n\u001b[2m      \u001b[2mat Object.toMatchInlineSnapshot (\u001b[2m\u001b[0m\u001b[36msrc/prophet-tests/evaluateCode.spec.ts\u001b[39m\u001b[0m\u001b[2m:201:5)\u001b[2m\u001b[22m\n\n\u001b[1m\u001b[31m  \u001b[1m● \u001b[1m6\u001b[39m\u001b[22m\n\n    \u001b[2mexpect(\u001b[22m\u001b[31mvalue\u001b[39m\u001b[2m).toMatchSnapshot()\u001b[22m\n\n    \u001b[31mReceived value\u001b[39m does not match \u001b[32mstored snapshot \"6 1\"\u001b[39m.\n\n    \u001b[32m- Snapshot\u001b[39m\n    \u001b[31m+ Received\u001b[39m\n\n    \u001b[2m  Object {\u001b[22m\n    \u001b[32m-   \"properties\": Object {\u001b[39m\n    \u001b[32m-     \"length\": Object {\u001b[39m\n    \u001b[32m-       \"gte\": 5,\u001b[39m\n    \u001b[32m-     },\u001b[39m\n    \u001b[32m-     \"split\": Object {\u001b[39m\n    \u001b[32m-       \"implementation\": [Function],\u001b[39m\n    \u001b[32m-     },\u001b[39m\n    \u001b[32m-     \"substr\": Object {\u001b[39m\n    \u001b[32m-       \"implementation\": [Function],\u001b[39m\n    \u001b[32m-     },\u001b[39m\n    \u001b[32m-     \"toString\": Object {\u001b[39m\n    \u001b[32m-       \"function\": Object {\u001b[39m\n    \u001b[32m-         \"implementation\": [Function],\u001b[39m\n    \u001b[32m-       },\u001b[39m\n    \u001b[32m-     },\u001b[39m\n    \u001b[32m-   },\u001b[39m\n    \u001b[32m-   \"type\": \"string\",\u001b[39m\n    \u001b[32m-   \"value\": Array [\u001b[39m\n    \u001b[32m-     Object {\u001b[39m\n    \u001b[32m-       \"properties\": Object {\u001b[39m\n    \u001b[32m-         \"length\": Object {},\u001b[39m\n    \u001b[32m-         \"split\": Object {\u001b[39m\n    \u001b[32m-           \"implementation\": [Function],\u001b[39m\n    \u001b[32m-         },\u001b[39m\n    \u001b[32m-         \"substr\": Object {\u001b[39m\n    \u001b[32m-           \"implementation\": [Function],\u001b[39m\n    \u001b[32m-         },\u001b[39m\n    \u001b[32m-         \"toString\": Object {\u001b[39m\n    \u001b[32m-           \"function\": Object {\u001b[39m\n    \u001b[32m-             \"implementation\": [Function],\u001b[39m\n    \u001b[32m-           },\u001b[39m\n    \u001b[32m-         },\u001b[39m\n    \u001b[32m-       },\u001b[39m\n    \u001b[32m-       \"type\": \"string\",\u001b[39m\n    \u001b[32m-       \"value\": \"dlroW\",\u001b[39m\n    \u001b[32m-     },\u001b[39m\n    \u001b[32m-     Object {\u001b[39m\n    \u001b[32m-       \"properties\": Object {\u001b[39m\n    \u001b[32m-         \"length\": Object {},\u001b[39m\n    \u001b[32m-         \"split\": Object {\u001b[39m\n    \u001b[32m-           \"implementation\": [Function],\u001b[39m\n    \u001b[32m-         },\u001b[39m\n    \u001b[32m-         \"substr\": Object {\u001b[39m\n    \u001b[32m-           \"implementation\": [Function],\u001b[39m\n    \u001b[32m-         },\u001b[39m\n    \u001b[32m-         \"toString\": Object {\u001b[39m\n    \u001b[32m-           \"function\": Object {\u001b[39m\n    \u001b[32m-             \"implementation\": [Function],\u001b[39m\n    \u001b[32m-           },\u001b[39m\n    \u001b[32m-         },\u001b[39m\n    \u001b[32m-       },\u001b[39m\n    \u001b[32m-       \"type\": \"string\",\u001b[39m\n    \u001b[32m-       \"value\": undefined,\u001b[39m\n    \u001b[32m-     },\u001b[39m\n    \u001b[32m-   ],\u001b[39m\n    \u001b[31m+   \"type\": \"undefined\",\u001b[39m\n    \u001b[2m  }\u001b[22m\n\u001b[2m\u001b[22m\n\u001b[2m    \u001b[0m \u001b[90m 357 | \u001b[39m      nodeInitialExecutionContext\u001b[0m\u001b[22m\n\u001b[2m    \u001b[0m \u001b[90m 358 | \u001b[39m    )[\u001b[35m0\u001b[39m]\u001b[0m\u001b[22m\n\u001b[2m    \u001b[0m\u001b[31m\u001b[1m>\u001b[2m\u001b[39m\u001b[90m 359 | \u001b[39m  )\u001b[33m.\u001b[39mtoMatchInlineSnapshot(\u001b[32m`\u001b[39m\u001b[0m\u001b[22m\n\u001b[2m    \u001b[0m \u001b[90m     | \u001b[39m    \u001b[31m\u001b[1m^\u001b[2m\u001b[39m\u001b[0m\u001b[22m\n\u001b[2m    \u001b[0m \u001b[90m 360 | \u001b[39m\u001b[32mObject {\u001b[39m\u001b[0m\u001b[22m\n\u001b[2m    \u001b[0m \u001b[90m 361 | \u001b[39m\u001b[32m  \"properties\": Object {\u001b[39m\u001b[0m\u001b[22m\n\u001b[2m    \u001b[0m \u001b[90m 362 | \u001b[39m\u001b[32m    \"length\": Object {\u001b[39m\u001b[0m\u001b[22m\n\u001b[2m\u001b[22m\n\u001b[2m      \u001b[2mat Object.toMatchInlineSnapshot (\u001b[2m\u001b[0m\u001b[36msrc/prophet-tests/evaluateCode.spec.ts\u001b[39m\u001b[0m\u001b[2m:359:5)\u001b[2m\u001b[22m\n\n\u001b[1m\u001b[31m  \u001b[1m● \u001b[1m3\u001b[39m\u001b[22m\n\n    \u001b[2mexpect(\u001b[22m\u001b[31mvalue\u001b[39m\u001b[2m).toMatchSnapshot()\u001b[22m\n\n    \u001b[31mReceived value\u001b[39m does not match \u001b[32mstored snapshot \"3 1\"\u001b[39m.\n\n    \u001b[32m- Snapshot\u001b[39m\n    \u001b[31m+ Received\u001b[39m\n\n    \u001b[2m  Object {\u001b[22m\n    \u001b[32m-   \"properties\": Object {\u001b[39m\n    \u001b[32m-     \"length\": Object {\u001b[39m\n    \u001b[32m-       \"number\": 2,\u001b[39m\n    \u001b[32m-     },\u001b[39m\n    \u001b[32m-     \"split\": Object {\u001b[39m\n    \u001b[32m-       \"implementation\": [Function],\u001b[39m\n    \u001b[32m-     },\u001b[39m\n    \u001b[32m-     \"substr\": Object {\u001b[39m\n    \u001b[32m-       \"implementation\": [Function],\u001b[39m\n    \u001b[32m-     },\u001b[39m\n    \u001b[32m-     \"toString\": Object {\u001b[39m\n    \u001b[32m-       \"function\": Object {\u001b[39m\n    \u001b[32m-         \"implementation\": [Function],\u001b[39m\n    \u001b[32m-       },\u001b[39m\n    \u001b[32m-     },\u001b[39m\n    \u001b[32m-   },\u001b[39m\n    \u001b[32m-   \"type\": \"string\",\u001b[39m\n    \u001b[32m-   \"value\": \"dl\",\u001b[39m\n    \u001b[31m+   \"type\": \"undefined\",\u001b[39m\n    \u001b[2m  }\u001b[22m\n\u001b[2m\u001b[22m\n\u001b[2m    \u001b[0m \u001b[90m 424 | \u001b[39m      nodeInitialExecutionContext\u001b[0m\u001b[22m\n\u001b[2m    \u001b[0m \u001b[90m 425 | \u001b[39m    )[\u001b[35m0\u001b[39m]\u001b[0m\u001b[22m\n\u001b[2m    \u001b[0m\u001b[31m\u001b[1m>\u001b[2m\u001b[39m\u001b[90m 426 | \u001b[39m  )\u001b[33m.\u001b[39mtoMatchInlineSnapshot(\u001b[32m`\u001b[39m\u001b[0m\u001b[22m\n\u001b[2m    \u001b[0m \u001b[90m     | \u001b[39m    \u001b[31m\u001b[1m^\u001b[2m\u001b[39m\u001b[0m\u001b[22m\n\u001b[2m    \u001b[0m \u001b[90m 427 | \u001b[39m\u001b[32mObject {\u001b[39m\u001b[0m\u001b[22m\n\u001b[2m    \u001b[0m \u001b[90m 428 | \u001b[39m\u001b[32m  \"properties\": Object {\u001b[39m\u001b[0m\u001b[22m\n\u001b[2m    \u001b[0m \u001b[90m 429 | \u001b[39m\u001b[32m    \"length\": Object {\u001b[39m\u001b[0m\u001b[22m\n\u001b[2m\u001b[22m\n\u001b[2m      \u001b[2mat Object.toMatchInlineSnapshot (\u001b[2m\u001b[0m\u001b[36msrc/prophet-tests/evaluateCode.spec.ts\u001b[39m\u001b[0m\u001b[2m:426:5)\u001b[2m\u001b[22m\n\n\u001b[1m\u001b[31m  \u001b[1m● \u001b[1m.length › (prompt() + \"World\").split(\"\")\u001b[39m\u001b[22m\n\n    \u001b[2mexpect(\u001b[22m\u001b[31mreceived\u001b[39m\u001b[2m).toEqual(\u001b[22m\u001b[32mexpected\u001b[39m\u001b[2m)\u001b[22m\n\n    Difference:\n\n    \u001b[32m- Expected\u001b[39m\n    \u001b[31m+ Received\u001b[39m\n\n    \u001b[2m  Object {\u001b[22m\n    \u001b[32m-   \"gte\": 5,\u001b[39m\n    \u001b[31m+   \"type\": \"undefined\",\u001b[39m\n    \u001b[2m  }\u001b[22m\n\u001b[2m\u001b[22m\n\u001b[2m    \u001b[0m \u001b[90m 455 | \u001b[39m        nodeInitialExecutionContext\u001b[0m\u001b[22m\n\u001b[2m    \u001b[0m \u001b[90m 456 | \u001b[39m      )[\u001b[35m0\u001b[39m]\u001b[0m\u001b[22m\n\u001b[2m    \u001b[0m\u001b[31m\u001b[1m>\u001b[2m\u001b[39m\u001b[90m 457 | \u001b[39m    )\u001b[33m.\u001b[39mtoEqual({\u001b[0m\u001b[22m\n\u001b[2m    \u001b[0m \u001b[90m     | \u001b[39m      \u001b[31m\u001b[1m^\u001b[2m\u001b[39m\u001b[0m\u001b[22m\n\u001b[2m    \u001b[0m \u001b[90m 458 | \u001b[39m      gte\u001b[33m:\u001b[39m \u001b[35m5\u001b[39m\u001b[0m\u001b[22m\n\u001b[2m    \u001b[0m \u001b[90m 459 | \u001b[39m    })\u001b[33m;\u001b[39m\u001b[0m\u001b[22m\n\u001b[2m    \u001b[0m \u001b[90m 460 | \u001b[39m  })\u001b[33m;\u001b[39m\u001b[0m\u001b[22m\n\u001b[2m\u001b[22m\n\u001b[2m      \u001b[2mat Object.toEqual (\u001b[2m\u001b[0m\u001b[36msrc/prophet-tests/evaluateCode.spec.ts\u001b[39m\u001b[0m\u001b[2m:457:7)\u001b[2m\u001b[22m\n\n\u001b[1m\u001b[31m  \u001b[1m● \u001b[1m> › (greaterThanEquals, number)\u001b[39m\u001b[22m\n\n    \u001b[2mexpect(\u001b[22m\u001b[31mreceived\u001b[39m\u001b[2m).toEqual(\u001b[22m\u001b[32mexpected\u001b[39m\u001b[2m)\u001b[22m\n\n    Expected: \u001b[32mtrue\u001b[39m\n    Received: \u001b[31m{\"type\": \"undefined\"}\u001b[39m\n\u001b[2m\u001b[22m\n\u001b[2m    \u001b[0m \u001b[90m 468 | \u001b[39m        nodeInitialExecutionContext\u001b[0m\u001b[22m\n\u001b[2m    \u001b[0m \u001b[90m 469 | \u001b[39m      )[\u001b[35m0\u001b[39m]\u001b[0m\u001b[22m\n\u001b[2m    \u001b[0m\u001b[31m\u001b[1m>\u001b[2m\u001b[39m\u001b[90m 470 | \u001b[39m    )\u001b[33m.\u001b[39mtoEqual(\u001b[36mtrue\u001b[39m)\u001b[33m;\u001b[39m\u001b[0m\u001b[22m\n\u001b[2m    \u001b[0m \u001b[90m     | \u001b[39m      \u001b[31m\u001b[1m^\u001b[2m\u001b[39m\u001b[0m\u001b[22m\n\u001b[2m    \u001b[0m \u001b[90m 471 | \u001b[39m  })\u001b[33m;\u001b[39m\u001b[0m\u001b[22m\n\u001b[2m    \u001b[0m \u001b[90m 472 | \u001b[39m})\u001b[33m;\u001b[39m\u001b[0m\u001b[22m\n\u001b[2m    \u001b[0m \u001b[90m 473 | \u001b[39m\u001b[0m\u001b[22m\n\u001b[2m\u001b[22m\n\u001b[2m      \u001b[2mat Object.toEqual (\u001b[2m\u001b[0m\u001b[36msrc/prophet-tests/evaluateCode.spec.ts\u001b[39m\u001b[0m\u001b[2m:470:7)\u001b[2m\u001b[22m\n",
      "numFailingTests": 9,
      "numPassingTests": 0,
      "numPendingTests": 0,
      "numTodoTests": 0,
      "perfStats": {
        "end": 1550222977402,
        "start": 1550222972148
      },
      "snapshot": {
        "added": 0,
        "fileDeleted": false,
        "matched": 0,
        "unchecked": 0,
        "unmatched": 4,
        "updated": 0,
        "uncheckedKeys": []
      },
      "testFilePath": "/Users/netanelgilad/Development/deaven/src/prophet-tests/evaluateCode.spec.ts",
      "testResults": [
        {
          "ancestorTitles": [
            "Math.round"
          ],
          "duration": 20,
          "failureMessages": [
            "Error: \u001b[2mexpect(\u001b[22m\u001b[31mreceived\u001b[39m\u001b[2m).toBe(\u001b[22m\u001b[32mexpected\u001b[39m\u001b[2m) // Object.is equality\u001b[22m\n\nExpected: \u001b[32m{}\u001b[39m\nReceived: \u001b[31m{\"type\": \"undefined\"}\u001b[39m\n\nDifference:\n\n\u001b[32m- Expected\u001b[39m\n\u001b[31m+ Received\u001b[39m\n\n\u001b[32m- Object {}\u001b[39m\n\u001b[31m+ Object {\u001b[39m\n\u001b[31m+   \"type\": \"undefined\",\u001b[39m\n\u001b[31m+ }\u001b[39m\n    at Object.toBe (/Users/netanelgilad/Development/deaven/src/prophet-tests/evaluateCode.spec.ts:13:7)\n    at Object.asyncJestTest (/Users/netanelgilad/Development/deaven/node_modules/jest-jasmine2/build/jasmineAsyncInstall.js:102:37)\n    at resolve (/Users/netanelgilad/Development/deaven/node_modules/jest-jasmine2/build/queueRunner.js:41:12)\n    at new Promise (<anonymous>)\n    at mapper (/Users/netanelgilad/Development/deaven/node_modules/jest-jasmine2/build/queueRunner.js:26:19)\n    at promise.then (/Users/netanelgilad/Development/deaven/node_modules/jest-jasmine2/build/queueRunner.js:71:41)\n    at processTicksAndRejections (internal/process/next_tick.js:81:5)"
          ],
          "fullName": "Math.round ()",
          "location": null,
          "numPassingAsserts": 0,
          "status": "failed",
          "title": "()"
        },
        {
          "ancestorTitles": [
            "Math.round"
          ],
          "duration": 4,
          "failureMessages": [
            "Error: \u001b[2mexpect(\u001b[22m\u001b[31mreceived\u001b[39m\u001b[2m).toBe(\u001b[22m\u001b[32mexpected\u001b[39m\u001b[2m) // Object.is equality\u001b[22m\n\nExpected: \u001b[32m{}\u001b[39m\nReceived: \u001b[31m{\"type\": \"undefined\"}\u001b[39m\n\nDifference:\n\n\u001b[32m- Expected\u001b[39m\n\u001b[31m+ Received\u001b[39m\n\n\u001b[32m- Object {}\u001b[39m\n\u001b[31m+ Object {\u001b[39m\n\u001b[31m+   \"type\": \"undefined\",\u001b[39m\n\u001b[31m+ }\u001b[39m\n    at Object.toBe (/Users/netanelgilad/Development/deaven/src/prophet-tests/evaluateCode.spec.ts:22:7)\n    at Object.asyncJestTest (/Users/netanelgilad/Development/deaven/node_modules/jest-jasmine2/build/jasmineAsyncInstall.js:102:37)\n    at resolve (/Users/netanelgilad/Development/deaven/node_modules/jest-jasmine2/build/queueRunner.js:41:12)\n    at new Promise (<anonymous>)\n    at mapper (/Users/netanelgilad/Development/deaven/node_modules/jest-jasmine2/build/queueRunner.js:26:19)\n    at promise.then (/Users/netanelgilad/Development/deaven/node_modules/jest-jasmine2/build/queueRunner.js:71:41)\n    at processTicksAndRejections (internal/process/next_tick.js:81:5)"
          ],
          "fullName": "Math.round (string)",
          "location": null,
          "numPassingAsserts": 0,
          "status": "failed",
          "title": "(string)"
        },
        {
          "ancestorTitles": [
            "Math.round"
          ],
          "duration": 7,
          "failureMessages": [
            "Error: \u001b[2mexpect(\u001b[22m\u001b[31mreceived\u001b[39m\u001b[2m).toEqual(\u001b[22m\u001b[32mexpected\u001b[39m\u001b[2m)\u001b[22m\n\nDifference:\n\n\u001b[32m- Expected\u001b[39m\n\u001b[31m+ Received\u001b[39m\n\n\u001b[2m  Object {\u001b[22m\n\u001b[32m-   \"number\": 4,\u001b[39m\n\u001b[31m+   \"type\": \"undefined\",\u001b[39m\n\u001b[2m  }\u001b[22m\n    at Object.toEqual (/Users/netanelgilad/Development/deaven/src/prophet-tests/evaluateCode.spec.ts:31:7)\n    at Object.asyncJestTest (/Users/netanelgilad/Development/deaven/node_modules/jest-jasmine2/build/jasmineAsyncInstall.js:102:37)\n    at resolve (/Users/netanelgilad/Development/deaven/node_modules/jest-jasmine2/build/queueRunner.js:41:12)\n    at new Promise (<anonymous>)\n    at mapper (/Users/netanelgilad/Development/deaven/node_modules/jest-jasmine2/build/queueRunner.js:26:19)\n    at promise.then (/Users/netanelgilad/Development/deaven/node_modules/jest-jasmine2/build/queueRunner.js:71:41)\n    at processTicksAndRejections (internal/process/next_tick.js:81:5)"
          ],
          "fullName": "Math.round (number)",
          "location": null,
          "numPassingAsserts": 0,
          "status": "failed",
          "title": "(number)"
        },
        {
          "ancestorTitles": [],
          "duration": 5,
          "failureMessages": [
            "Error: \u001b[2mexpect(\u001b[22m\u001b[31mvalue\u001b[39m\u001b[2m).toMatchSnapshot()\u001b[22m\n\n\u001b[31mReceived value\u001b[39m does not match \u001b[32mstored snapshot \"4 1\"\u001b[39m.\n\n\u001b[32m- Snapshot\u001b[39m\n\u001b[31m+ Received\u001b[39m\n\n\u001b[2m  Object {\u001b[22m\n\u001b[32m-   \"concrete\": undefined,\u001b[39m\n\u001b[32m-   \"properties\": Object {\u001b[39m\n\u001b[32m-     \"join\": Object {\u001b[39m\n\u001b[32m-       \"implementation\": [Function],\u001b[39m\n\u001b[32m-     },\u001b[39m\n\u001b[32m-     \"length\": Object {\u001b[39m\n\u001b[32m-       \"gte\": 5,\u001b[39m\n\u001b[32m-     },\u001b[39m\n\u001b[32m-     \"reverse\": Object {\u001b[39m\n\u001b[32m-       \"implementation\": [Function],\u001b[39m\n\u001b[32m-     },\u001b[39m\n\u001b[32m-   },\u001b[39m\n\u001b[32m-   \"type\": \"array\",\u001b[39m\n\u001b[32m-   \"value\": Array [\u001b[39m\n\u001b[32m-     Object {\u001b[39m\n\u001b[32m-       \"concrete\": undefined,\u001b[39m\n\u001b[32m-       \"properties\": Object {\u001b[39m\n\u001b[32m-         \"join\": Object {\u001b[39m\n\u001b[32m-           \"implementation\": [Function],\u001b[39m\n\u001b[32m-         },\u001b[39m\n\u001b[32m-         \"length\": Object {},\u001b[39m\n\u001b[32m-         \"reverse\": Object {\u001b[39m\n\u001b[32m-           \"implementation\": [Function],\u001b[39m\n\u001b[32m-         },\u001b[39m\n\u001b[32m-       },\u001b[39m\n\u001b[32m-       \"type\": \"array\",\u001b[39m\n\u001b[32m-       \"value\": undefined,\u001b[39m\n\u001b[32m-     },\u001b[39m\n\u001b[32m-     Object {\u001b[39m\n\u001b[32m-       \"concrete\": true,\u001b[39m\n\u001b[32m-       \"properties\": Object {\u001b[39m\n\u001b[32m-         \"join\": Object {\u001b[39m\n\u001b[32m-           \"implementation\": [Function],\u001b[39m\n\u001b[32m-         },\u001b[39m\n\u001b[32m-         \"length\": Object {\u001b[39m\n\u001b[32m-           \"number\": 5,\u001b[39m\n\u001b[32m-         },\u001b[39m\n\u001b[32m-         \"reverse\": Object {\u001b[39m\n\u001b[32m-           \"implementation\": [Function],\u001b[39m\n\u001b[32m-         },\u001b[39m\n\u001b[32m-       },\u001b[39m\n\u001b[32m-       \"type\": \"array\",\u001b[39m\n\u001b[32m-       \"value\": Array [\u001b[39m\n\u001b[32m-         Object {\u001b[39m\n\u001b[32m-           \"properties\": Object {\u001b[39m\n\u001b[32m-             \"length\": Object {\u001b[39m\n\u001b[32m-               \"number\": 1,\u001b[39m\n\u001b[32m-             },\u001b[39m\n\u001b[32m-             \"split\": Object {\u001b[39m\n\u001b[32m-               \"implementation\": [Function],\u001b[39m\n\u001b[32m-             },\u001b[39m\n\u001b[32m-             \"substr\": Object {\u001b[39m\n\u001b[32m-               \"implementation\": [Function],\u001b[39m\n\u001b[32m-             },\u001b[39m\n\u001b[32m-             \"toString\": Object {\u001b[39m\n\u001b[32m-               \"function\": Object {\u001b[39m\n\u001b[32m-                 \"implementation\": [Function],\u001b[39m\n\u001b[32m-               },\u001b[39m\n\u001b[32m-             },\u001b[39m\n\u001b[32m-           },\u001b[39m\n\u001b[32m-           \"type\": \"string\",\u001b[39m\n\u001b[32m-           \"value\": \"W\",\u001b[39m\n\u001b[32m-         },\u001b[39m\n\u001b[32m-         Object {\u001b[39m\n\u001b[32m-           \"properties\": Object {\u001b[39m\n\u001b[32m-             \"length\": Object {\u001b[39m\n\u001b[32m-               \"number\": 1,\u001b[39m\n\u001b[32m-             },\u001b[39m\n\u001b[32m-             \"split\": Object {\u001b[39m\n\u001b[32m-               \"implementation\": [Function],\u001b[39m\n\u001b[32m-             },\u001b[39m\n\u001b[32m-             \"substr\": Object {\u001b[39m\n\u001b[32m-               \"implementation\": [Function],\u001b[39m\n\u001b[32m-             },\u001b[39m\n\u001b[32m-             \"toString\": Object {\u001b[39m\n\u001b[32m-               \"function\": Object {\u001b[39m\n\u001b[32m-                 \"implementation\": [Function],\u001b[39m\n\u001b[32m-               },\u001b[39m\n\u001b[32m-             },\u001b[39m\n\u001b[32m-           },\u001b[39m\n\u001b[32m-           \"type\": \"string\",\u001b[39m\n\u001b[32m-           \"value\": \"o\",\u001b[39m\n\u001b[32m-         },\u001b[39m\n\u001b[32m-         Object {\u001b[39m\n\u001b[32m-           \"properties\": Object {\u001b[39m\n\u001b[32m-             \"length\": Object {\u001b[39m\n\u001b[32m-               \"number\": 1,\u001b[39m\n\u001b[32m-             },\u001b[39m\n\u001b[32m-             \"split\": Object {\u001b[39m\n\u001b[32m-               \"implementation\": [Function],\u001b[39m\n\u001b[32m-             },\u001b[39m\n\u001b[32m-             \"substr\": Object {\u001b[39m\n\u001b[32m-               \"implementation\": [Function],\u001b[39m\n\u001b[32m-             },\u001b[39m\n\u001b[32m-             \"toString\": Object {\u001b[39m\n\u001b[32m-               \"function\": Object {\u001b[39m\n\u001b[32m-                 \"implementation\": [Function],\u001b[39m\n\u001b[32m-               },\u001b[39m\n\u001b[32m-             },\u001b[39m\n\u001b[32m-           },\u001b[39m\n\u001b[32m-           \"type\": \"string\",\u001b[39m\n\u001b[32m-           \"value\": \"r\",\u001b[39m\n\u001b[32m-         },\u001b[39m\n\u001b[32m-         Object {\u001b[39m\n\u001b[32m-           \"properties\": Object {\u001b[39m\n\u001b[32m-             \"length\": Object {\u001b[39m\n\u001b[32m-               \"number\": 1,\u001b[39m\n\u001b[32m-             },\u001b[39m\n\u001b[32m-             \"split\": Object {\u001b[39m\n\u001b[32m-               \"implementation\": [Function],\u001b[39m\n\u001b[32m-             },\u001b[39m\n\u001b[32m-             \"substr\": Object {\u001b[39m\n\u001b[32m-               \"implementation\": [Function],\u001b[39m\n\u001b[32m-             },\u001b[39m\n\u001b[32m-             \"toString\": Object {\u001b[39m\n\u001b[32m-               \"function\": Object {\u001b[39m\n\u001b[32m-                 \"implementation\": [Function],\u001b[39m\n\u001b[32m-               },\u001b[39m\n\u001b[32m-             },\u001b[39m\n\u001b[32m-           },\u001b[39m\n\u001b[32m-           \"type\": \"string\",\u001b[39m\n\u001b[32m-           \"value\": \"l\",\u001b[39m\n\u001b[32m-         },\u001b[39m\n\u001b[32m-         Object {\u001b[39m\n\u001b[32m-           \"properties\": Object {\u001b[39m\n\u001b[32m-             \"length\": Object {\u001b[39m\n\u001b[32m-               \"number\": 1,\u001b[39m\n\u001b[32m-             },\u001b[39m\n\u001b[32m-             \"split\": Object {\u001b[39m\n\u001b[32m-               \"implementation\": [Function],\u001b[39m\n\u001b[32m-             },\u001b[39m\n\u001b[32m-             \"substr\": Object {\u001b[39m\n\u001b[32m-               \"implementation\": [Function],\u001b[39m\n\u001b[32m-             },\u001b[39m\n\u001b[32m-             \"toString\": Object {\u001b[39m\n\u001b[32m-               \"function\": Object {\u001b[39m\n\u001b[32m-                 \"implementation\": [Function],\u001b[39m\n\u001b[32m-               },\u001b[39m\n\u001b[32m-             },\u001b[39m\n\u001b[32m-           },\u001b[39m\n\u001b[32m-           \"type\": \"string\",\u001b[39m\n\u001b[32m-           \"value\": \"d\",\u001b[39m\n\u001b[32m-         },\u001b[39m\n\u001b[32m-       ],\u001b[39m\n\u001b[32m-     },\u001b[39m\n\u001b[32m-   ],\u001b[39m\n\u001b[31m+   \"type\": \"undefined\",\u001b[39m\n\u001b[2m  }\u001b[22m\n    at Object.toMatchInlineSnapshot (/Users/netanelgilad/Development/deaven/src/prophet-tests/evaluateCode.spec.ts:43:5)\n    at Object.asyncJestTest (/Users/netanelgilad/Development/deaven/node_modules/jest-jasmine2/build/jasmineAsyncInstall.js:102:37)\n    at resolve (/Users/netanelgilad/Development/deaven/node_modules/jest-jasmine2/build/queueRunner.js:41:12)\n    at new Promise (<anonymous>)\n    at mapper (/Users/netanelgilad/Development/deaven/node_modules/jest-jasmine2/build/queueRunner.js:26:19)\n    at promise.then (/Users/netanelgilad/Development/deaven/node_modules/jest-jasmine2/build/queueRunner.js:71:41)\n    at processTicksAndRejections (internal/process/next_tick.js:81:5)"
          ],
          "fullName": "4",
          "location": null,
          "numPassingAsserts": 0,
          "status": "failed",
          "title": "4"
        },
        {
          "ancestorTitles": [],
          "duration": 2,
          "failureMessages": [
            "Error: \u001b[2mexpect(\u001b[22m\u001b[31mvalue\u001b[39m\u001b[2m).toMatchSnapshot()\u001b[22m\n\n\u001b[31mReceived value\u001b[39m does not match \u001b[32mstored snapshot \"5 1\"\u001b[39m.\n\n\u001b[32m- Snapshot\u001b[39m\n\u001b[31m+ Received\u001b[39m\n\n\u001b[2m  Object {\u001b[22m\n\u001b[32m-   \"concrete\": undefined,\u001b[39m\n\u001b[32m-   \"properties\": Object {\u001b[39m\n\u001b[32m-     \"join\": Object {\u001b[39m\n\u001b[32m-       \"implementation\": [Function],\u001b[39m\n\u001b[32m-     },\u001b[39m\n\u001b[32m-     \"length\": Object {\u001b[39m\n\u001b[32m-       \"gte\": 5,\u001b[39m\n\u001b[32m-     },\u001b[39m\n\u001b[32m-     \"reverse\": Object {\u001b[39m\n\u001b[32m-       \"implementation\": [Function],\u001b[39m\n\u001b[32m-     },\u001b[39m\n\u001b[32m-   },\u001b[39m\n\u001b[32m-   \"type\": \"array\",\u001b[39m\n\u001b[32m-   \"value\": Array [\u001b[39m\n\u001b[32m-     Object {\u001b[39m\n\u001b[32m-       \"concrete\": true,\u001b[39m\n\u001b[32m-       \"properties\": Object {\u001b[39m\n\u001b[32m-         \"join\": Object {\u001b[39m\n\u001b[32m-           \"implementation\": [Function],\u001b[39m\n\u001b[32m-         },\u001b[39m\n\u001b[32m-         \"length\": Object {\u001b[39m\n\u001b[32m-           \"number\": 5,\u001b[39m\n\u001b[32m-         },\u001b[39m\n\u001b[32m-         \"reverse\": Object {\u001b[39m\n\u001b[32m-           \"implementation\": [Function],\u001b[39m\n\u001b[32m-         },\u001b[39m\n\u001b[32m-       },\u001b[39m\n\u001b[32m-       \"type\": \"array\",\u001b[39m\n\u001b[32m-       \"value\": Array [\u001b[39m\n\u001b[32m-         Object {\u001b[39m\n\u001b[32m-           \"properties\": Object {\u001b[39m\n\u001b[32m-             \"length\": Object {\u001b[39m\n\u001b[32m-               \"number\": 1,\u001b[39m\n\u001b[32m-             },\u001b[39m\n\u001b[32m-             \"split\": Object {\u001b[39m\n\u001b[32m-               \"implementation\": [Function],\u001b[39m\n\u001b[32m-             },\u001b[39m\n\u001b[32m-             \"substr\": Object {\u001b[39m\n\u001b[32m-               \"implementation\": [Function],\u001b[39m\n\u001b[32m-             },\u001b[39m\n\u001b[32m-             \"toString\": Object {\u001b[39m\n\u001b[32m-               \"function\": Object {\u001b[39m\n\u001b[32m-                 \"implementation\": [Function],\u001b[39m\n\u001b[32m-               },\u001b[39m\n\u001b[32m-             },\u001b[39m\n\u001b[32m-           },\u001b[39m\n\u001b[32m-           \"type\": \"string\",\u001b[39m\n\u001b[32m-           \"value\": \"d\",\u001b[39m\n\u001b[32m-         },\u001b[39m\n\u001b[32m-         Object {\u001b[39m\n\u001b[32m-           \"properties\": Object {\u001b[39m\n\u001b[32m-             \"length\": Object {\u001b[39m\n\u001b[32m-               \"number\": 1,\u001b[39m\n\u001b[32m-             },\u001b[39m\n\u001b[32m-             \"split\": Object {\u001b[39m\n\u001b[32m-               \"implementation\": [Function],\u001b[39m\n\u001b[32m-             },\u001b[39m\n\u001b[32m-             \"substr\": Object {\u001b[39m\n\u001b[32m-               \"implementation\": [Function],\u001b[39m\n\u001b[32m-             },\u001b[39m\n\u001b[32m-             \"toString\": Object {\u001b[39m\n\u001b[32m-               \"function\": Object {\u001b[39m\n\u001b[32m-                 \"implementation\": [Function],\u001b[39m\n\u001b[32m-               },\u001b[39m\n\u001b[32m-             },\u001b[39m\n\u001b[32m-           },\u001b[39m\n\u001b[32m-           \"type\": \"string\",\u001b[39m\n\u001b[32m-           \"value\": \"l\",\u001b[39m\n\u001b[32m-         },\u001b[39m\n\u001b[32m-         Object {\u001b[39m\n\u001b[32m-           \"properties\": Object {\u001b[39m\n\u001b[32m-             \"length\": Object {\u001b[39m\n\u001b[32m-               \"number\": 1,\u001b[39m\n\u001b[32m-             },\u001b[39m\n\u001b[32m-             \"split\": Object {\u001b[39m\n\u001b[32m-               \"implementation\": [Function],\u001b[39m\n\u001b[32m-             },\u001b[39m\n\u001b[32m-             \"substr\": Object {\u001b[39m\n\u001b[32m-               \"implementation\": [Function],\u001b[39m\n\u001b[32m-             },\u001b[39m\n\u001b[32m-             \"toString\": Object {\u001b[39m\n\u001b[32m-               \"function\": Object {\u001b[39m\n\u001b[32m-                 \"implementation\": [Function],\u001b[39m\n\u001b[32m-               },\u001b[39m\n\u001b[32m-             },\u001b[39m\n\u001b[32m-           },\u001b[39m\n\u001b[32m-           \"type\": \"string\",\u001b[39m\n\u001b[32m-           \"value\": \"r\",\u001b[39m\n\u001b[32m-         },\u001b[39m\n\u001b[32m-         Object {\u001b[39m\n\u001b[32m-           \"properties\": Object {\u001b[39m\n\u001b[32m-             \"length\": Object {\u001b[39m\n\u001b[32m-               \"number\": 1,\u001b[39m\n\u001b[32m-             },\u001b[39m\n\u001b[32m-             \"split\": Object {\u001b[39m\n\u001b[32m-               \"implementation\": [Function],\u001b[39m\n\u001b[32m-             },\u001b[39m\n\u001b[32m-             \"substr\": Object {\u001b[39m\n\u001b[32m-               \"implementation\": [Function],\u001b[39m\n\u001b[32m-             },\u001b[39m\n\u001b[32m-             \"toString\": Object {\u001b[39m\n\u001b[32m-               \"function\": Object {\u001b[39m\n\u001b[32m-                 \"implementation\": [Function],\u001b[39m\n\u001b[32m-               },\u001b[39m\n\u001b[32m-             },\u001b[39m\n\u001b[32m-           },\u001b[39m\n\u001b[32m-           \"type\": \"string\",\u001b[39m\n\u001b[32m-           \"value\": \"o\",\u001b[39m\n\u001b[32m-         },\u001b[39m\n\u001b[32m-         Object {\u001b[39m\n\u001b[32m-           \"properties\": Object {\u001b[39m\n\u001b[32m-             \"length\": Object {\u001b[39m\n\u001b[32m-               \"number\": 1,\u001b[39m\n\u001b[32m-             },\u001b[39m\n\u001b[32m-             \"split\": Object {\u001b[39m\n\u001b[32m-               \"implementation\": [Function],\u001b[39m\n\u001b[32m-             },\u001b[39m\n\u001b[32m-             \"substr\": Object {\u001b[39m\n\u001b[32m-               \"implementation\": [Function],\u001b[39m\n\u001b[32m-             },\u001b[39m\n\u001b[32m-             \"toString\": Object {\u001b[39m\n\u001b[32m-               \"function\": Object {\u001b[39m\n\u001b[32m-                 \"implementation\": [Function],\u001b[39m\n\u001b[32m-               },\u001b[39m\n\u001b[32m-             },\u001b[39m\n\u001b[32m-           },\u001b[39m\n\u001b[32m-           \"type\": \"string\",\u001b[39m\n\u001b[32m-           \"value\": \"W\",\u001b[39m\n\u001b[32m-         },\u001b[39m\n\u001b[32m-       ],\u001b[39m\n\u001b[32m-     },\u001b[39m\n\u001b[32m-     Object {\u001b[39m\n\u001b[32m-       \"concrete\": undefined,\u001b[39m\n\u001b[32m-       \"properties\": Object {\u001b[39m\n\u001b[32m-         \"join\": Object {\u001b[39m\n\u001b[32m-           \"implementation\": [Function],\u001b[39m\n\u001b[32m-         },\u001b[39m\n\u001b[32m-         \"length\": Object {},\u001b[39m\n\u001b[32m-         \"reverse\": Object {\u001b[39m\n\u001b[32m-           \"implementation\": [Function],\u001b[39m\n\u001b[32m-         },\u001b[39m\n\u001b[32m-       },\u001b[39m\n\u001b[32m-       \"type\": \"array\",\u001b[39m\n\u001b[32m-       \"value\": undefined,\u001b[39m\n\u001b[32m-     },\u001b[39m\n\u001b[32m-   ],\u001b[39m\n\u001b[31m+   \"type\": \"undefined\",\u001b[39m\n\u001b[2m  }\u001b[22m\n    at Object.toMatchInlineSnapshot (/Users/netanelgilad/Development/deaven/src/prophet-tests/evaluateCode.spec.ts:201:5)\n    at Object.asyncJestTest (/Users/netanelgilad/Development/deaven/node_modules/jest-jasmine2/build/jasmineAsyncInstall.js:102:37)\n    at resolve (/Users/netanelgilad/Development/deaven/node_modules/jest-jasmine2/build/queueRunner.js:41:12)\n    at new Promise (<anonymous>)\n    at mapper (/Users/netanelgilad/Development/deaven/node_modules/jest-jasmine2/build/queueRunner.js:26:19)\n    at promise.then (/Users/netanelgilad/Development/deaven/node_modules/jest-jasmine2/build/queueRunner.js:71:41)\n    at processTicksAndRejections (internal/process/next_tick.js:81:5)"
          ],
          "fullName": "5",
          "location": null,
          "numPassingAsserts": 0,
          "status": "failed",
          "title": "5"
        },
        {
          "ancestorTitles": [],
          "duration": 2,
          "failureMessages": [
            "Error: \u001b[2mexpect(\u001b[22m\u001b[31mvalue\u001b[39m\u001b[2m).toMatchSnapshot()\u001b[22m\n\n\u001b[31mReceived value\u001b[39m does not match \u001b[32mstored snapshot \"6 1\"\u001b[39m.\n\n\u001b[32m- Snapshot\u001b[39m\n\u001b[31m+ Received\u001b[39m\n\n\u001b[2m  Object {\u001b[22m\n\u001b[32m-   \"properties\": Object {\u001b[39m\n\u001b[32m-     \"length\": Object {\u001b[39m\n\u001b[32m-       \"gte\": 5,\u001b[39m\n\u001b[32m-     },\u001b[39m\n\u001b[32m-     \"split\": Object {\u001b[39m\n\u001b[32m-       \"implementation\": [Function],\u001b[39m\n\u001b[32m-     },\u001b[39m\n\u001b[32m-     \"substr\": Object {\u001b[39m\n\u001b[32m-       \"implementation\": [Function],\u001b[39m\n\u001b[32m-     },\u001b[39m\n\u001b[32m-     \"toString\": Object {\u001b[39m\n\u001b[32m-       \"function\": Object {\u001b[39m\n\u001b[32m-         \"implementation\": [Function],\u001b[39m\n\u001b[32m-       },\u001b[39m\n\u001b[32m-     },\u001b[39m\n\u001b[32m-   },\u001b[39m\n\u001b[32m-   \"type\": \"string\",\u001b[39m\n\u001b[32m-   \"value\": Array [\u001b[39m\n\u001b[32m-     Object {\u001b[39m\n\u001b[32m-       \"properties\": Object {\u001b[39m\n\u001b[32m-         \"length\": Object {},\u001b[39m\n\u001b[32m-         \"split\": Object {\u001b[39m\n\u001b[32m-           \"implementation\": [Function],\u001b[39m\n\u001b[32m-         },\u001b[39m\n\u001b[32m-         \"substr\": Object {\u001b[39m\n\u001b[32m-           \"implementation\": [Function],\u001b[39m\n\u001b[32m-         },\u001b[39m\n\u001b[32m-         \"toString\": Object {\u001b[39m\n\u001b[32m-           \"function\": Object {\u001b[39m\n\u001b[32m-             \"implementation\": [Function],\u001b[39m\n\u001b[32m-           },\u001b[39m\n\u001b[32m-         },\u001b[39m\n\u001b[32m-       },\u001b[39m\n\u001b[32m-       \"type\": \"string\",\u001b[39m\n\u001b[32m-       \"value\": \"dlroW\",\u001b[39m\n\u001b[32m-     },\u001b[39m\n\u001b[32m-     Object {\u001b[39m\n\u001b[32m-       \"properties\": Object {\u001b[39m\n\u001b[32m-         \"length\": Object {},\u001b[39m\n\u001b[32m-         \"split\": Object {\u001b[39m\n\u001b[32m-           \"implementation\": [Function],\u001b[39m\n\u001b[32m-         },\u001b[39m\n\u001b[32m-         \"substr\": Object {\u001b[39m\n\u001b[32m-           \"implementation\": [Function],\u001b[39m\n\u001b[32m-         },\u001b[39m\n\u001b[32m-         \"toString\": Object {\u001b[39m\n\u001b[32m-           \"function\": Object {\u001b[39m\n\u001b[32m-             \"implementation\": [Function],\u001b[39m\n\u001b[32m-           },\u001b[39m\n\u001b[32m-         },\u001b[39m\n\u001b[32m-       },\u001b[39m\n\u001b[32m-       \"type\": \"string\",\u001b[39m\n\u001b[32m-       \"value\": undefined,\u001b[39m\n\u001b[32m-     },\u001b[39m\n\u001b[32m-   ],\u001b[39m\n\u001b[31m+   \"type\": \"undefined\",\u001b[39m\n\u001b[2m  }\u001b[22m\n    at Object.toMatchInlineSnapshot (/Users/netanelgilad/Development/deaven/src/prophet-tests/evaluateCode.spec.ts:359:5)\n    at Object.asyncJestTest (/Users/netanelgilad/Development/deaven/node_modules/jest-jasmine2/build/jasmineAsyncInstall.js:102:37)\n    at resolve (/Users/netanelgilad/Development/deaven/node_modules/jest-jasmine2/build/queueRunner.js:41:12)\n    at new Promise (<anonymous>)\n    at mapper (/Users/netanelgilad/Development/deaven/node_modules/jest-jasmine2/build/queueRunner.js:26:19)\n    at promise.then (/Users/netanelgilad/Development/deaven/node_modules/jest-jasmine2/build/queueRunner.js:71:41)\n    at processTicksAndRejections (internal/process/next_tick.js:81:5)"
          ],
          "fullName": "6",
          "location": null,
          "numPassingAsserts": 0,
          "status": "failed",
          "title": "6"
        },
        {
          "ancestorTitles": [],
          "duration": 1,
          "failureMessages": [
            "Error: \u001b[2mexpect(\u001b[22m\u001b[31mvalue\u001b[39m\u001b[2m).toMatchSnapshot()\u001b[22m\n\n\u001b[31mReceived value\u001b[39m does not match \u001b[32mstored snapshot \"3 1\"\u001b[39m.\n\n\u001b[32m- Snapshot\u001b[39m\n\u001b[31m+ Received\u001b[39m\n\n\u001b[2m  Object {\u001b[22m\n\u001b[32m-   \"properties\": Object {\u001b[39m\n\u001b[32m-     \"length\": Object {\u001b[39m\n\u001b[32m-       \"number\": 2,\u001b[39m\n\u001b[32m-     },\u001b[39m\n\u001b[32m-     \"split\": Object {\u001b[39m\n\u001b[32m-       \"implementation\": [Function],\u001b[39m\n\u001b[32m-     },\u001b[39m\n\u001b[32m-     \"substr\": Object {\u001b[39m\n\u001b[32m-       \"implementation\": [Function],\u001b[39m\n\u001b[32m-     },\u001b[39m\n\u001b[32m-     \"toString\": Object {\u001b[39m\n\u001b[32m-       \"function\": Object {\u001b[39m\n\u001b[32m-         \"implementation\": [Function],\u001b[39m\n\u001b[32m-       },\u001b[39m\n\u001b[32m-     },\u001b[39m\n\u001b[32m-   },\u001b[39m\n\u001b[32m-   \"type\": \"string\",\u001b[39m\n\u001b[32m-   \"value\": \"dl\",\u001b[39m\n\u001b[31m+   \"type\": \"undefined\",\u001b[39m\n\u001b[2m  }\u001b[22m\n    at Object.toMatchInlineSnapshot (/Users/netanelgilad/Development/deaven/src/prophet-tests/evaluateCode.spec.ts:426:5)\n    at Object.asyncJestTest (/Users/netanelgilad/Development/deaven/node_modules/jest-jasmine2/build/jasmineAsyncInstall.js:102:37)\n    at resolve (/Users/netanelgilad/Development/deaven/node_modules/jest-jasmine2/build/queueRunner.js:41:12)\n    at new Promise (<anonymous>)\n    at mapper (/Users/netanelgilad/Development/deaven/node_modules/jest-jasmine2/build/queueRunner.js:26:19)\n    at promise.then (/Users/netanelgilad/Development/deaven/node_modules/jest-jasmine2/build/queueRunner.js:71:41)\n    at processTicksAndRejections (internal/process/next_tick.js:81:5)"
          ],
          "fullName": "3",
          "location": null,
          "numPassingAsserts": 0,
          "status": "failed",
          "title": "3"
        },
        {
          "ancestorTitles": [
            ".length"
          ],
          "duration": 5,
          "failureMessages": [
            "Error: \u001b[2mexpect(\u001b[22m\u001b[31mreceived\u001b[39m\u001b[2m).toEqual(\u001b[22m\u001b[32mexpected\u001b[39m\u001b[2m)\u001b[22m\n\nDifference:\n\n\u001b[32m- Expected\u001b[39m\n\u001b[31m+ Received\u001b[39m\n\n\u001b[2m  Object {\u001b[22m\n\u001b[32m-   \"gte\": 5,\u001b[39m\n\u001b[31m+   \"type\": \"undefined\",\u001b[39m\n\u001b[2m  }\u001b[22m\n    at Object.toEqual (/Users/netanelgilad/Development/deaven/src/prophet-tests/evaluateCode.spec.ts:457:7)\n    at Object.asyncJestTest (/Users/netanelgilad/Development/deaven/node_modules/jest-jasmine2/build/jasmineAsyncInstall.js:102:37)\n    at resolve (/Users/netanelgilad/Development/deaven/node_modules/jest-jasmine2/build/queueRunner.js:41:12)\n    at new Promise (<anonymous>)\n    at mapper (/Users/netanelgilad/Development/deaven/node_modules/jest-jasmine2/build/queueRunner.js:26:19)\n    at promise.then (/Users/netanelgilad/Development/deaven/node_modules/jest-jasmine2/build/queueRunner.js:71:41)\n    at processTicksAndRejections (internal/process/next_tick.js:81:5)"
          ],
          "fullName": ".length (prompt() + \"World\").split(\"\")",
          "location": null,
          "numPassingAsserts": 0,
          "status": "failed",
          "title": "(prompt() + \"World\").split(\"\")"
        },
        {
          "ancestorTitles": [
            ">"
          ],
          "duration": 1,
          "failureMessages": [
            "Error: \u001b[2mexpect(\u001b[22m\u001b[31mreceived\u001b[39m\u001b[2m).toEqual(\u001b[22m\u001b[32mexpected\u001b[39m\u001b[2m)\u001b[22m\n\nExpected: \u001b[32mtrue\u001b[39m\nReceived: \u001b[31m{\"type\": \"undefined\"}\u001b[39m\n    at Object.toEqual (/Users/netanelgilad/Development/deaven/src/prophet-tests/evaluateCode.spec.ts:470:7)\n    at Object.asyncJestTest (/Users/netanelgilad/Development/deaven/node_modules/jest-jasmine2/build/jasmineAsyncInstall.js:102:37)\n    at resolve (/Users/netanelgilad/Development/deaven/node_modules/jest-jasmine2/build/queueRunner.js:41:12)\n    at new Promise (<anonymous>)\n    at mapper (/Users/netanelgilad/Development/deaven/node_modules/jest-jasmine2/build/queueRunner.js:26:19)\n    at promise.then (/Users/netanelgilad/Development/deaven/node_modules/jest-jasmine2/build/queueRunner.js:71:41)\n    at processTicksAndRejections (internal/process/next_tick.js:81:5)"
          ],
          "fullName": "> (greaterThanEquals, number)",
          "location": null,
          "numPassingAsserts": 0,
          "status": "failed",
          "title": "(greaterThanEquals, number)"
        }
      ],
      "sourceMaps": {},
      "skipped": false,
      "displayName": "test",
      "leaks": false
    },
    {
      "console": [],
      "failureMessage": "\u001b[1m\u001b[31m  \u001b[1m● \u001b[1mnew operator › should return the this object with the prototype in place\u001b[39m\u001b[22m\n\n    \u001b[2mexpect(\u001b[22m\u001b[31mvalue\u001b[39m\u001b[2m).toMatchSnapshot()\u001b[22m\n\n    \u001b[31mReceived value\u001b[39m does not match \u001b[32mstored snapshot \"new operator should return the this object with the prototype in place 1\"\u001b[39m.\n\n    \u001b[32m- Snapshot\u001b[39m\n    \u001b[31m+ Received\u001b[39m\n\n    \u001b[2m  Object {\u001b[22m\n    \u001b[32m-   \"properties\": Object {\u001b[39m\n    \u001b[32m-     \"a\": Object {\u001b[39m\n    \u001b[32m-       \"number\": 1,\u001b[39m\n    \u001b[32m-     },\u001b[39m\n    \u001b[32m-     \"foo\": Object {\u001b[39m\n    \u001b[32m-       \"function\": Object {\u001b[39m\n    \u001b[32m-         \"implementation\": [Function],\u001b[39m\n    \u001b[32m-       },\u001b[39m\n    \u001b[32m-       \"properties\": Object {\u001b[39m\n    \u001b[32m-         \"prototype\": Object {\u001b[39m\n    \u001b[32m-           \"properties\": Object {},\u001b[39m\n    \u001b[32m-           \"type\": \"object\",\u001b[39m\n    \u001b[32m-           \"value\": undefined,\u001b[39m\n    \u001b[32m-         },\u001b[39m\n    \u001b[32m-       },\u001b[39m\n    \u001b[32m-     },\u001b[39m\n    \u001b[32m-   },\u001b[39m\n    \u001b[32m-   \"type\": \"object\",\u001b[39m\n    \u001b[32m-   \"value\": Object {\u001b[39m\n    \u001b[32m-     \"a\": Object {\u001b[39m\n    \u001b[32m-       \"number\": 1,\u001b[39m\n    \u001b[32m-     },\u001b[39m\n    \u001b[32m-     \"foo\": Object {\u001b[39m\n    \u001b[32m-       \"function\": Object {\u001b[39m\n    \u001b[32m-         \"implementation\": [Function],\u001b[39m\n    \u001b[32m-       },\u001b[39m\n    \u001b[32m-       \"properties\": Object {\u001b[39m\n    \u001b[32m-         \"prototype\": Object {\u001b[39m\n    \u001b[32m-           \"properties\": Object {},\u001b[39m\n    \u001b[32m-           \"type\": \"object\",\u001b[39m\n    \u001b[32m-           \"value\": undefined,\u001b[39m\n    \u001b[32m-         },\u001b[39m\n    \u001b[32m-       },\u001b[39m\n    \u001b[32m-     },\u001b[39m\n    \u001b[32m-   },\u001b[39m\n    \u001b[31m+   \"type\": \"undefined\",\u001b[39m\n    \u001b[2m  }\u001b[22m\n\u001b[2m\u001b[22m\n\u001b[2m    \u001b[0m \u001b[90m 25 | \u001b[39m        nodeInitialExecutionContext\u001b[0m\u001b[22m\n\u001b[2m    \u001b[0m \u001b[90m 26 | \u001b[39m      )[\u001b[35m0\u001b[39m]\u001b[0m\u001b[22m\n\u001b[2m    \u001b[0m\u001b[31m\u001b[1m>\u001b[2m\u001b[39m\u001b[90m 27 | \u001b[39m    )\u001b[33m.\u001b[39mtoMatchInlineSnapshot(\u001b[32m`\u001b[39m\u001b[0m\u001b[22m\n\u001b[2m    \u001b[0m \u001b[90m    | \u001b[39m      \u001b[31m\u001b[1m^\u001b[2m\u001b[39m\u001b[0m\u001b[22m\n\u001b[2m    \u001b[0m \u001b[90m 28 | \u001b[39m\u001b[32mObject {\u001b[39m\u001b[0m\u001b[22m\n\u001b[2m    \u001b[0m \u001b[90m 29 | \u001b[39m\u001b[32m  \"properties\": Object {\u001b[39m\u001b[0m\u001b[22m\n\u001b[2m    \u001b[0m \u001b[90m 30 | \u001b[39m\u001b[32m    \"a\": Object {\u001b[39m\u001b[0m\u001b[22m\n\u001b[2m\u001b[22m\n\u001b[2m      \u001b[2mat Object.toMatchInlineSnapshot (\u001b[2m\u001b[0m\u001b[36msrc/prophet-tests/new.spec.ts\u001b[39m\u001b[0m\u001b[2m:27:7)\u001b[2m\u001b[22m\n",
      "numFailingTests": 1,
      "numPassingTests": 0,
      "numPendingTests": 0,
      "numTodoTests": 0,
      "perfStats": {
        "end": 1550222978356,
        "start": 1550222977494
      },
      "snapshot": {
        "added": 0,
        "fileDeleted": false,
        "matched": 0,
        "unchecked": 0,
        "unmatched": 1,
        "updated": 0,
        "uncheckedKeys": []
      },
      "testFilePath": "/Users/netanelgilad/Development/deaven/src/prophet-tests/new.spec.ts",
      "testResults": [
        {
          "ancestorTitles": [
            "new operator"
          ],
          "duration": 5,
          "failureMessages": [
            "Error: \u001b[2mexpect(\u001b[22m\u001b[31mvalue\u001b[39m\u001b[2m).toMatchSnapshot()\u001b[22m\n\n\u001b[31mReceived value\u001b[39m does not match \u001b[32mstored snapshot \"new operator should return the this object with the prototype in place 1\"\u001b[39m.\n\n\u001b[32m- Snapshot\u001b[39m\n\u001b[31m+ Received\u001b[39m\n\n\u001b[2m  Object {\u001b[22m\n\u001b[32m-   \"properties\": Object {\u001b[39m\n\u001b[32m-     \"a\": Object {\u001b[39m\n\u001b[32m-       \"number\": 1,\u001b[39m\n\u001b[32m-     },\u001b[39m\n\u001b[32m-     \"foo\": Object {\u001b[39m\n\u001b[32m-       \"function\": Object {\u001b[39m\n\u001b[32m-         \"implementation\": [Function],\u001b[39m\n\u001b[32m-       },\u001b[39m\n\u001b[32m-       \"properties\": Object {\u001b[39m\n\u001b[32m-         \"prototype\": Object {\u001b[39m\n\u001b[32m-           \"properties\": Object {},\u001b[39m\n\u001b[32m-           \"type\": \"object\",\u001b[39m\n\u001b[32m-           \"value\": undefined,\u001b[39m\n\u001b[32m-         },\u001b[39m\n\u001b[32m-       },\u001b[39m\n\u001b[32m-     },\u001b[39m\n\u001b[32m-   },\u001b[39m\n\u001b[32m-   \"type\": \"object\",\u001b[39m\n\u001b[32m-   \"value\": Object {\u001b[39m\n\u001b[32m-     \"a\": Object {\u001b[39m\n\u001b[32m-       \"number\": 1,\u001b[39m\n\u001b[32m-     },\u001b[39m\n\u001b[32m-     \"foo\": Object {\u001b[39m\n\u001b[32m-       \"function\": Object {\u001b[39m\n\u001b[32m-         \"implementation\": [Function],\u001b[39m\n\u001b[32m-       },\u001b[39m\n\u001b[32m-       \"properties\": Object {\u001b[39m\n\u001b[32m-         \"prototype\": Object {\u001b[39m\n\u001b[32m-           \"properties\": Object {},\u001b[39m\n\u001b[32m-           \"type\": \"object\",\u001b[39m\n\u001b[32m-           \"value\": undefined,\u001b[39m\n\u001b[32m-         },\u001b[39m\n\u001b[32m-       },\u001b[39m\n\u001b[32m-     },\u001b[39m\n\u001b[32m-   },\u001b[39m\n\u001b[31m+   \"type\": \"undefined\",\u001b[39m\n\u001b[2m  }\u001b[22m\n    at Object.toMatchInlineSnapshot (/Users/netanelgilad/Development/deaven/src/prophet-tests/new.spec.ts:27:7)\n    at Object.asyncJestTest (/Users/netanelgilad/Development/deaven/node_modules/jest-jasmine2/build/jasmineAsyncInstall.js:102:37)\n    at resolve (/Users/netanelgilad/Development/deaven/node_modules/jest-jasmine2/build/queueRunner.js:41:12)\n    at new Promise (<anonymous>)\n    at mapper (/Users/netanelgilad/Development/deaven/node_modules/jest-jasmine2/build/queueRunner.js:26:19)\n    at promise.then (/Users/netanelgilad/Development/deaven/node_modules/jest-jasmine2/build/queueRunner.js:71:41)\n    at processTicksAndRejections (internal/process/next_tick.js:81:5)"
          ],
          "fullName": "new operator should return the this object with the prototype in place",
          "location": null,
          "numPassingAsserts": 0,
          "status": "failed",
          "title": "should return the this object with the prototype in place"
        }
      ],
      "sourceMaps": {},
      "skipped": false,
      "displayName": "test",
      "leaks": false
    },
    {
      "console": [],
      "failureMessage": "\u001b[1m\u001b[31m  \u001b[1m● \u001b[1mmacros › 1. macros\u001b[39m\u001b[22m\n\n    Cannot find module '../ast-bundle.macro' from '/Users/netanelgilad/Development/deaven/src/ast-bundle.macro-tests'\n\u001b[2m\u001b[22m\n\u001b[2m      \u001b[2mat Function.Object.<anonymous>.module.exports [as sync] (\u001b[2mnode_modules/resolve/lib/sync.js\u001b[2m:58:15)\u001b[2m\u001b[22m\n\u001b[2m      \u001b[2mat applyMacros (\u001b[2mnode_modules/babel-plugin-macros/dist/index.js\u001b[2m:182:29)\u001b[2m\u001b[22m\n\u001b[2m      \u001b[2mat ImportDeclaration (\u001b[2mnode_modules/babel-plugin-macros/dist/index.js\u001b[2m:95:26)\u001b[2m\u001b[22m\n\u001b[2m      \u001b[2mat NodePath._call (\u001b[2mnode_modules/@babel/traverse/lib/path/context.js\u001b[2m:53:20)\u001b[2m\u001b[22m\n\u001b[2m      \u001b[2mat NodePath.call (\u001b[2mnode_modules/@babel/traverse/lib/path/context.js\u001b[2m:40:17)\u001b[2m\u001b[22m\n\u001b[2m      \u001b[2mat NodePath.visit (\u001b[2mnode_modules/@babel/traverse/lib/path/context.js\u001b[2m:88:12)\u001b[2m\u001b[22m\n\u001b[2m      \u001b[2mat TraversalContext.visitQueue (\u001b[2mnode_modules/@babel/traverse/lib/context.js\u001b[2m:118:16)\u001b[2m\u001b[22m\n\u001b[2m      \u001b[2mat TraversalContext.visitMultiple (\u001b[2mnode_modules/@babel/traverse/lib/context.js\u001b[2m:85:17)\u001b[2m\u001b[22m\n\u001b[2m      \u001b[2mat TraversalContext.visit (\u001b[2mnode_modules/@babel/traverse/lib/context.js\u001b[2m:144:19)\u001b[2m\u001b[22m\n\u001b[2m      \u001b[2mat Function.Object.<anonymous>.traverse.node (\u001b[2mnode_modules/@babel/traverse/lib/index.js\u001b[2m:94:17)\u001b[2m\u001b[22m\n\u001b[2m      \u001b[2mat traverse (\u001b[2mnode_modules/@babel/traverse/lib/index.js\u001b[2m:76:12)\u001b[2m\u001b[22m\n\u001b[2m      \u001b[2mat NodePath.traverse (\u001b[2mnode_modules/@babel/traverse/lib/path/index.js\u001b[2m:161:24)\u001b[2m\u001b[22m\n\u001b[2m      \u001b[2mat PluginPass.Program (\u001b[2mnode_modules/babel-plugin-macros/dist/index.js\u001b[2m:74:18)\u001b[2m\u001b[22m\n\u001b[2m      \u001b[2mat newFn (\u001b[2mnode_modules/@babel/traverse/lib/visitors.js\u001b[2m:193:21)\u001b[2m\u001b[22m\n\u001b[2m      \u001b[2mat NodePath._call (\u001b[2mnode_modules/@babel/traverse/lib/path/context.js\u001b[2m:53:20)\u001b[2m\u001b[22m\n\u001b[2m      \u001b[2mat NodePath.call (\u001b[2mnode_modules/@babel/traverse/lib/path/context.js\u001b[2m:40:17)\u001b[2m\u001b[22m\n\u001b[2m      \u001b[2mat NodePath.visit (\u001b[2mnode_modules/@babel/traverse/lib/path/context.js\u001b[2m:88:12)\u001b[2m\u001b[22m\n\u001b[2m      \u001b[2mat TraversalContext.visitQueue (\u001b[2mnode_modules/@babel/traverse/lib/context.js\u001b[2m:118:16)\u001b[2m\u001b[22m\n\u001b[2m      \u001b[2mat TraversalContext.visitSingle (\u001b[2mnode_modules/@babel/traverse/lib/context.js\u001b[2m:90:19)\u001b[2m\u001b[22m\n\u001b[2m      \u001b[2mat TraversalContext.visit (\u001b[2mnode_modules/@babel/traverse/lib/context.js\u001b[2m:146:19)\u001b[2m\u001b[22m\n\u001b[2m      \u001b[2mat Function.Object.<anonymous>.traverse.node (\u001b[2mnode_modules/@babel/traverse/lib/index.js\u001b[2m:94:17)\u001b[2m\u001b[22m\n\u001b[2m      \u001b[2mat traverse (\u001b[2mnode_modules/@babel/traverse/lib/index.js\u001b[2m:76:12)\u001b[2m\u001b[22m\n\u001b[2m      \u001b[2mat transformFile (\u001b[2mnode_modules/@babel/core/lib/transformation/index.js\u001b[2m:88:29)\u001b[2m\u001b[22m\n\u001b[2m      \u001b[2mat runSync (\u001b[2mnode_modules/@babel/core/lib/transformation/index.js\u001b[2m:45:3)\u001b[2m\u001b[22m\n\u001b[2m      \u001b[2mat transformSync (\u001b[2mnode_modules/@babel/core/lib/transform.js\u001b[2m:43:38)\u001b[2m\u001b[22m\n\u001b[2m      \u001b[2mat Object.transform (\u001b[2mnode_modules/@babel/core/lib/transform.js\u001b[2m:22:38)\u001b[2m\u001b[22m\n\u001b[2m      \u001b[2mat tester (\u001b[2mnode_modules/babel-plugin-tester/dist/index.js\u001b[2m:176:39)\u001b[2m\u001b[22m\n\u001b[2m      \u001b[2mat Object.<anonymous> (\u001b[2mnode_modules/babel-plugin-tester/dist/index.js\u001b[2m:108:13)\u001b[2m\u001b[22m\n\u001b[2m      \u001b[2mat step (\u001b[2mnode_modules/babel-plugin-tester/dist/index.js\u001b[2m:37:191)\u001b[2m\u001b[22m\n\u001b[2m      \u001b[2mat \u001b[2mnode_modules/babel-plugin-tester/dist/index.js\u001b[2m:37:361\u001b[2m\u001b[22m\n\n\u001b[1m\u001b[31m  \u001b[1m● \u001b[1mmacros › 2. macros\u001b[39m\u001b[22m\n\n    @deaven/ast-bundle.macro: [BABEL] unknown: Configuration contains string/RegExp pattern, but no filename was passed to Babel Learn more: https://www.npmjs.com/package/@deaven/ast-bundle.macro\n\u001b[2m\u001b[22m\n\u001b[2m    \u001b[0m \u001b[90m 79 | \u001b[39m    \u001b[36mconst\u001b[39m {\u001b[0m\u001b[22m\n\u001b[2m    \u001b[0m \u001b[90m 80 | \u001b[39m      code\u001b[0m\u001b[22m\n\u001b[2m    \u001b[0m\u001b[31m\u001b[1m>\u001b[2m\u001b[39m\u001b[90m 81 | \u001b[39m    } \u001b[33m=\u001b[39m babel\u001b[33m.\u001b[39mtransformFromAstSync(ast)\u001b[33m;\u001b[39m\u001b[0m\u001b[22m\n\u001b[2m    \u001b[0m \u001b[90m    | \u001b[39m              \u001b[31m\u001b[1m^\u001b[2m\u001b[39m\u001b[0m\u001b[22m\n\u001b[2m    \u001b[0m \u001b[90m 82 | \u001b[39m    \u001b[36mconst\u001b[39m project \u001b[33m=\u001b[39m \u001b[36mnew\u001b[39m _tsSimpleAst\u001b[33m.\u001b[39m\u001b[33mProject\u001b[39m({\u001b[0m\u001b[22m\n\u001b[2m    \u001b[0m \u001b[90m 83 | \u001b[39m      compilerOptions\u001b[33m:\u001b[39m {\u001b[0m\u001b[22m\n\u001b[2m    \u001b[0m \u001b[90m 84 | \u001b[39m        module\u001b[33m:\u001b[39m _typescript\u001b[33m.\u001b[39m\u001b[33mModuleKind\u001b[39m\u001b[33m.\u001b[39m\u001b[33mCommonJS\u001b[39m\u001b[33m,\u001b[39m\u001b[0m\u001b[22m\n\u001b[2m\u001b[22m\n\u001b[2m      \u001b[2mat matchPattern (\u001b[2mnode_modules/@babel/core/lib/config/config-chain.js\u001b[2m:431:11)\u001b[2m\u001b[22m\n\u001b[2m      \u001b[2mat patterns.some.pattern (\u001b[2mnode_modules/@babel/core/lib/config/config-chain.js\u001b[2m:418:35)\u001b[2m\u001b[22m\n\u001b[2m          at Array.some (<anonymous>)\u001b[22m\n\u001b[2m      \u001b[2mat matchesPatterns (\u001b[2mnode_modules/@babel/core/lib/config/config-chain.js\u001b[2m:418:19)\u001b[2m\u001b[22m\n\u001b[2m      \u001b[2mat configFieldIsApplicable (\u001b[2mnode_modules/@babel/core/lib/config/config-chain.js\u001b[2m:400:10)\u001b[2m\u001b[22m\n\u001b[2m      \u001b[2mat configIsApplicable (\u001b[2mnode_modules/@babel/core/lib/config/config-chain.js\u001b[2m:395:41)\u001b[2m\u001b[22m\n\u001b[2m      \u001b[2mat forEach (\u001b[2mnode_modules/@babel/core/lib/config/config-chain.js\u001b[2m:256:13)\u001b[2m\u001b[22m\n\u001b[2m          at Array.forEach (<anonymous>)\u001b[22m\n\u001b[2m      \u001b[2mat \u001b[2mnode_modules/@babel/core/lib/config/config-chain.js\u001b[2m:253:42\u001b[2m\u001b[22m\n\u001b[2m      \u001b[2mat buildPresetChain (\u001b[2mnode_modules/@babel/core/lib/config/config-chain.js\u001b[2m:45:17)\u001b[2m\u001b[22m\n\u001b[2m      \u001b[2mat loadPresetDescriptor (\u001b[2mnode_modules/@babel/core/lib/config/full.js\u001b[2m:235:44)\u001b[2m\u001b[22m\n\u001b[2m      \u001b[2mat config.presets.reduce (\u001b[2mnode_modules/@babel/core/lib/config/full.js\u001b[2m:77:21)\u001b[2m\u001b[22m\n\u001b[2m          at Array.reduce (<anonymous>)\u001b[22m\n\u001b[2m      \u001b[2mat recurseDescriptors (\u001b[2mnode_modules/@babel/core/lib/config/full.js\u001b[2m:74:38)\u001b[2m\u001b[22m\n\u001b[2m      \u001b[2mat loadFullConfig (\u001b[2mnode_modules/@babel/core/lib/config/full.js\u001b[2m:108:6)\u001b[2m\u001b[22m\n\u001b[2m      \u001b[2mat Object.transformFromAstSync (\u001b[2mnode_modules/@babel/core/lib/transform-ast.js\u001b[2m:42:38)\u001b[2m\u001b[22m\n\u001b[2m      \u001b[2mat transformFromAstSync (\u001b[2mmacros-packages/ast-bundle.macro/index.js\u001b[2m:81:15)\u001b[2m\u001b[22m\n\u001b[2m      \u001b[2mat macroWrapper (\u001b[2mnode_modules/babel-plugin-macros/dist/index.js\u001b[2m:55:12)\u001b[2m\u001b[22m\n\u001b[2m      \u001b[2mat applyMacros (\u001b[2mnode_modules/babel-plugin-macros/dist/index.js\u001b[2m:208:14)\u001b[2m\u001b[22m\n\u001b[2m      \u001b[2mat ImportDeclaration (\u001b[2mnode_modules/babel-plugin-macros/dist/index.js\u001b[2m:95:26)\u001b[2m\u001b[22m\n\u001b[2m      \u001b[2mat NodePath._call (\u001b[2mnode_modules/@babel/traverse/lib/path/context.js\u001b[2m:53:20)\u001b[2m\u001b[22m\n\u001b[2m      \u001b[2mat NodePath.call (\u001b[2mnode_modules/@babel/traverse/lib/path/context.js\u001b[2m:40:17)\u001b[2m\u001b[22m\n\u001b[2m      \u001b[2mat NodePath.visit (\u001b[2mnode_modules/@babel/traverse/lib/path/context.js\u001b[2m:88:12)\u001b[2m\u001b[22m\n\u001b[2m      \u001b[2mat TraversalCon
[...]
          ],
          "fullName": "macros 5. macros",
          "location": null,
          "numPassingAsserts": 0,
          "status": "failed",
          "title": "5. macros"
        },
        {
          "ancestorTitles": [
            "macros"
          ],
          "duration": 6,
          "failureMessages": [
            "Error: Cannot find module '../ast-bundle.macro' from '/Users/netanelgilad/Development/deaven/src/ast-bundle.macro-tests'\n    at Function.Object.<anonymous>.module.exports [as sync] (/Users/netanelgilad/Development/deaven/node_modules/resolve/lib/sync.js:58:15)\n    at applyMacros (/Users/netanelgilad/Development/deaven/node_modules/babel-plugin-macros/dist/index.js:182:29)\n    at ImportDeclaration (/Users/netanelgilad/Development/deaven/node_modules/babel-plugin-macros/dist/index.js:95:26)\n    at NodePath._call (/Users/netanelgilad/Development/deaven/node_modules/@babel/traverse/lib/path/context.js:53:20)\n    at NodePath.call (/Users/netanelgilad/Development/deaven/node_modules/@babel/traverse/lib/path/context.js:40:17)\n    at NodePath.visit (/Users/netanelgilad/Development/deaven/node_modules/@babel/traverse/lib/path/context.js:88:12)\n    at TraversalContext.visitQueue (/Users/netanelgilad/Development/deaven/node_modules/@babel/traverse/lib/context.js:118:16)\n    at TraversalContext.visitMultiple (/Users/netanelgilad/Development/deaven/node_modules/@babel/traverse/lib/context.js:85:17)\n    at TraversalContext.visit (/Users/netanelgilad/Development/deaven/node_modules/@babel/traverse/lib/context.js:144:19)\n    at Function.Object.<anonymous>.traverse.node (/Users/netanelgilad/Development/deaven/node_modules/@babel/traverse/lib/index.js:94:17)\n    at traverse (/Users/netanelgilad/Development/deaven/node_modules/@babel/traverse/lib/index.js:76:12)\n    at NodePath.traverse (/Users/netanelgilad/Development/deaven/node_modules/@babel/traverse/lib/path/index.js:161:24)\n    at PluginPass.Program (/Users/netanelgilad/Development/deaven/node_modules/babel-plugin-macros/dist/index.js:74:18)\n    at newFn (/Users/netanelgilad/Development/deaven/node_modules/@babel/traverse/lib/visitors.js:193:21)\n    at NodePath._call (/Users/netanelgilad/Development/deaven/node_modules/@babel/traverse/lib/path/context.js:53:20)\n    at NodePath.call (/Users/netanelgilad/Development/deaven/node_modules/@babel/traverse/lib/path/context.js:40:17)\n    at NodePath.visit (/Users/netanelgilad/Development/deaven/node_modules/@babel/traverse/lib/path/context.js:88:12)\n    at TraversalContext.visitQueue (/Users/netanelgilad/Development/deaven/node_modules/@babel/traverse/lib/context.js:118:16)\n    at TraversalContext.visitSingle (/Users/netanelgilad/Development/deaven/node_modules/@babel/traverse/lib/context.js:90:19)\n    at TraversalContext.visit (/Users/netanelgilad/Development/deaven/node_modules/@babel/traverse/lib/context.js:146:19)\n    at Function.Object.<anonymous>.traverse.node (/Users/netanelgilad/Development/deaven/node_modules/@babel/traverse/lib/index.js:94:17)\n    at traverse (/Users/netanelgilad/Development/deaven/node_modules/@babel/traverse/lib/index.js:76:12)\n    at transformFile (/Users/netanelgilad/Development/deaven/node_modules/@babel/core/lib/transformation/index.js:88:29)\n    at runSync (/Users/netanelgilad/Development/deaven/node_modules/@babel/core/lib/transformation/index.js:45:3)\n    at transformSync (/Users/netanelgilad/Development/deaven/node_modules/@babel/core/lib/transform.js:43:38)\n    at Object.transform (/Users/netanelgilad/Development/deaven/node_modules/@babel/core/lib/transform.js:22:38)\n    at tester (/Users/netanelgilad/Development/deaven/node_modules/babel-plugin-tester/dist/index.js:176:39)\n    at Object.<anonymous> (/Users/netanelgilad/Development/deaven/node_modules/babel-plugin-tester/dist/index.js:108:13)\n    at Generator.next (<anonymous>)\n    at step (/Users/netanelgilad/Development/deaven/node_modules/babel-plugin-tester/dist/index.js:37:191)\n    at /Users/netanelgilad/Development/deaven/node_modules/babel-plugin-tester/dist/index.js:37:361\n    at processTicksAndRejections (internal/process/next_tick.js:81:5)"
          ],
          "fullName": "macros 6. macros",
          "location": null,
          "numPassingAsserts": 0,
          "status": "failed",
          "title": "6. macros"
        }
      ],
      "sourceMaps": {},
      "skipped": false,
      "displayName": "test",
      "leaks": false
    },
    {
      "console": [],
      "failureMessage": null,
      "numFailingTests": 0,
      "numPassingTests": 2,
      "numPendingTests": 0,
      "numTodoTests": 0,
      "perfStats": {
        "end": 1550222979284,
        "start": 1550222978415
      },
      "snapshot": {
        "added": 0,
        "fileDeleted": false,
        "matched": 0,
        "unchecked": 0,
        "unmatched": 0,
        "updated": 0,
        "uncheckedKeys": []
      },
      "testFilePath": "/Users/netanelgilad/Development/deaven/src/prophet-tests/errors.spec.ts",
      "testResults": [
        {
          "ancestorTitles": [
            "errors",
            "should return an execContext with an stderr with an error message"
          ],
          "duration": 2,
          "failureMessages": [],
          "fullName": "errors should return an execContext with an stderr with an error message when throw is a top level statement",
          "location": null,
          "numPassingAsserts": 0,
          "status": "passed",
          "title": "when throw is a top level statement"
        },
        {
          "ancestorTitles": [
            "errors",
            "should return an execContext with an stderr with an error message"
          ],
          "duration": 1,
          "failureMessages": [],
          "fullName": "errors should return an execContext with an stderr with an error message when throw is a statement inside a called function",
          "location": null,
          "numPassingAsserts": 0,
          "status": "passed",
          "title": "when throw is a statement inside a called function"
        }
      ],
      "sourceMaps": {},
      "skipped": false,
      "displayName": "test",
      "leaks": false
    },
    {
      "console": null,
      "displayName": "",
      "failureMessage": "  \u001b[1m● \u001b[22mTest suite failed to run\n\n    Cannot find module 'test262/package.json' from 'test262.spec.ts'\n\n    \u001b[0m \u001b[90m 13 | \u001b[39m  \u001b[32m\"language/statements/if/let-*-with-newline.js\"\u001b[39m\u001b[33m,\u001b[39m\u001b[0m\n    \u001b[0m \u001b[90m 14 | \u001b[39m  \u001b[32m\"language/types/boolean/S8.3_A{3,1_T{1,2}}.js\"\u001b[39m\u001b[33m,\u001b[39m\u001b[0m\n    \u001b[0m\u001b[31m\u001b[1m>\u001b[22m\u001b[39m\u001b[90m 15 | \u001b[39m  \u001b[32m\"built-ins/Boolean/S15.6.1.1_A1_T*.js\"\u001b[39m\u001b[33m,\u001b[39m\u001b[0m\n    \u001b[0m \u001b[90m    | \u001b[39m                                                            \u001b[31m\u001b[1m^\u001b[22m\u001b[39m\u001b[0m\n    \u001b[0m \u001b[90m 16 | \u001b[39m  \u001b[32m\"built-ins/Boolean/S15.6.1.1_A2.js\"\u001b[39m\u001b[33m,\u001b[39m\u001b[0m\n    \u001b[0m \u001b[90m 17 | \u001b[39m  \u001b[32m\"built-ins/Boolean/S15.6.2.1_A1.js\"\u001b[39m\u001b[0m\n    \u001b[0m \u001b[90m 18 | \u001b[39m]\u001b[33m;\u001b[39m\u001b[0m\n\n      \u001b[2mat Resolver.resolveModule (\u001b[22mnode_modules/jest-resolve/build/index.js\u001b[2m:203:17)\u001b[22m\n      \u001b[2mat Object.<anonymous> (\u001b[22m\u001b[0m\u001b[36msrc/prophet-tests/test262.spec.ts\u001b[39m\u001b[0m\u001b[2m:15:61)\u001b[22m\n",
      "leaks": false,
      "numFailingTests": 0,
      "numPassingTests": 0,
      "numPendingTests": 0,
      "numTodoTests": 0,
      "openHandles": [],
      "perfStats": {
        "end": 0,
        "start": 0
      },
      "skipped": false,
      "snapshot": {
        "added": 0,
        "fileDeleted": false,
        "matched": 0,
        "unchecked": 0,
        "uncheckedKeys": [],
        "unmatched": 0,
        "updated": 0
      },
      "sourceMaps": {},
      "testExecError": "Cannot find module 'test262/package.json' from 'test262.spec.ts'",
      "testFilePath": "/Users/netanelgilad/Development/deaven/src/prophet-tests/test262.spec.ts",
      "testResults": []
    },
    {
      "console": null,
      "numFailingTests": 0,
      "numPassingTests": 1,
      "numPendingTests": 0,
      "perfStats": {
        "end": 1550222982670,
        "start": 1550222979897
      },
      "snapshot": {
        "added": 0,
        "fileDeleted": false,
        "matched": 0,
        "unchecked": 0,
        "unmatched": 0,
        "updated": 0
      },
      "sourceMaps": {},
      "testExecError": null,
      "testFilePath": "/Users/netanelgilad/Development/deaven/packages/declarative/src/DirectorySyncAndTransform.ts",
      "testResults": [
        {
          "ancestorTitles": [],
          "duration": 2773,
          "failureMessages": [
            null
          ],
          "numPassingAsserts": 0,
          "status": "passed",
          "title": ""
        }
      ],
      "numTodoTests": 0
    },
    {
      "console": null,
      "numFailingTests": 0,
      "numPassingTests": 1,
      "numPendingTests": 0,
      "perfStats": {
        "end": 1550222982969,
        "start": 1550222982707
      },
      "snapshot": {
        "added": 0,
        "fileDeleted": false,
        "matched": 0,
        "unchecked": 0,
        "unmatched": 0,
        "updated": 0
      },
      "sourceMaps": {},
      "testExecError": null,
      "testFilePath": "/Users/netanelgilad/Development/deaven/packages/declarative/src/ConsoleLog.ts",
      "testResults": [
        {
          "ancestorTitles": [],
          "duration": 262,
          "failureMessages": [
            null
          ],
          "numPassingAsserts": 0,
          "status": "passed",
          "title": ""
        }
      ],
      "numTodoTests": 0
    },
    {
      "console": null,
      "numFailingTests": 0,
      "numPassingTests": 1,
      "numPendingTests": 0,
      "perfStats": {
        "end": 1550222983264,
        "start": 1550222983004
      },
      "snapshot": {
        "added": 0,
        "fileDeleted": false,
        "matched": 0,
        "unchecked": 0,
        "unmatched": 0,
        "updated": 0
      },
      "sourceMaps": {},
      "testExecError": null,
      "testFilePath": "/Users/netanelgilad/Development/deaven/packages/react-atoms/core/src/render.ts",
      "testResults": [
        {
          "ancestorTitles": [],
          "duration": 260,
          "failureMessages": [
            null
          ],
          "numPassingAsserts": 0,
          "status": "passed",
          "title": ""
        }
      ],
      "numTodoTests": 0
    },
    {
      "console": null,
      "numFailingTests": 0,
      "numPassingTests": 1,
      "numPendingTests": 0,
      "perfStats": {
        "end": 1550222983664,
        "start": 1550222983290
      },
      "snapshot": {
        "added": 0,
        "fileDeleted": false,
        "matched": 0,
        "unchecked": 0,
        "unmatched": 0,
        "updated": 0
      },
      "sourceMaps": {},
      "testExecError": null,
      "testFilePath": "/Users/netanelgilad/Development/deaven/packages/declarative/src/FileEvaluationWatcher.ts",
      "testResults": [
        {
          "ancestorTitles": [],
          "duration": 374,
          "failureMessages": [
            null
          ],
          "numPassingAsserts": 0,
          "status": "passed",
          "title": ""
        }
      ],
      "numTodoTests": 0
    },
    {
      "console": null,
      "numFailingTests": 0,
      "numPassingTests": 1,
      "numPendingTests": 0,
      "perfStats": {
        "end": 1550222983911,
        "start": 1550222983692
      },
      "snapshot": {
        "added": 0,
        "fileDeleted": false,
        "matched": 0,
        "unchecked": 0,
        "unmatched": 0,
        "updated": 0
      },
      "sourceMaps": {},
      "testExecError": null,
      "testFilePath": "/Users/netanelgilad/Development/deaven/packages/react-atoms/core/index.d.ts",
      "testResults": [
        {
          "ancestorTitles": [],
          "duration": 219,
          "failureMessages": [
            null
          ],
          "numPassingAsserts": 0,
          "status": "passed",
          "title": ""
        }
      ],
      "numTodoTests": 0
    },
    {
      "console": null,
      "numFailingTests": 0,
      "numPassingTests": 1,
      "numPendingTests": 0,
      "perfStats": {
        "end": 1550222984159,
        "start": 1550222983937
      },
      "snapshot": {
        "added": 0,
        "fileDeleted": false,
        "matched": 0,
        "unchecked": 0,
        "unmatched": 0,
        "updated": 0
      },
      "sourceMaps": {},
      "testExecError": null,
      "testFilePath": "/Users/netanelgilad/Development/deaven/packages/react-atoms/core/src/usePrevious.ts",
      "testResults": [
        {
          "ancestorTitles": [],
          "duration": 222,
          "failureMessages": [
            null
          ],
          "numPassingAsserts": 0,
          "status": "passed",
          "title": ""
        }
      ],
      "numTodoTests": 0
    },
    {
      "console": null,
      "numFailingTests": 0,
      "numPassingTests": 1,
      "numPendingTests": 0,
      "perfStats": {
        "end": 1550222984547,
        "start": 1550222984188
      },
      "snapshot": {
        "added": 0,
        "fileDeleted": false,
        "matched": 0,
        "unchecked": 0,
        "unmatched": 0,
        "updated": 0
      },
      "sourceMaps": {},
      "testExecError": null,
      "testFilePath": "/Users/netanelgilad/Development/deaven/packages/declarative/src/File.ts",
      "testResults": [
        {
          "ancestorTitles": [],
          "duration": 359,
          "failureMessages": [
            null
          ],
          "numPassingAsserts": 0,
          "status": "passed",
          "title": ""
        }
      ],
      "numTodoTests": 0
    },
    {
      "console": null,
      "numFailingTests": 0,
      "numPassingTests": 1,
      "numPendingTests": 0,
      "perfStats": {
        "end": 1550222985127,
        "start": 1550222984678
      },
      "snapshot": {
        "added": 0,
        "fileDeleted": false,
        "matched": 0,
        "unchecked": 0,
        "unmatched": 0,
        "updated": 0
      },
      "sourceMaps": {},
      "testExecError": null,
      "testFilePath": "/Users/netanelgilad/Development/deaven/packages/declarative/src/Project.ts",
      "testResults": [
        {
          "ancestorTitles": [],
          "duration": 449,
          "failureMessages": [
            null
          ],
          "numPassingAsserts": 0,
          "status": "passed",
          "title": ""
        }
      ],
      "numTodoTests": 0
    },
    {
      "console": null,
      "numFailingTests": 0,
      "numPassingTests": 1,
      "numPendingTests": 0,
      "perfStats": {
        "end": 1550222985471,
        "start": 1550222985159
      },
      "snapshot": {
        "added": 0,
        "fileDeleted": false,
        "matched": 0,
        "unchecked": 0,
        "unmatched": 0,
        "updated": 0
      },
      "sourceMaps": {},
      "testExecError": null,
      "testFilePath": "/Users/netanelgilad/Development/deaven/packages/react-atoms/core/src/HookComponent.ts",
      "testResults": [
        {
          "ancestorTitles": [],
          "duration": 312,
          "failureMessages": [
            null
          ],
          "numPassingAsserts": 0,
          "status": "passed",
          "title": ""
        }
      ],
      "numTodoTests": 0
    },
    {
      "console": null,
      "numFailingTests": 0,
      "numPassingTests": 1,
      "numPendingTests": 0,
      "perfStats": {
        "end": 1550222985865,
        "start": 1550222985503
      },
      "snapshot": {
        "added": 0,
        "fileDeleted": false,
        "matched": 0,
        "unchecked": 0,
        "unmatched": 0,
        "updated": 0
      },
      "sourceMaps": {},
      "testExecError": null,
      "testFilePath": "/Users/netanelgilad/Development/deaven/packages/react-atoms/core/src/index.ts",
      "testResults": [
        {
          "ancestorTitles": [],
          "duration": 362,
          "failureMessages": [
            null
          ],
          "numPassingAsserts": 0,
          "status": "passed",
          "title": ""
        }
      ],
      "numTodoTests": 0
    },
    {
      "console": null,
      "numFailingTests": 0,
      "numPassingTests": 1,
      "numPendingTests": 0,
      "perfStats": {
        "end": 1550222986252,
        "start": 1550222985891
      },
      "snapshot": {
        "added": 0,
        "fileDeleted": false,
        "matched": 0,
        "unchecked": 0,
        "unmatched": 0,
        "updated": 0
      },
      "sourceMaps": {},
      "testExecError": null,
      "testFilePath": "/Users/netanelgilad/Development/deaven/packages/declarative/src/DeavenPackage.ts",
      "testResults": [
        {
          "ancestorTitles": [],
          "duration": 361,
          "failureMessages": [
            null
          ],
          "numPassingAsserts": 0,
          "status": "passed",
          "title": ""
        }
      ],
      "numTodoTests": 0
    },
    {
      "console": null,
      "numFailingTests": 0,
      "numPassingTests": 1,
      "numPendingTests": 0,
      "perfStats": {
        "end": 1550222986629,
        "start": 1550222986290
      },
      "snapshot": {
        "added": 0,
        "fileDeleted": false,
        "matched": 0,
        "unchecked": 0,
        "unmatched": 0,
        "updated": 0
      },
      "sourceMaps": {},
      "testExecError": null,
      "testFilePath": "/Users/netanelgilad/Development/deaven/packages/react-atoms/core/src/NullRenderer.ts",
      "testResults": [
        {
          "ancestorTitles": [],
          "duration": 339,
          "failureMessages": [
            null
          ],
          "numPassingAsserts": 0,
          "status": "passed",
          "title": ""
        }
      ],
      "numTodoTests": 0
    },
    {
      "console": null,
      "numFailingTests": 0,
      "numPassingTests": 1,
      "numPendingTests": 0,
      "perfStats": {
        "end": 1550222986975,
        "start": 1550222986659
      },
      "snapshot": {
        "added": 0,
        "fileDeleted": false,
        "matched": 0,
        "unchecked": 0,
        "unmatched": 0,
        "updated": 0
      },
      "sourceMaps": {},
      "testExecError": null,
      "testFilePath": "/Users/netanelgilad/Development/deaven/packages/declarative/src/Directory.ts",
      "testResults": [
        {
          "ancestorTitles": [],
          "duration": 316,
          "failureMessages": [
            null
          ],
          "numPassingAsserts": 0,
          "status": "passed",
          "title": ""
        }
      ],
      "numTodoTests": 0
    }
  ],
  "wasInterrupted": false
}